{"target": 3.2251150608062744, "params": {"x1": 0.0, "x2": 0.0, "x3": 0.0, "x4": 0.009740494776132171, "x5": 0.016, "x6": 0.009153375280766197, "x7": 0.0, "x8": 0.016}, "datetime": {"datetime": "2022-06-27 10:36:20", "elapsed": 75.151606, "delta": 0.495197}}
{"target": 3.3132665157318115, "params": {"x1": 0.0, "x2": 0.0, "x3": 0.016, "x4": 0.0, "x5": 0.011680978193860912, "x6": 0.011162194775015654, "x7": 0.0, "x8": 0.016}, "datetime": {"datetime": "2022-06-27 10:36:20", "elapsed": 75.715261, "delta": 0.563655}}
{"target": 3.036480665206909, "params": {"x1": 0.0, "x2": 0.016, "x3": 0.0, "x4": 0.016, "x5": 0.016, "x6": 0.0, "x7": 0.0, "x8": 0.016}, "datetime": {"datetime": "2022-06-27 10:36:21", "elapsed": 76.127149, "delta": 0.411888}}
{"target": 3.2994070053100586, "params": {"x1": 0.0, "x2": 0.0, "x3": 0.016, "x4": 0.0, "x5": 0.016, "x6": 0.007486920220735458, "x7": 0.0, "x8": 0.0}, "datetime": {"datetime": "2022-06-27 10:36:21", "elapsed": 76.581775, "delta": 0.454626}}
{"target": 2.814159870147705, "params": {"x1": 0.0002537497616255564, "x2": 0.014751488231548236, "x3": 0.015565087283820814, "x4": 0.0002989883382998357, "x5": 0.011987391593261213, "x6": 0.007257656146480473, "x7": 0.0005601980370850264, "x8": 0.014810003674010681}, "datetime": {"datetime": "2022-06-27 10:36:21", "elapsed": 76.863342, "delta": 0.281567}}
{"target": 1.0525329113006592, "params": {"x1": 0.015976888904251973, "x2": 0.0032666272195591975, "x3": 0.015501094416580553, "x4": 0.006575030068647957, "x5": 0.0010303434194404116, "x6": 0.003392686114526242, "x7": 0.013686518789772877, "x8": 0.004275292016582931}, "datetime": {"datetime": "2022-06-27 10:36:22", "elapsed": 77.119816, "delta": 0.256474}}
{"target": 3.030343770980835, "params": {"x1": 0.0, "x2": 0.016, "x3": 0.0, "x4": 0.016, "x5": 0.016, "x6": 0.0, "x7": 0.0, "x8": 0.0}, "datetime": {"datetime": "2022-06-27 10:36:22", "elapsed": 77.84749, "delta": 0.727674}}
{"target": 1.90391206741333, "params": {"x1": 0.002621660031353647, "x2": 0.007401583156683883, "x3": 0.004411493178744591, "x4": 0.01386248927622579, "x5": 0.0026170231024562085, "x6": 0.011149691850892006, "x7": 0.0007530920034229584, "x8": 0.008043551931818728}, "datetime": {"datetime": "2022-06-27 10:36:23", "elapsed": 78.318974, "delta": 0.471484}}
{"target": 3.0541422367095947, "params": {"x1": 0.0, "x2": 0.016, "x3": 0.0, "x4": 0.016, "x5": 0.0, "x6": 0.0, "x7": 0.0, "x8": 0.0}, "datetime": {"datetime": "2022-06-27 10:36:23", "elapsed": 78.865753, "delta": 0.546779}}
{"target": 1.1393935680389404, "params": {"x1": 0.011079934647871407, "x2": 0.0005505070604083109, "x3": 0.0015357413432654887, "x4": 0.01478301905710447, "x5": 0.014887067297020426, "x6": 0.008155858062811362, "x7": 0.012654627132116661, "x8": 0.014143048169235877}, "datetime": {"datetime": "2022-06-27 10:36:24", "elapsed": 79.128067, "delta": 0.262314}}
{"target": 0.9692643284797668, "params": {"x1": 0.011617269347174624, "x2": 0.0017087857662833503, "x3": 0.00408997079507126, "x4": 5.128115740646777e-05, "x5": 0.0018942191486314962, "x6": 0.013807187846382716, "x7": 0.015968694450378348, "x8": 0.011696182543752133}, "datetime": {"datetime": "2022-06-27 10:36:24", "elapsed": 79.378004, "delta": 0.249937}}
{"target": 3.291097640991211, "params": {"x1": 0.0, "x2": 0.0, "x3": 0.016, "x4": 0.009568366406909171, "x5": 0.016, "x6": 0.009967512129819537, "x7": 0.0, "x8": 0.016}, "datetime": {"datetime": "2022-06-27 10:36:25", "elapsed": 80.110116, "delta": 0.732112}}
{"target": 0.8850713968276978, "params": {"x1": 0.010592109111495883, "x2": 0.010696024755915854, "x3": 0.008969248439278698, "x4": 0.015448720224715847, "x5": 0.0016054445768635315, "x6": 0.008017285575768801, "x7": 0.011506356096489423, "x8": 0.0008181330080091414}, "datetime": {"datetime": "2022-06-27 10:36:25", "elapsed": 80.40931, "delta": 0.299194}}
{"target": 0.9868854284286499, "params": {"x1": 0.007479465002200028, "x2": 0.0038758689053484544, "x3": 0.010203804059917406, "x4": 0.0096923957722949, "x5": 0.0022809733883363634, "x6": 0.013947233163329936, "x7": 0.014078771688667968, "x8": 0.011399099183712643}, "datetime": {"datetime": "2022-06-27 10:36:25", "elapsed": 80.747466, "delta": 0.338156}}
{"target": 2.528515577316284, "params": {"x1": 0.0020127630039833092, "x2": 0.0019255965654315936, "x3": 0.003106995991879318, "x4": 0.014630692305829727, "x5": 0.006485591959647554, "x6": 0.01535777475586199, "x7": 0.0001500877182850733, "x8": 0.0043521846943594174}, "datetime": {"datetime": "2022-06-27 10:36:26", "elapsed": 81.11227, "delta": 0.364804}}
{"target": 3.154810905456543, "params": {"x1": 0.0, "x2": 0.016, "x3": 0.016, "x4": 0.009313074552790724, "x5": 0.016, "x6": 0.008613779011247083, "x7": 0.0, "x8": 0.016}, "datetime": {"datetime": "2022-06-27 10:36:26", "elapsed": 81.610525, "delta": 0.498255}}
{"target": 1.5070281028747559, "params": {"x1": 0.012496595499804412, "x2": 0.0045668674706913675, "x3": 0.01124063017987905, "x4": 0.0007179298476806651, "x5": 0.0019220463830873823, "x6": 0.0005108755610228072, "x7": 0.0022323548384905563, "x8": 0.009176978918003136}, "datetime": {"datetime": "2022-06-27 10:36:26", "elapsed": 81.958726, "delta": 0.348201}}
{"target": 1.3329907655715942, "params": {"x1": 0.014140551139121346, "x2": 0.015900228877772097, "x3": 0.01164862065112147, "x4": 0.014686127572872113, "x5": 0.009251264386153542, "x6": 0.005850180072588534, "x7": 0.0030228158958209746, "x8": 0.01481776769837339}, "datetime": {"datetime": "2022-06-27 10:36:27", "elapsed": 82.318328, "delta": 0.359602}}
{"target": 3.290647268295288, "params": {"x1": 0.0, "x2": 0.0, "x3": 0.016, "x4": 0.0, "x5": 0.016, "x6": 0.016, "x7": 0.0, "x8": 0.007363847752930126}, "datetime": {"datetime": "2022-06-27 10:36:28", "elapsed": 83.141064, "delta": 0.822736}}
{"target": 1.6093581914901733, "params": {"x1": 0.0018709901662409755, "x2": 0.007678102229169037, "x3": 0.015219304374871822, "x4": 0.005044323006978358, "x5": 0.009393912853616244, "x6": 0.00489473033400499, "x7": 0.013054312791772656, "x8": 0.006505274835228624}, "datetime": {"datetime": "2022-06-27 10:36:28", "elapsed": 83.43167, "delta": 0.290606}}
{"target": 1.2297158241271973, "params": {"x1": 0.011054643078703224, "x2": 0.0022164584913848505, "x3": 0.005460598989292636, "x4": 0.0026397302897833708, "x5": 0.00018518090366696072, "x6": 0.006245838841776685, "x7": 0.006816707044785428, "x8": 0.011986110391349876}, "datetime": {"datetime": "2022-06-27 10:36:28", "elapsed": 83.911107, "delta": 0.479437}}
{"target": 3.1398205757141113, "params": {"x1": 0.000262870472898971, "x2": 5.3298863676747745e-05, "x3": 0.009142212266452662, "x4": 0.013932129780315716, "x5": 0.008313371976099007, "x6": 0.009603365807828373, "x7": 3.541537609405054e-05, "x8": 0.014069594367417169}, "datetime": {"datetime": "2022-06-27 10:36:29", "elapsed": 84.580638, "delta": 0.669531}}
{"target": 3.2872726917266846, "params": {"x1": 0.0, "x2": 0.0, "x3": 0.009681020751240868, "x4": 0.013015581465615097, "x5": 0.004047331911051098, "x6": 0.016, "x7": 0.0, "x8": 0.010600913150744127}, "datetime": {"datetime": "2022-06-27 10:36:30", "elapsed": 85.338842, "delta": 0.758204}}
{"target": 1.7457741498947144, "params": {"x1": 0.015305599592000823, "x2": 0.0029340742998858363, "x3": 0.005322479638864545, "x4": 0.011941652064565218, "x5": 0.008683442945736182, "x6": 0.014665222935508114, "x7": 0.0016425431451098991, "x8": 0.002580607184653237}, "datetime": {"datetime": "2022-06-27 10:36:30", "elapsed": 85.732659, "delta": 0.393817}}
{"target": 3.330622911453247, "params": {"x1": 0.0, "x2": 0.0, "x3": 0.0, "x4": 0.010035534536825963, "x5": 0.0, "x6": 0.0, "x7": 0.0, "x8": 0.0079671948491941}, "datetime": {"datetime": "2022-06-27 10:36:31", "elapsed": 86.270023, "delta": 0.537364}}
{"target": 3.2811942100524902, "params": {"x1": 0.0, "x2": 0.0, "x3": 0.0, "x4": 0.0, "x5": 0.0, "x6": 0.01094401441730046, "x7": 0.0, "x8": 0.010679234186241256}, "datetime": {"datetime": "2022-06-27 10:36:31", "elapsed": 86.979653, "delta": 0.70963}}
{"target": 3.0427684783935547, "params": {"x1": 8.886036049730705e-05, "x2": 0.009257998759373415, "x3": 0.008698893383696359, "x4": 0.013035558453592349, "x5": 0.011355376275968101, "x6": 0.01335130172468899, "x7": 6.219584223824982e-05, "x8": 0.011072178279221072}, "datetime": {"datetime": "2022-06-27 10:36:32", "elapsed": 87.421457, "delta": 0.441804}}
{"target": 1.3078073263168335, "params": {"x1": 0.0044800159315936255, "x2": 0.004438093423434888, "x3": 0.013246191499503897, "x4": 0.00295037909417473, "x5": 0.011764495713857539, "x6": 0.009424310635316435, "x7": 0.006636415142956883, "x8": 0.010349431310140681}, "datetime": {"datetime": "2022-06-27 10:36:32", "elapsed": 87.693288, "delta": 0.271831}}
{"target": 3.2723803520202637, "params": {"x1": 0.0, "x2": 0.0, "x3": 0.0, "x4": 0.011108793982325423, "x5": 0.0074909697149412495, "x6": 0.009779148148312326, "x7": 0.0, "x8": 0.008837154985593936}, "datetime": {"datetime": "2022-06-27 10:36:33", "elapsed": 88.243272, "delta": 0.549984}}
{"target": 3.3064589500427246, "params": {"x1": 0.0, "x2": 0.0, "x3": 0.016, "x4": 0.008593177036550877, "x5": 0.003650914521114767, "x6": 0.016, "x7": 0.0, "x8": 0.016}, "datetime": {"datetime": "2022-06-27 10:36:34", "elapsed": 89.241348, "delta": 0.998076}}
{"target": 3.2348556518554688, "params": {"x1": 0.0, "x2": 0.0, "x3": 0.0, "x4": 0.008514210663576967, "x5": 0.0, "x6": 0.016, "x7": 0.0, "x8": 0.016}, "datetime": {"datetime": "2022-06-27 10:36:34", "elapsed": 89.894515, "delta": 0.653167}}
{"target": 3.256615400314331, "params": {"x1": 0.0, "x2": 0.0, "x3": 0.0, "x4": 0.0, "x5": 0.0045380777031535395, "x6": 0.0, "x7": 0.0, "x8": 0.005587706052964453}, "datetime": {"datetime": "2022-06-27 10:36:35", "elapsed": 90.466092, "delta": 0.571577}}
{"target": 3.2658138275146484, "params": {"x1": 0.0, "x2": 0.0, "x3": 0.016, "x4": 0.00778382581071362, "x5": 0.011447512888879945, "x6": 0.016, "x7": 0.0, "x8": 0.011156824627597556}, "datetime": {"datetime": "2022-06-27 10:36:36", "elapsed": 91.242032, "delta": 0.77594}}
{"target": 0.9934051036834717, "params": {"x1": 0.015674422869511068, "x2": 0.004671465193835909, "x3": 0.00219121227390178, "x4": 0.01594513761975357, "x5": 0.00846198960925978, "x6": 0.0013298278197145113, "x7": 0.013162777513591418, "x8": 0.003758840717885665}, "datetime": {"datetime": "2022-06-27 10:36:36", "elapsed": 91.559174, "delta": 0.317142}}
{"target": 0.9312848448753357, "params": {"x1": 0.012595648328070303, "x2": 0.0063565550889844325, "x3": 0.010205709443668325, "x4": 0.013637704545771711, "x5": 0.014967343526266469, "x6": 0.010848043249966462, "x7": 0.014634030915420704, "x8": 0.009294967764125795}, "datetime": {"datetime": "2022-06-27 10:36:36", "elapsed": 91.865016, "delta": 0.305842}}
{"target": 1.262520670890808, "params": {"x1": 0.0026838061191195844, "x2": 0.012217403457751663, "x3": 0.01163373870503068, "x4": 0.011347162760668331, "x5": 0.008954795110826263, "x6": 0.0037031086027065146, "x7": 0.008003293223365505, "x8": 0.011486461412767763}, "datetime": {"datetime": "2022-06-27 10:36:37", "elapsed": 92.205032, "delta": 0.340016}}
{"target": 3.2370548248291016, "params": {"x1": 0.0, "x2": 0.0, "x3": 0.008955607487291562, "x4": 0.0, "x5": 0.016, "x6": 0.016, "x7": 0.0, "x8": 0.0}, "datetime": {"datetime": "2022-06-27 10:36:37", "elapsed": 92.870485, "delta": 0.665453}}
{"target": 0.9377048015594482, "params": {"x1": 0.012682891308745135, "x2": 0.007828104500051836, "x3": 0.008210730144356373, "x4": 0.0038251558680691498, "x5": 0.004789876428780725, "x6": 0.015241799560001695, "x7": 0.011443415036931989, "x8": 0.0018121035228791111}, "datetime": {"datetime": "2022-06-27 10:36:38", "elapsed": 93.238995, "delta": 0.36851}}
{"target": 3.411043882369995, "params": {"x1": 0.0, "x2": 0.0, "x3": 0.016, "x4": 0.0, "x5": 0.0, "x6": 0.0, "x7": 0.0, "x8": 0.008032778113953}, "datetime": {"datetime": "2022-06-27 10:36:38", "elapsed": 94.024647, "delta": 0.785652}}
{"target": 3.0516104698181152, "params": {"x1": 0.0, "x2": 0.016, "x3": 0.0, "x4": 0.016, "x5": 0.0, "x6": 0.016, "x7": 0.0, "x8": 0.0}, "datetime": {"datetime": "2022-06-27 10:36:39", "elapsed": 94.688307, "delta": 0.66366}}
{"target": 1.7710283994674683, "params": {"x1": 0.0006286092570480477, "x2": 0.01281236921628649, "x3": 0.014406278616349218, "x4": 0.011423899963766393, "x5": 0.00809676749645239, "x6": 0.0017961898078846712, "x7": 0.0067096798644739625, "x8": 0.002954525224717898}, "datetime": {"datetime": "2022-06-27 10:36:40", "elapsed": 95.089228, "delta": 0.400921}}
{"target": 3.1789350509643555, "params": {"x1": 0.0, "x2": 0.008136459812646437, "x3": 0.007684333306102809, "x4": 0.011399115584483002, "x5": 0.0030252549379632785, "x6": 0.016, "x7": 0.0, "x8": 0.016}, "datetime": {"datetime": "2022-06-27 10:36:40", "elapsed": 95.827194, "delta": 0.737966}}
{"target": 3.0938923358917236, "params": {"x1": 0.0, "x2": 0.016, "x3": 0.016, "x4": 0.016, "x5": 0.016, "x6": 0.016, "x7": 0.0, "x8": 0.0}, "datetime": {"datetime": "2022-06-27 10:36:41", "elapsed": 96.6006, "delta": 0.773406}}
{"target": 3.176013231277466, "params": {"x1": 0.0, "x2": 0.009670612885397355, "x3": 0.0, "x4": 0.010159809036592391, "x5": 0.0, "x6": 0.0, "x7": 0.0, "x8": 0.010468126061598729}, "datetime": {"datetime": "2022-06-27 10:36:42", "elapsed": 97.428259, "delta": 0.827659}}
{"target": 2.3161373138427734, "params": {"x1": 8.564847234889328e-05, "x2": 0.01505062702307461, "x3": 0.0011365678652005596, "x4": 0.006554228340049823, "x5": 0.01029328632246002, "x6": 0.009374039041795736, "x7": 0.004585686444509196, "x8": 0.015209245822279106}, "datetime": {"datetime": "2022-06-27 10:36:42", "elapsed": 97.804789, "delta": 0.37653}}
{"target": 3.333125591278076, "params": {"x1": 0.0, "x2": 0.0, "x3": 0.016, "x4": 0.0, "x5": 0.0, "x6": 0.016, "x7": 0.0, "x8": 0.0093384989768299}, "datetime": {"datetime": "2022-06-27 10:36:43", "elapsed": 98.387726, "delta": 0.582937}}
{"target": 1.0756858587265015, "params": {"x1": 0.014863825362787268, "x2": 0.014655529921618426, "x3": 0.013490111874916501, "x4": 0.005583610294150638, "x5": 0.0018095407401561658, "x6": 0.0094183633344128, "x7": 0.007114589114715711, "x8": 0.015014944133005895}, "datetime": {"datetime": "2022-06-27 10:36:43", "elapsed": 98.673502, "delta": 0.285776}}
{"target": 1.4614732265472412, "params": {"x1": 0.013463841500979823, "x2": 0.009916146717170067, "x3": 0.002735685122306304, "x4": 0.00897907437374276, "x5": 0.011451703371594337, "x6": 0.011170112811561774, "x7": 0.0025600199208897383, "x8": 0.0020280052498644636}, "datetime": {"datetime": "2022-06-27 10:36:43", "elapsed": 98.962095, "delta": 0.288593}}
{"target": 3.2873618602752686, "params": {"x1": 0.0, "x2": 0.0, "x3": 0.008446625351096094, "x4": 0.0, "x5": 0.0, "x6": 0.0, "x7": 0.0, "x8": 0.011142606129605942}, "datetime": {"datetime": "2022-06-27 10:36:44", "elapsed": 99.528613, "delta": 0.566518}}
{"target": 3.2967774868011475, "params": {"x1": 0.0, "x2": 0.0061566664202189515, "x3": 0.016, "x4": 0.0, "x5": 0.0, "x6": 0.0, "x7": 0.0, "x8": 0.0}, "datetime": {"datetime": "2022-06-27 10:36:45", "elapsed": 100.332316, "delta": 0.803703}}
{"target": 0.9023393988609314, "params": {"x1": 0.008276820676664411, "x2": 0.007857478903475892, "x3": 0.007655958562210875, "x4": 0.012599011370796932, "x5": 0.005221648121553198, "x6": 0.011124360130733028, "x7": 0.010325710019048764, "x8": 0.005257756007892464}, "datetime": {"datetime": "2022-06-27 10:36:45", "elapsed": 100.644642, "delta": 0.312326}}
{"target": 0.9593836665153503, "params": {"x1": 0.011295202029004164, "x2": 0.0007935569116971753, "x3": 0.010341920372965423, "x4": 0.00401538561090441, "x5": 0.00011221873451973253, "x6": 0.009911746975683113, "x7": 0.012195945530270948, "x8": 0.003112074593194379}, "datetime": {"datetime": "2022-06-27 10:36:45", "elapsed": 100.944151, "delta": 0.299509}}
{"target": 1.154842734336853, "params": {"x1": 0.009121290145303029, "x2": 0.005914283402168945, "x3": 0.008608617980783898, "x4": 0.005298420792872851, "x5": 0.011727972695001915, "x6": 0.008250176207345777, "x7": 0.006224466631547162, "x8": 0.0019501242511406982}, "datetime": {"datetime": "2022-06-27 10:36:46", "elapsed": 101.25106, "delta": 0.306909}}
{"target": 3.2502665519714355, "params": {"x1": 0.0, "x2": 0.0, "x3": 0.016, "x4": 0.016, "x5": 0.016, "x6": 0.00794025469017928, "x7": 0.0, "x8": 0.016}, "datetime": {"datetime": "2022-06-27 10:36:46", "elapsed": 101.76939, "delta": 0.51833}}
{"target": 1.61031973361969, "params": {"x1": 0.005858621785449012, "x2": 0.0014383257546359866, "x3": 0.011601561632527381, "x4": 0.01301831147115765, "x5": 0.015338413579510898, "x6": 0.009513576294630836, "x7": 0.002600560252648693, "x8": 0.012144382777351114}, "datetime": {"datetime": "2022-06-27 10:36:47", "elapsed": 102.143217, "delta": 0.373827}}
{"target": 1.47052001953125, "params": {"x1": 0.0013602649041966526, "x2": 0.009060903632275966, "x3": 0.0074583133727014255, "x4": 0.007776673580941002, "x5": 0.0053091506733398625, "x6": 0.0012042231198701253, "x7": 0.009106051157507922, "x8": 0.015554676779486392}, "datetime": {"datetime": "2022-06-27 10:36:47", "elapsed": 102.479411, "delta": 0.336194}}
{"target": 3.2795755863189697, "params": {"x1": 0.0, "x2": 0.0, "x3": 0.016, "x4": 0.008074434941411706, "x5": 0.016, "x6": 0.0, "x7": 0.0, "x8": 0.016}, "datetime": {"datetime": "2022-06-27 10:36:48", "elapsed": 103.540221, "delta": 1.06081}}
{"target": 3.060922622680664, "params": {"x1": 0.0, "x2": 0.016, "x3": 0.0, "x4": 0.007527356542808072, "x5": 0.0, "x6": 0.016, "x7": 0.0, "x8": 0.007369076066594}, "datetime": {"datetime": "2022-06-27 10:36:49", "elapsed": 104.146664, "delta": 0.606443}}
{"target": 1.0418713092803955, "params": {"x1": 0.008502525779572162, "x2": 0.005538522971020325, "x3": 0.008463942720108182, "x4": 0.015932437734520362, "x5": 0.01574055414001845, "x6": 0.006453374569595216, "x7": 0.01226020637527546, "x8": 0.0024136217133638098}, "datetime": {"datetime": "2022-06-27 10:36:49", "elapsed": 104.461715, "delta": 0.315051}}
{"target": 3.3033759593963623, "params": {"x1": 0.0, "x2": 0.0, "x3": 0.016, "x4": 0.008185552047353068, "x5": 0.0, "x6": 0.0, "x7": 0.0, "x8": 0.016}, "datetime": {"datetime": "2022-06-27 10:36:50", "elapsed": 105.112043, "delta": 0.650328}}
{"target": 3.2057390213012695, "params": {"x1": 0.0, "x2": 0.007845414965347085, "x3": 0.016, "x4": 0.013791971594816068, "x5": 0.016, "x6": 0.008799555745573853, "x7": 0.0, "x8": 0.0}, "datetime": {"datetime": "2022-06-27 10:36:50", "elapsed": 106.01821, "delta": 0.906167}}
{"target": 0.9929866194725037, "params": {"x1": 0.006395205573089703, "x2": 0.012231825064214852, "x3": 0.010727341812069536, "x4": 0.008703035313255992, "x5": 0.0001007137075284188, "x6": 0.005330216661160859, "x7": 0.00882622730176437, "x8": 0.0057516912546148975}, "datetime": {"datetime": "2022-06-27 10:36:51", "elapsed": 106.325485, "delta": 0.307275}}
{"target": 3.226271390914917, "params": {"x1": 0.0, "x2": 0.007305138963734712, "x3": 0.016, "x4": 0.0, "x5": 0.011492610068903062, "x6": 0.006952126777513081, "x7": 0.0, "x8": 0.0}, "datetime": {"datetime": "2022-06-27 10:36:51", "elapsed": 106.978404, "delta": 0.652919}}
{"target": 3.3412771224975586, "params": {"x1": 0.0, "x2": 0.0, "x3": 0.016, "x4": 0.0, "x5": 0.0074603447631928655, "x6": 0.0, "x7": 0.0, "x8": 0.008506853485529004}, "datetime": {"datetime": "2022-06-27 10:36:52", "elapsed": 107.494428, "delta": 0.516024}}
{"target": 3.1066701412200928, "params": {"x1": 0.0, "x2": 0.016, "x3": 0.0, "x4": 0.010488613735992344, "x5": 0.016, "x6": 0.008734982978261576, "x7": 0.0, "x8": 0.010632075952776411}, "datetime": {"datetime": "2022-06-27 10:36:53", "elapsed": 108.162526, "delta": 0.668098}}
{"target": 3.3056282997131348, "params": {"x1": 0.0, "x2": 0.0, "x3": 0.016, "x4": 0.011112956852798679, "x5": 0.0038757643525830906, "x6": 0.016, "x7": 0.0, "x8": 0.006864307324551811}, "datetime": {"datetime": "2022-06-27 10:36:53", "elapsed": 109.004445, "delta": 0.841919}}
{"target": 1.244678258895874, "params": {"x1": 0.008628136279575451, "x2": 0.0005460067265247979, "x3": 0.0051636182033000045, "x4": 0.0027498887638485545, "x5": 0.0022298131248801455, "x6": 2.821776178806168e-05, "x7": 0.004749645759850937, "x8": 0.005075585335020385}, "datetime": {"datetime": "2022-06-27 10:36:54", "elapsed": 109.458116, "delta": 0.453671}}
{"target": 0.9241776466369629, "params": {"x1": 0.015360483194726037, "x2": 0.006216910193288213, "x3": 0.008734688921002931, "x4": 0.0034968699983853944, "x5": 0.004105426522359636, "x6": 0.015721072038386675, "x7": 0.014053497871656056, "x8": 0.010148424188875953}, "datetime": {"datetime": "2022-06-27 10:36:54", "elapsed": 109.839064, "delta": 0.380948}}
{"target": 1.1952035427093506, "params": {"x1": 0.004410447642363997, "x2": 0.013538088502082424, "x3": 0.014783493834376164, "x4": 0.0075213479596238746, "x5": 0.006343333340010865, "x6": 0.0026131180461957016, "x7": 0.008605837965849001, "x8": 0.007028052797317489}, "datetime": {"datetime": "2022-06-27 10:36:55", "elapsed": 110.45312, "delta": 0.614056}}
{"target": 3.1948394775390625, "params": {"x1": 0.0, "x2": 0.00910404515368034, "x3": 0.016, "x4": 0.016, "x5": 0.0, "x6": 0.00788831407054175, "x7": 0.0, "x8": 0.016}, "datetime": {"datetime": "2022-06-27 10:36:56", "elapsed": 111.319108, "delta": 0.865988}}
{"target": 3.181516408920288, "params": {"x1": 0.0, "x2": 0.016, "x3": 0.016, "x4": 0.0, "x5": 0.0, "x6": 0.0, "x7": 0.0, "x8": 0.016}, "datetime": {"datetime": "2022-06-27 10:36:56", "elapsed": 111.995899, "delta": 0.676791}}
{"target": 3.1660377979278564, "params": {"x1": 0.0, "x2": 0.016, "x3": 0.0, "x4": 0.016, "x5": 0.0, "x6": 0.011669957412589253, "x7": 0.0, "x8": 0.008742418152946773}, "datetime": {"datetime": "2022-06-27 10:36:57", "elapsed": 112.636413, "delta": 0.640514}}
