{"target": 1.3063914775848389, "params": {"x1": 0.013505584873415681, "x2": 0.004802578703955489, "x3": 0.012764223609176001, "x4": 0.010211811674619155, "x5": 0.001548927335471065, "x6": 0.004246642303304529, "x7": 0.0037738399061250957, "x8": 0.002808306108626615}, "datetime": {"datetime": "2022-06-27 10:35:04", "elapsed": 0.0, "delta": 0.0}}
{"target": 3.197831630706787, "params": {"x1": 0.0, "x2": 0.016, "x3": 0.016, "x4": 0.0, "x5": 0.00746686753874291, "x6": 0.011117729842819656, "x7": 0.0, "x8": 0.007930353746105043}, "datetime": {"datetime": "2022-06-27 10:35:05", "elapsed": 0.476541, "delta": 0.476541}}
{"target": 3.2383127212524414, "params": {"x1": 0.0, "x2": 0.016, "x3": 0.016, "x4": 0.0, "x5": 0.007129784878439762, "x6": 0.010894217147185126, "x7": 0.0, "x8": 0.0015491138121339577}, "datetime": {"datetime": "2022-06-27 10:35:06", "elapsed": 1.087729, "delta": 0.611188}}
{"target": 1.2380014657974243, "params": {"x1": 0.010631866118111824, "x2": 0.014967767938357919, "x3": 0.012406308510706636, "x4": 0.008775429361062721, "x5": 0.003162425298471707, "x6": 0.011495301192246453, "x7": 0.007240702027654407, "x8": 0.0033102287607158143}, "datetime": {"datetime": "2022-06-27 10:35:06", "elapsed": 1.183645, "delta": 0.095916}}
{"target": 3.2122631072998047, "params": {"x1": 0.0, "x2": 0.016, "x3": 0.016, "x4": 0.0, "x5": 0.0034179612992589607, "x6": 0.016, "x7": 0.0, "x8": 0.0037788637505354774}, "datetime": {"datetime": "2022-06-27 10:35:06", "elapsed": 1.609268, "delta": 0.425623}}
{"target": 3.2741942405700684, "params": {"x1": 0.0, "x2": 0.016, "x3": 0.016, "x4": 0.0, "x5": 0.01029497800129225, "x6": 0.016, "x7": 0.0, "x8": 0.002229966232604202}, "datetime": {"datetime": "2022-06-27 10:35:07", "elapsed": 2.142862, "delta": 0.533594}}
{"target": 3.178485155105591, "params": {"x1": 0.0, "x2": 0.016, "x3": 0.016, "x4": 0.0, "x5": 0.0065016354359682844, "x6": 0.016, "x7": 0.0, "x8": 0.0}, "datetime": {"datetime": "2022-06-27 10:35:07", "elapsed": 2.533903, "delta": 0.391041}}
{"target": 3.163125991821289, "params": {"x1": 0.0, "x2": 0.016, "x3": 0.016, "x4": 0.0, "x5": 0.015795055138410608, "x6": 0.009698564923918414, "x7": 0.0, "x8": 0.0}, "datetime": {"datetime": "2022-06-27 10:35:07", "elapsed": 2.846113, "delta": 0.31221}}
{"target": 1.3853837251663208, "params": {"x1": 0.009809269445158655, "x2": 0.00682927373812505, "x3": 0.014348018148723442, "x4": 0.0061184483121449595, "x5": 0.012239565536131789, "x6": 0.013825505897293675, "x7": 0.0029384557935205322, "x8": 0.003805917656061215}, "datetime": {"datetime": "2022-06-27 10:35:07", "elapsed": 2.960698, "delta": 0.114585}}
{"target": 3.1708037853240967, "params": {"x1": 0.0, "x2": 0.016, "x3": 0.016, "x4": 0.0, "x5": 0.011333120749621289, "x6": 0.001782682079712928, "x7": 0.0, "x8": 0.0}, "datetime": {"datetime": "2022-06-27 10:35:08", "elapsed": 3.248981, "delta": 0.288283}}
{"target": 3.200949192047119, "params": {"x1": 0.0, "x2": 0.016, "x3": 0.016, "x4": 0.0, "x5": 0.005851296733176733, "x6": 0.016, "x7": 0.0, "x8": 0.015608186899877134}, "datetime": {"datetime": "2022-06-27 10:35:08", "elapsed": 3.582219, "delta": 0.333238}}
{"target": 3.1730356216430664, "params": {"x1": 0.0, "x2": 0.016, "x3": 0.016, "x4": 0.0, "x5": 0.014758263765567, "x6": 0.016, "x7": 0.0, "x8": 0.013265439680490872}, "datetime": {"datetime": "2022-06-27 10:35:08", "elapsed": 3.944797, "delta": 0.362578}}
{"target": 3.176981210708618, "params": {"x1": 0.0, "x2": 0.016, "x3": 0.016, "x4": 0.0, "x5": 0.013943012223363745, "x6": 0.007904780059200799, "x7": 0.0, "x8": 0.016}, "datetime": {"datetime": "2022-06-27 10:35:09", "elapsed": 4.305243, "delta": 0.360446}}
{"target": 3.166771411895752, "params": {"x1": 0.0, "x2": 0.016, "x3": 0.016, "x4": 0.0, "x5": 0.016, "x6": 0.00538895313566225, "x7": 0.0, "x8": 0.007366933242094054}, "datetime": {"datetime": "2022-06-27 10:35:09", "elapsed": 4.643225, "delta": 0.337982}}
{"target": 3.247284173965454, "params": {"x1": 0.0, "x2": 0.0, "x3": 0.0, "x4": 0.0, "x5": 0.011975963810029735, "x6": 0.00977296765588255, "x7": 0.0, "x8": 0.016}, "datetime": {"datetime": "2022-06-27 10:35:09", "elapsed": 5.011484, "delta": 0.368259}}
{"target": 3.233426809310913, "params": {"x1": 0.0, "x2": 0.0, "x3": 0.0, "x4": 0.0, "x5": 0.015736355795848082, "x6": 0.00804477433020429, "x7": 0.0, "x8": 0.0}, "datetime": {"datetime": "2022-06-27 10:35:10", "elapsed": 5.303636, "delta": 0.292152}}
{"target": 1.2716718912124634, "params": {"x1": 0.006015402981782469, "x2": 0.01196380825957525, "x3": 0.000855096337926204, "x4": 0.013634923466426306, "x5": 0.012562355203461304, "x6": 0.011482166710822451, "x7": 0.015050907925032537, "x8": 0.0007960212676600396}, "datetime": {"datetime": "2022-06-27 10:35:10", "elapsed": 5.423872, "delta": 0.120236}}
{"target": 1.6360399723052979, "params": {"x1": 0.0016123826915762898, "x2": 0.0019487462119111018, "x3": 0.0003140242000403042, "x4": 0.004716460176687551, "x5": 0.012697553148133877, "x6": 0.009231796888933967, "x7": 0.009618610635453441, "x8": 0.013626000419083791}, "datetime": {"datetime": "2022-06-27 10:35:10", "elapsed": 5.572874, "delta": 0.149002}}
{"target": 3.228027582168579, "params": {"x1": 0.0, "x2": 0.0, "x3": 0.0, "x4": 0.0, "x5": 0.016, "x6": 0.0, "x7": 0.0, "x8": 0.016}, "datetime": {"datetime": "2022-06-27 10:35:10", "elapsed": 5.941426, "delta": 0.368552}}
{"target": 3.2573986053466797, "params": {"x1": 0.0, "x2": 0.0, "x3": 0.0, "x4": 0.0, "x5": 0.016, "x6": 0.008741631004155108, "x7": 0.0, "x8": 0.009514442120494238}, "datetime": {"datetime": "2022-06-27 10:35:11", "elapsed": 6.210658, "delta": 0.269232}}
{"target": 3.2219042778015137, "params": {"x1": 0.0, "x2": 0.0, "x3": 0.0, "x4": 0.0, "x5": 0.016, "x6": 0.0, "x7": 0.0, "x8": 0.0}, "datetime": {"datetime": "2022-06-27 10:35:11", "elapsed": 6.426511, "delta": 0.215853}}
{"target": 3.2574448585510254, "params": {"x1": 0.0, "x2": 0.0, "x3": 0.0, "x4": 0.0, "x5": 0.005032620429732707, "x6": 0.0, "x7": 0.0, "x8": 0.016}, "datetime": {"datetime": "2022-06-27 10:35:11", "elapsed": 6.63997, "delta": 0.213459}}
{"target": 3.225494384765625, "params": {"x1": 0.0, "x2": 0.0, "x3": 0.0, "x4": 0.0, "x5": 0.016, "x6": 0.016, "x7": 0.0, "x8": 0.016}, "datetime": {"datetime": "2022-06-27 10:35:11", "elapsed": 6.854992, "delta": 0.215022}}
{"target": 1.9102733135223389, "params": {"x1": 0.008785996443937441, "x2": 0.0024059892047377505, "x3": 0.004290235776713583, "x4": 0.00022730500309082837, "x5": 0.001559714775264629, "x6": 0.011466802231251488, "x7": 0.0013352798838009773, "x8": 0.007027569701215725}, "datetime": {"datetime": "2022-06-27 10:35:11", "elapsed": 6.974525, "delta": 0.119533}}
{"target": 2.0440380573272705, "params": {"x1": 0.013436537930013115, "x2": 0.006019933367663665, "x3": 0.013314008821572418, "x4": 0.009834965489067182, "x5": 0.0027132054133917533, "x6": 0.0023373009620294774, "x7": 5.6417953029368915e-05, "x8": 0.0011656400287564158}, "datetime": {"datetime": "2022-06-27 10:35:12", "elapsed": 7.093634, "delta": 0.119109}}
{"target": 3.2572362422943115, "params": {"x1": 0.0, "x2": 0.0, "x3": 0.006105894844029464, "x4": 0.0, "x5": 0.016, "x6": 0.010047512283076864, "x7": 0.0, "x8": 0.016}, "datetime": {"datetime": "2022-06-27 10:35:12", "elapsed": 7.342825, "delta": 0.249191}}
{"target": 0.8134697079658508, "params": {"x1": 0.01364987967127732, "x2": 0.010567739960436737, "x3": 0.007169843206755758, "x4": 0.012925137301836634, "x5": 0.012997638717104838, "x6": 0.013129283644058198, "x7": 0.012306575120587668, "x8": 9.603166969871779e-05}, "datetime": {"datetime": "2022-06-27 10:35:12", "elapsed": 7.485607, "delta": 0.142782}}
{"target": 0.9040544033050537, "params": {"x1": 0.008589838825357585, "x2": 0.011063469688111768, "x3": 0.004417738806289981, "x4": 0.009189657692853306, "x5": 0.006836923307007506, "x6": 0.003711259402559106, "x7": 0.009467929633347343, "x8": 0.005732527774408423}, "datetime": {"datetime": "2022-06-27 10:35:12", "elapsed": 7.686315, "delta": 0.200708}}
{"target": 1.0622098445892334, "params": {"x1": 0.006048535315365215, "x2": 0.01488958749761921, "x3": 0.0014460329392214266, "x4": 0.0015239737075536297, "x5": 0.005819820029098257, "x6": 0.005028775015006321, "x7": 0.01272602202565307, "x8": 0.014111526402154732}, "datetime": {"datetime": "2022-06-27 10:35:12", "elapsed": 7.885065, "delta": 0.19875}}
{"target": 3.2513208389282227, "params": {"x1": 0.0, "x2": 0.0, "x3": 0.0, "x4": 0.0, "x5": 0.006811129102496644, "x6": 0.0, "x7": 0.0, "x8": 0.0}, "datetime": {"datetime": "2022-06-27 10:35:13", "elapsed": 8.145874, "delta": 0.260809}}
{"target": 3.1306848526000977, "params": {"x1": 0.0, "x2": 0.016, "x3": 0.0067409269783154716, "x4": 0.0, "x5": 0.0, "x6": 0.016, "x7": 0.0, "x8": 0.016}, "datetime": {"datetime": "2022-06-27 10:35:13", "elapsed": 8.350463, "delta": 0.204589}}
{"target": 3.317302942276001, "params": {"x1": 0.0, "x2": 0.0, "x3": 0.016, "x4": 0.0, "x5": 0.0023931209221082937, "x6": 0.0, "x7": 0.0, "x8": 0.0}, "datetime": {"datetime": "2022-06-27 10:35:13", "elapsed": 8.510914, "delta": 0.160451}}
{"target": 3.1789824962615967, "params": {"x1": 0.0, "x2": 0.016, "x3": 0.016, "x4": 0.0, "x5": 0.0, "x6": 0.016, "x7": 0.0, "x8": 0.016}, "datetime": {"datetime": "2022-06-27 10:35:13", "elapsed": 8.676351, "delta": 0.165437}}
{"target": 3.317810297012329, "params": {"x1": 0.0, "x2": 0.0, "x3": 0.016, "x4": 0.0, "x5": 0.0, "x6": 0.0, "x7": 0.0, "x8": 0.016}, "datetime": {"datetime": "2022-06-27 10:35:13", "elapsed": 8.91248, "delta": 0.236129}}
{"target": 3.2193710803985596, "params": {"x1": 0.0, "x2": 0.0, "x3": 0.0, "x4": 0.0, "x5": 0.016, "x6": 0.016, "x7": 0.0, "x8": 0.0}, "datetime": {"datetime": "2022-06-27 10:35:14", "elapsed": 9.094605, "delta": 0.182125}}
{"target": 3.239549398422241, "params": {"x1": 0.0, "x2": 0.0, "x3": 0.0, "x4": 0.0, "x5": 0.016, "x6": 0.007462807806884468, "x7": 0.0, "x8": 0.016}, "datetime": {"datetime": "2022-06-27 10:35:14", "elapsed": 9.287046, "delta": 0.192441}}
{"target": 3.350680351257324, "params": {"x1": 0.0, "x2": 0.0, "x3": 0.0, "x4": 0.0, "x5": 0.01001113979001962, "x6": 0.0, "x7": 0.0, "x8": 0.008051738549575293}, "datetime": {"datetime": "2022-06-27 10:35:14", "elapsed": 9.565634, "delta": 0.278588}}
{"target": 1.0021052360534668, "params": {"x1": 0.010275375541981572, "x2": 0.008702900636762465, "x3": 0.010015998611871801, "x4": 0.014934723524272213, "x5": 0.0009761301474795587, "x6": 0.0029661728906373564, "x7": 0.010839388866535174, "x8": 0.003034292518576777}, "datetime": {"datetime": "2022-06-27 10:35:14", "elapsed": 9.674866, "delta": 0.109232}}
{"target": 3.1645469665527344, "params": {"x1": 0.0, "x2": 0.016, "x3": 0.016, "x4": 0.013600426226380823, "x5": 0.0, "x6": 0.016, "x7": 0.0, "x8": 0.016}, "datetime": {"datetime": "2022-06-27 10:35:14", "elapsed": 9.986841, "delta": 0.311975}}
{"target": 3.0907065868377686, "params": {"x1": 0.0, "x2": 0.016, "x3": 0.012066439945104304, "x4": 0.007129439652681589, "x5": 0.0, "x6": 0.016, "x7": 0.0, "x8": 0.016}, "datetime": {"datetime": "2022-06-27 10:35:15", "elapsed": 10.404435, "delta": 0.417594}}
{"target": 1.176871418952942, "params": {"x1": 0.007150020607770552, "x2": 0.006530617260304865, "x3": 0.013383356455834237, "x4": 0.00632774439437064, "x5": 0.014996375880390834, "x6": 0.004831439867912024, "x7": 0.00532957573193017, "x8": 0.0028343341462810107}, "datetime": {"datetime": "2022-06-27 10:35:15", "elapsed": 10.537211, "delta": 0.132776}}
{"target": 3.1147632598876953, "params": {"x1": 0.0, "x2": 0.016, "x3": 0.008256631769775624, "x4": 0.0, "x5": 0.01058584734228054, "x6": 0.016, "x7": 0.0, "x8": 0.016}, "datetime": {"datetime": "2022-06-27 10:35:15", "elapsed": 10.866349, "delta": 0.329138}}
{"target": 1.4923155307769775, "params": {"x1": 0.01350814801814035, "x2": 0.005694214705356222, "x3": 0.014221462819475122, "x4": 0.0036056278276239253, "x5": 0.0024328751296209318, "x6": 0.008092061867172469, "x7": 0.0029075685222161225, "x8": 0.001754017587331342}, "datetime": {"datetime": "2022-06-27 10:35:16", "elapsed": 11.066341, "delta": 0.199992}}
{"target": 3.194023609161377, "params": {"x1": 0.0, "x2": 0.0, "x3": 0.0, "x4": 0.016, "x5": 0.0, "x6": 0.016, "x7": 0.0, "x8": 0.016}, "datetime": {"datetime": "2022-06-27 10:35:16", "elapsed": 11.332807, "delta": 0.266466}}
{"target": 3.2538864612579346, "params": {"x1": 0.0, "x2": 0.0, "x3": 0.016, "x4": 0.016, "x5": 0.0, "x6": 0.016, "x7": 0.0, "x8": 0.0}, "datetime": {"datetime": "2022-06-27 10:35:16", "elapsed": 11.569253, "delta": 0.236446}}
{"target": 3.2431652545928955, "params": {"x1": 0.0, "x2": 0.0, "x3": 0.0, "x4": 0.0, "x5": 0.0, "x6": 0.016, "x7": 0.0, "x8": 0.0}, "datetime": {"datetime": "2022-06-27 10:35:16", "elapsed": 11.804672, "delta": 0.235419}}
{"target": 1.1399024724960327, "params": {"x1": 0.012940825120040059, "x2": 0.008324362434174778, "x3": 0.008205230527122888, "x4": 0.010015474526194557, "x5": 0.010785962037976606, "x6": 0.0033450315536621353, "x7": 0.00518203740579288, "x8": 0.011665269142251612}, "datetime": {"datetime": "2022-06-27 10:35:16", "elapsed": 11.934738, "delta": 0.130066}}
{"target": 3.2492892742156982, "params": {"x1": 0.0, "x2": 0.0, "x3": 0.0, "x4": 0.0, "x5": 0.0, "x6": 0.016, "x7": 0.0, "x8": 0.016}, "datetime": {"datetime": "2022-06-27 10:35:17", "elapsed": 12.3671, "delta": 0.432362}}
{"target": 3.317302942276001, "params": {"x1": 0.0, "x2": 0.0, "x3": 0.016, "x4": 0.0, "x5": 0.010112187927303147, "x6": 0.0, "x7": 0.0, "x8": 0.0}, "datetime": {"datetime": "2022-06-27 10:35:17", "elapsed": 12.602769, "delta": 0.235669}}
{"target": 3.309152364730835, "params": {"x1": 0.0, "x2": 0.0, "x3": 0.016, "x4": 0.0, "x5": 0.0, "x6": 0.016, "x7": 0.0, "x8": 0.0}, "datetime": {"datetime": "2022-06-27 10:35:17", "elapsed": 12.80398, "delta": 0.201211}}
{"target": 3.1175918579101562, "params": {"x1": 0.0, "x2": 0.016, "x3": 0.016, "x4": 0.016, "x5": 0.0, "x6": 0.016, "x7": 0.0, "x8": 0.0}, "datetime": {"datetime": "2022-06-27 10:35:18", "elapsed": 13.054883, "delta": 0.250903}}
{"target": 3.3152763843536377, "params": {"x1": 0.0, "x2": 0.0, "x3": 0.016, "x4": 0.0, "x5": 0.0, "x6": 0.016, "x7": 0.0, "x8": 0.016}, "datetime": {"datetime": "2022-06-27 10:35:18", "elapsed": 13.289757, "delta": 0.234874}}
{"target": 3.1878981590270996, "params": {"x1": 0.0, "x2": 0.0, "x3": 0.0, "x4": 0.016, "x5": 0.0, "x6": 0.016, "x7": 0.0, "x8": 0.0}, "datetime": {"datetime": "2022-06-27 10:35:18", "elapsed": 13.537404, "delta": 0.247647}}
{"target": 3.323427677154541, "params": {"x1": 0.0, "x2": 0.0, "x3": 0.016, "x4": 0.0, "x5": 0.010417787593903653, "x6": 0.0, "x7": 0.0, "x8": 0.016}, "datetime": {"datetime": "2022-06-27 10:35:18", "elapsed": 13.811315, "delta": 0.273911}}
{"target": 3.1641032695770264, "params": {"x1": 0.0, "x2": 0.0, "x3": 0.0, "x4": 0.016, "x5": 0.016, "x6": 0.016, "x7": 0.0, "x8": 0.0}, "datetime": {"datetime": "2022-06-27 10:35:19", "elapsed": 14.185613, "delta": 0.374298}}
{"target": 3.2872583866119385, "params": {"x1": 0.0, "x2": 0.0, "x3": 0.0, "x4": 0.016, "x5": 0.0, "x6": 0.016, "x7": 0.0, "x8": 0.008024933129738458}, "datetime": {"datetime": "2022-06-27 10:35:19", "elapsed": 14.618147, "delta": 0.432534}}
{"target": 0.94463711977005, "params": {"x1": 0.00949969261273887, "x2": 0.006332434448997752, "x3": 0.010986908895216238, "x4": 0.0032175472484327694, "x5": 0.0045816280642232724, "x6": 0.0023785228127329995, "x7": 0.014857230284255453, "x8": 0.014099428614293093}, "datetime": {"datetime": "2022-06-27 10:35:19", "elapsed": 14.887978, "delta": 0.269831}}
{"target": 1.584770917892456, "params": {"x1": 0.005497491643572239, "x2": 0.004466108816840988, "x3": 0.0052246472121837435, "x4": 0.001193596685921138, "x5": 0.015158742486670523, "x6": 0.013676123220505756, "x7": 0.0023072539086521557, "x8": 0.009867191636067717}, "datetime": {"datetime": "2022-06-27 10:35:19", "elapsed": 15.045513, "delta": 0.157535}}
{"target": 3.2600111961364746, "params": {"x1": 0.0, "x2": 0.0, "x3": 0.016, "x4": 0.016, "x5": 0.0, "x6": 0.016, "x7": 0.0, "x8": 0.016}, "datetime": {"datetime": "2022-06-27 10:35:20", "elapsed": 15.416646, "delta": 0.371133}}
{"target": 3.1702287197113037, "params": {"x1": 0.0, "x2": 0.0, "x3": 0.0, "x4": 0.016, "x5": 0.016, "x6": 0.016, "x7": 0.0, "x8": 0.016}, "datetime": {"datetime": "2022-06-27 10:35:20", "elapsed": 15.760526, "delta": 0.34388}}
{"target": 2.159029722213745, "params": {"x1": 0.0, "x2": 0.0, "x3": 0.016, "x4": 0.016, "x5": 0.0, "x6": 0.016, "x7": 0.016, "x8": 0.0}, "datetime": {"datetime": "2022-06-27 10:35:20", "elapsed": 15.974315, "delta": 0.213789}}
{"target": 3.198817253112793, "params": {"x1": 0.0, "x2": 0.0, "x3": 0.0, "x4": 0.016, "x5": 0.008854308971429964, "x6": 0.016, "x7": 0.0, "x8": 0.007265519578130794}, "datetime": {"datetime": "2022-06-27 10:35:21", "elapsed": 16.311275, "delta": 0.33696}}
{"target": 3.2540814876556396, "params": {"x1": 0.0, "x2": 0.0, "x3": 0.0, "x4": 0.0, "x5": 0.007139596387952732, "x6": 0.016, "x7": 0.0, "x8": 0.006031466903661772}, "datetime": {"datetime": "2022-06-27 10:35:21", "elapsed": 16.637726, "delta": 0.326451}}
{"target": 3.157724380493164, "params": {"x1": 0.0, "x2": 0.016, "x3": 0.016, "x4": 0.0, "x5": 0.016, "x6": 0.0, "x7": 0.0, "x8": 0.016}, "datetime": {"datetime": "2022-06-27 10:35:21", "elapsed": 16.958085, "delta": 0.320359}}
{"target": 3.2625443935394287, "params": {"x1": 0.0, "x2": 0.0, "x3": 0.016, "x4": 0.016, "x5": 0.0, "x6": 0.0, "x7": 0.0, "x8": 0.016}, "datetime": {"datetime": "2022-06-27 10:35:22", "elapsed": 17.285905, "delta": 0.32782}}
{"target": 1.4106788635253906, "params": {"x1": 0.003206761940848704, "x2": 0.005453724786049055, "x3": 0.007611216579642187, "x4": 0.0020162354861876716, "x5": 0.013115331226539878, "x6": 0.0019374255953843189, "x7": 0.004687628878419991, "x8": 0.002686629209750551}, "datetime": {"datetime": "2022-06-27 10:35:22", "elapsed": 17.436723, "delta": 0.150818}}
{"target": 3.2387444972991943, "params": {"x1": 0.0, "x2": 0.0, "x3": 0.016, "x4": 0.016, "x5": 0.016, "x6": 0.0, "x7": 0.0, "x8": 0.016}, "datetime": {"datetime": "2022-06-27 10:35:22", "elapsed": 17.689117, "delta": 0.252394}}
{"target": 3.057734489440918, "params": {"x1": 0.0, "x2": 0.016, "x3": 0.0, "x4": 0.016, "x5": 0.0, "x6": 0.016, "x7": 0.0, "x8": 0.016}, "datetime": {"datetime": "2022-06-27 10:35:23", "elapsed": 18.214049, "delta": 0.524932}}
{"target": 3.2564189434051514, "params": {"x1": 0.0, "x2": 0.0, "x3": 0.016, "x4": 0.016, "x5": 0.0, "x6": 0.0, "x7": 0.0, "x8": 0.0}, "datetime": {"datetime": "2022-06-27 10:35:23", "elapsed": 18.826968, "delta": 0.612919}}
{"target": 3.3450586795806885, "params": {"x1": 0.0, "x2": 0.0, "x3": 0.0, "x4": 0.0, "x5": 0.0, "x6": 0.0, "x7": 0.0, "x8": 0.00802544703313756}, "datetime": {"datetime": "2022-06-27 10:35:24", "elapsed": 19.285445, "delta": 0.458477}}
{"target": 2.2115683555603027, "params": {"x1": 0.0004090931469820962, "x2": 0.012681209747612483, "x3": 0.005926567457638532, "x4": 0.007691121515984529, "x5": 0.009811657103051857, "x6": 0.002106140404796509, "x7": 0.0039122098026239715, "x8": 0.0026973156391233016}, "datetime": {"datetime": "2022-06-27 10:35:24", "elapsed": 19.422447, "delta": 0.137002}}
{"target": 1.2149266004562378, "params": {"x1": 0.007349205526438693, "x2": 0.003805060784361521, "x3": 0.013483142369012819, "x4": 0.010869577334218688, "x5": 0.009267177254493355, "x6": 0.008573921848003029, "x7": 0.006939557140331948, "x8": 0.012530536301402247}, "datetime": {"datetime": "2022-06-27 10:35:24", "elapsed": 19.584947, "delta": 0.1625}}
{"target": 3.2679409980773926, "params": {"x1": 0.0, "x2": 0.0, "x3": 0.016, "x4": 0.016, "x5": 0.0, "x6": 0.007842428091304685, "x7": 0.0, "x8": 0.0}, "datetime": {"datetime": "2022-06-27 10:35:24", "elapsed": 19.832741, "delta": 0.247794}}
{"target": 3.137169122695923, "params": {"x1": 0.0, "x2": 0.016, "x3": 0.016, "x4": 0.010935941115131242, "x5": 0.016, "x6": 0.0, "x7": 0.0, "x8": 0.0}, "datetime": {"datetime": "2022-06-27 10:35:25", "elapsed": 20.088947, "delta": 0.256206}}
{"target": 3.236210584640503, "params": {"x1": 0.0, "x2": 0.0, "x3": 0.016, "x4": 0.016, "x5": 0.016, "x6": 0.016, "x7": 0.0, "x8": 0.016}, "datetime": {"datetime": "2022-06-27 10:35:25", "elapsed": 20.326799, "delta": 0.237852}}
{"target": 3.2914764881134033, "params": {"x1": 0.0, "x2": 0.0, "x3": 0.016, "x4": 0.0, "x5": 0.016, "x6": 0.016, "x7": 0.0, "x8": 0.016}, "datetime": {"datetime": "2022-06-27 10:35:25", "elapsed": 20.684377, "delta": 0.357578}}
{"target": 2.02101731300354, "params": {"x1": 0.0009382790861776531, "x2": 0.007830240181097105, "x3": 0.008944884831122444, "x4": 0.015522913824258203, "x5": 0.015450217689274872, "x6": 0.00030421759811296667, "x7": 0.002126782778914086, "x8": 0.0058299916648607}, "datetime": {"datetime": "2022-06-27 10:35:25", "elapsed": 20.819278, "delta": 0.134901}}
{"target": 1.1399343013763428, "params": {"x1": 0.0022222123802586413, "x2": 0.008666653593020017, "x3": 0.01478789650346003, "x4": 0.007670712502381214, "x5": 0.0015069683012327922, "x6": 0.015862177753257614, "x7": 0.01504932063047597, "x8": 0.006854223074915763}, "datetime": {"datetime": "2022-06-27 10:35:25", "elapsed": 20.949537, "delta": 0.130259}}
{"target": 3.279684543609619, "params": {"x1": 0.0, "x2": 0.0, "x3": 0.016, "x4": 0.016, "x5": 0.008572033541946588, "x6": 0.007584082453418441, "x7": 0.0, "x8": 0.016}, "datetime": {"datetime": "2022-06-27 10:35:26", "elapsed": 21.210961, "delta": 0.261424}}
{"target": 3.257904052734375, "params": {"x1": 0.0, "x2": 0.0, "x3": 0.016, "x4": 0.007754159520796366, "x5": 0.0, "x6": 0.016, "x7": 0.0, "x8": 0.0}, "datetime": {"datetime": "2022-06-27 10:35:26", "elapsed": 21.509534, "delta": 0.298573}}
{"target": 3.328503131866455, "params": {"x1": 0.0, "x2": 0.0, "x3": 0.016, "x4": 0.0, "x5": 0.0, "x6": 0.00739752514902565, "x7": 0.0, "x8": 0.00686925144329738}, "datetime": {"datetime": "2022-06-27 10:35:26", "elapsed": 21.90538, "delta": 0.395846}}
