{"target": 1.1427485942840576, "params": {"x1": 0.009228094959793452, "x2": 0.004983107426119405, "x3": 0.008276281576018077, "x4": 0.014662493648862365, "x5": 0.006823596616022336, "x6": 0.003958336585638166, "x7": 0.0059407001804648715, "x8": 0.014909777866184649}, "datetime": {"datetime": "2022-06-27 10:34:50", "elapsed": 0.829105, "delta": 0.009062}}
{"target": 1.1730525493621826, "params": {"x1": 0.014989894100945499, "x2": 0.01350927917705141, "x3": 0.014723304228890568, "x4": 0.0036464046392210713, "x5": 0.001399715352857454, "x6": 0.0036369557805550202, "x7": 0.005030025857824807, "x8": 0.0027962540217009854}, "datetime": {"datetime": "2022-06-27 10:34:50", "elapsed": 0.838173, "delta": 0.009068}}
{"target": 0.8923752307891846, "params": {"x1": 0.009713506591559368, "x2": 0.006617382640018581, "x3": 0.013061624189235427, "x4": 0.0029620863723044907, "x5": 0.011230024476100968, "x6": 0.0038456899975862218, "x7": 0.009187505421453756, "x8": 0.005583801555532622}, "datetime": {"datetime": "2022-06-27 10:34:50", "elapsed": 0.846796, "delta": 0.008623}}
{"target": 1.6381522417068481, "params": {"x1": 0.0009114303917253235, "x2": 0.003661018735366014, "x3": 0.010625640885676696, "x4": 0.0079560014937685, "x5": 0.008304255745178861, "x6": 0.00279552240174276, "x7": 0.009131453624740103, "x8": 0.01594805480333136}, "datetime": {"datetime": "2022-06-27 10:34:50", "elapsed": 0.856611, "delta": 0.009815}}
{"target": 1.6155935525894165, "params": {"x1": 0.01306936174066595, "x2": 0.009509961981295645, "x3": 0.01561582509329448, "x4": 0.01442500135470914, "x5": 0.009529726937642329, "x6": 0.0005188212050313137, "x7": 0.001497233533079692, "x8": 0.0010459474406756223}, "datetime": {"datetime": "2022-06-27 10:34:50", "elapsed": 0.865759, "delta": 0.009148}}
{"target": 1.0483933687210083, "params": {"x1": 0.007227730379063605, "x2": 0.006006957330685724, "x3": 0.015605600548324584, "x4": 0.0026877326911938387, "x5": 0.015564601470922482, "x6": 0.01227959790180821, "x7": 0.013187805433991966, "x8": 0.010121853068447957}, "datetime": {"datetime": "2022-06-27 10:34:50", "elapsed": 0.87537, "delta": 0.009611}}
{"target": 1.1116271018981934, "params": {"x1": 0.010699724323307713, "x2": 0.007630117336339094, "x3": 0.00021018171076915592, "x4": 0.005648097368669196, "x5": 0.007873148823896935, "x6": 0.01168145937744167, "x7": 0.007498053483937748, "x8": 0.007318478657430907}, "datetime": {"datetime": "2022-06-27 10:34:50", "elapsed": 0.88391, "delta": 0.00854}}
{"target": 1.5632519721984863, "params": {"x1": 0.0022026038551296507, "x2": 0.00017421974085566382, "x3": 0.01213245216763194, "x4": 0.005119245409242855, "x5": 0.01575013520309617, "x6": 0.003523747618546496, "x7": 0.0054193284077068745, "x8": 0.008382338170658107}, "datetime": {"datetime": "2022-06-27 10:34:50", "elapsed": 0.893878, "delta": 0.009968}}
{"target": 0.9522048234939575, "params": {"x1": 0.012078263312968523, "x2": 0.007421724542404731, "x3": 0.0019971606897868205, "x4": 0.005000022055872792, "x5": 0.008072306715215914, "x6": 0.010781584128269883, "x7": 0.012322399300993474, "x8": 0.0020853724952696684}, "datetime": {"datetime": "2022-06-27 10:34:50", "elapsed": 0.903403, "delta": 0.009525}}
{"target": 2.1400177478790283, "params": {"x1": 0.00036664210115810823, "x2": 0.008305317155391831, "x3": 0.01295981937059866, "x4": 0.00020166027247802098, "x5": 0.010759517514459744, "x6": 0.010988931626511869, "x7": 0.007187948057386201, "x8": 0.014636618987870949}, "datetime": {"datetime": "2022-06-27 10:34:50", "elapsed": 0.914143, "delta": 0.01074}}
{"target": 0.9534754753112793, "params": {"x1": 0.010309777356111887, "x2": 8.383740242345361e-05, "x3": 0.007750855128230009, "x4": 0.0137490848975616, "x5": 0.013286393120597432, "x6": 0.010386467153799647, "x7": 0.010779174782378107, "x8": 0.009255993276627208}, "datetime": {"datetime": "2022-06-27 10:34:50", "elapsed": 0.924367, "delta": 0.010224}}
{"target": 1.040235996246338, "params": {"x1": 0.004385916402669635, "x2": 0.008968479848576941, "x3": 0.010747676557078725, "x4": 0.005638874083462541, "x5": 0.013693253876062845, "x6": 0.003120599776139317, "x7": 0.011957132965310771, "x8": 0.004633643938990039}, "datetime": {"datetime": "2022-06-27 10:34:50", "elapsed": 0.934091, "delta": 0.009724}}
{"target": 1.2211540937423706, "params": {"x1": 0.012380788595906913, "x2": 0.00684379726937722, "x3": 0.012923174545795352, "x4": 0.005656557802687846, "x5": 0.0034190918020732984, "x6": 0.012276552134748264, "x7": 0.004938271162090418, "x8": 0.01173192108362284}, "datetime": {"datetime": "2022-06-27 10:34:50", "elapsed": 0.944342, "delta": 0.010251}}
{"target": 1.8378663063049316, "params": {"x1": 0.011911570449243713, "x2": 0.0035423472145312174, "x3": 0.0034257941891303752, "x4": 0.003183166774833067, "x5": 0.0022802934042535144, "x6": 0.006033321587317346, "x7": 0.00042604615506594356, "x8": 0.00177472590454785}, "datetime": {"datetime": "2022-06-27 10:34:50", "elapsed": 0.954752, "delta": 0.01041}}
{"target": 0.9379070401191711, "params": {"x1": 0.010793024380214568, "x2": 0.01279642459035818, "x3": 0.0012884724340541745, "x4": 0.003707236967772673, "x5": 0.00332201058886103, "x6": 0.01467733700930609, "x7": 0.011381032290183788, "x8": 0.008862153776822628}, "datetime": {"datetime": "2022-06-27 10:34:50", "elapsed": 0.964916, "delta": 0.010164}}
{"target": 1.5693600177764893, "params": {"x1": 0.004872287806729924, "x2": 0.013357664762108775, "x3": 0.00696489532207232, "x4": 0.014775299441900404, "x5": 0.011296828869374931, "x6": 0.007648500927444534, "x7": 0.0020193616599897394, "x8": 0.015616696807483963}, "datetime": {"datetime": "2022-06-27 10:34:50", "elapsed": 0.975069, "delta": 0.010153}}
{"target": 1.7251797914505005, "params": {"x1": 0.002557338405505494, "x2": 0.0032416340035146016, "x3": 0.0068989080825659355, "x4": 0.006467230492402356, "x5": 0.002348023692228706, "x6": 0.011669102709777975, "x7": 0.0030199210700349753, "x8": 0.010302330308986606}, "datetime": {"datetime": "2022-06-27 10:34:50", "elapsed": 0.984926, "delta": 0.009857}}
{"target": 1.2292466163635254, "params": {"x1": 0.01206889520922078, "x2": 0.003371718273333132, "x3": 0.00961526796972224, "x4": 0.011982854003933383, "x5": 0.010211499369925334, "x6": 0.009554036847146384, "x7": 0.004727716570487953, "x8": 0.01170570353986414}, "datetime": {"datetime": "2022-06-27 10:34:50", "elapsed": 0.996288, "delta": 0.011362}}
{"target": 1.0909126996994019, "params": {"x1": 0.015124935039999196, "x2": 0.006808982244184751, "x3": 0.012514909069302485, "x4": 0.0008982566345906448, "x5": 0.013364345639839455, "x6": 0.0030760002691543635, "x7": 0.006321549902239571, "x8": 0.004801296734805703}, "datetime": {"datetime": "2022-06-27 10:34:50", "elapsed": 1.006435, "delta": 0.010147}}
{"target": 1.945810317993164, "params": {"x1": 0.0012816583008967886, "x2": 0.014474096046979886, "x3": 0.005922466840859812, "x4": 0.008491159015618232, "x5": 0.007905860254341202, "x6": 0.0021145782710870107, "x7": 0.0033032649422309285, "x8": 0.0012190209445171387}, "datetime": {"datetime": "2022-06-27 10:34:50", "elapsed": 1.017147, "delta": 0.010712}}
{"target": 0.9201647043228149, "params": {"x1": 0.008126747199124599, "x2": 0.004184792829327794, "x3": 0.005712985742124671, "x4": 0.0017290452591557895, "x5": 0.012600829434440115, "x6": 0.0017053420286208176, "x7": 0.015771341179411005, "x8": 0.0028345786310146775}, "datetime": {"datetime": "2022-06-27 10:34:50", "elapsed": 1.027935, "delta": 0.010788}}
{"target": 1.5532712936401367, "params": {"x1": 0.009158481798954388, "x2": 0.00071752535342541, "x3": 0.012593860634493347, "x4": 0.0030336951650927445, "x5": 0.008446463654530027, "x6": 0.011841240690545147, "x7": 0.002398903758676095, "x8": 0.008817394786991548}, "datetime": {"datetime": "2022-06-27 10:34:50", "elapsed": 1.038572, "delta": 0.010637}}
{"target": 1.0000271797180176, "params": {"x1": 0.0034658753332604706, "x2": 0.012147136789074316, "x3": 0.011566643096899419, "x4": 0.002824784548433328, "x5": 0.013791464922673176, "x6": 0.00031640159226150824, "x7": 0.013763791958769844, "x8": 0.008942460978575014}, "datetime": {"datetime": "2022-06-27 10:34:50", "elapsed": 1.051176, "delta": 0.012604}}
{"target": 0.9573103785514832, "params": {"x1": 0.006451527553693588, "x2": 0.012139950896357386, "x3": 0.011470864027079518, "x4": 0.015797218796934825, "x5": 0.004449360777807725, "x6": 6.069875854948137e-05, "x7": 0.014942441733038206, "x8": 0.0137263536726063}, "datetime": {"datetime": "2022-06-27 10:34:50", "elapsed": 1.062423, "delta": 0.011247}}
{"target": 0.9728071093559265, "params": {"x1": 0.011661614040308094, "x2": 0.008267020526744615, "x3": 0.011311299923980176, "x4": 0.012488472910027883, "x5": 0.00599801509658975, "x6": 0.012325160405279322, "x7": 0.012009989106802807, "x8": 0.009811379384708156}, "datetime": {"datetime": "2022-06-27 10:34:50", "elapsed": 1.074219, "delta": 0.011796}}
{"target": 1.477848768234253, "params": {"x1": 0.0064298547834853986, "x2": 0.011156928308229456, "x3": 4.9805725203073694e-05, "x4": 0.012398346347593564, "x5": 0.014342665639309552, "x6": 0.003829051319000074, "x7": 0.0019322749489476755, "x8": 0.0035245438046996418}, "datetime": {"datetime": "2022-06-27 10:34:50", "elapsed": 1.088235, "delta": 0.014016}}
{"target": 1.0468840599060059, "params": {"x1": 0.004833547700641573, "x2": 0.014128456137021347, "x3": 0.008690662883809512, "x4": 0.0045873863937028895, "x5": 0.0022136750366871442, "x6": 0.004642311409672667, "x7": 0.009821937435860042, "x8": 0.005186216478359146}, "datetime": {"datetime": "2022-06-27 10:34:50", "elapsed": 1.099111, "delta": 0.010876}}
{"target": 1.2417080402374268, "params": {"x1": 0.007317762907055976, "x2": 0.007105873712265831, "x3": 0.013250165771704193, "x4": 0.00682157046777969, "x5": 0.005531181138808038, "x6": 0.010799545676945684, "x7": 0.00354371289173646, "x8": 0.007475933182824861}, "datetime": {"datetime": "2022-06-27 10:34:50", "elapsed": 1.111018, "delta": 0.011907}}
{"target": 1.4771885871887207, "params": {"x1": 0.005036250997184263, "x2": 0.010029689634605354, "x3": 0.014037767595117002, "x4": 0.007163024002330057, "x5": 0.01255131870067077, "x6": 0.007311451208984806, "x7": 0.010499669307474103, "x8": 0.002109455600440034}, "datetime": {"datetime": "2022-06-27 10:34:50", "elapsed": 1.121305, "delta": 0.010287}}
{"target": 1.0015960931777954, "params": {"x1": 0.006927704111482371, "x2": 0.014548991818478987, "x3": 0.009687664016494955, "x4": 0.012268393395793635, "x5": 0.00807520972953431, "x6": 0.007968889997248119, "x7": 0.013486397443085598, "x8": 0.00108491094945526}, "datetime": {"datetime": "2022-06-27 10:34:50", "elapsed": 1.130995, "delta": 0.00969}}
{"target": 0.8305438756942749, "params": {"x1": 0.009172356344794954, "x2": 0.015084201206927189, "x3": 0.00828576077075715, "x4": 0.003111452952446152, "x5": 0.013567030279095619, "x6": 0.004026226277693645, "x7": 0.011211616583720607, "x8": 0.008644175046350398}, "datetime": {"datetime": "2022-06-27 10:34:50", "elapsed": 1.140892, "delta": 0.009897}}
{"target": 1.198225975036621, "params": {"x1": 0.015181380612483513, "x2": 0.009989387238442815, "x3": 0.01340764739276367, "x4": 0.00012692601911236956, "x5": 0.015829440898666208, "x6": 0.001243433125318184, "x7": 0.005154072217836314, "x8": 0.015138438327308245}, "datetime": {"datetime": "2022-06-27 10:34:50", "elapsed": 1.150355, "delta": 0.009463}}
{"target": 2.32163405418396, "params": {"x1": 0.00014302563793992107, "x2": 0.013163680086750968, "x3": 0.01377938621386871, "x4": 0.00703729302733716, "x5": 0.004091923100894899, "x6": 0.012843032314132778, "x7": 0.007645792070915538, "x8": 0.0021494177384911383}, "datetime": {"datetime": "2022-06-27 10:34:50", "elapsed": 1.160435, "delta": 0.01008}}
{"target": 1.1366491317749023, "params": {"x1": 0.014845583885200173, "x2": 0.014335519472106375, "x3": 0.007864722400270965, "x4": 0.013707239944284674, "x5": 0.006697248412225579, "x6": 0.010935438402660818, "x7": 0.0063678502305267596, "x8": 0.008091872279212967}, "datetime": {"datetime": "2022-06-27 10:34:50", "elapsed": 1.169894, "delta": 0.009459}}
{"target": 1.0719317197799683, "params": {"x1": 0.003032827245342837, "x2": 0.015439822785774621, "x3": 0.004707451011908076, "x4": 0.0016553528978624215, "x5": 0.0023090464036647695, "x6": 0.0002254767070790873, "x7": 0.011455131191398312, "x8": 0.009031973123853987}, "datetime": {"datetime": "2022-06-27 10:34:50", "elapsed": 1.1787, "delta": 0.008806}}
{"target": 0.8937525153160095, "params": {"x1": 0.012713253618956035, "x2": 0.008113278772546183, "x3": 0.012669136632066461, "x4": 0.01113222742834943, "x5": 0.012445575629746805, "x6": 0.006503725903633381, "x7": 0.010364330130999699, "x8": 0.0028767087630875905}, "datetime": {"datetime": "2022-06-27 10:34:50", "elapsed": 1.18818, "delta": 0.00948}}
{"target": 1.5692554712295532, "params": {"x1": 0.005149119414206464, "x2": 0.00276167392191668, "x3": 0.006538195600212199, "x4": 0.003862699967449581, "x5": 0.006510751906069727, "x6": 0.015603557478996994, "x7": 0.0051251092131525, "x8": 0.015719855119598326}, "datetime": {"datetime": "2022-06-27 10:34:50", "elapsed": 1.197082, "delta": 0.008902}}
{"target": 1.2476539611816406, "params": {"x1": 0.010180898013695738, "x2": 0.006001456294302577, "x3": 0.013719751985337546, "x4": 0.009913387829897181, "x5": 0.00403252928209343, "x6": 0.012685690847630202, "x7": 0.0069270161397466095, "x8": 0.005720178677287063}, "datetime": {"datetime": "2022-06-27 10:34:50", "elapsed": 1.206287, "delta": 0.009205}}
{"target": 1.2927268743515015, "params": {"x1": 0.005284430984401295, "x2": 0.011157902009810232, "x3": 0.004298401982499625, "x4": 0.012932448219286082, "x5": 0.004724620710397565, "x6": 0.008705942137365716, "x7": 0.0078067438688832385, "x8": 0.013685702601525917}, "datetime": {"datetime": "2022-06-27 10:34:50", "elapsed": 1.215105, "delta": 0.008818}}
