{"target": 1.39736807346344, "params": {"x1": 0.0021630101976378526, "x2": 0.012244713683443544, "x3": 0.005602679331473849, "x4": 0.005220233998553003, "x5": 0.009982914177493328, "x6": 0.001571562092045884, "x7": 0.004963781517016262, "x8": 0.003973676662838935}, "datetime": {"datetime": "2022-06-27 10:35:27", "elapsed": 22.084565, "delta": 0.179185}}
{"target": 3.271900177001953, "params": {"x1": 0.0, "x2": 0.0, "x3": 0.016, "x4": 0.007366226586204507, "x5": 0.0, "x6": 0.00337229023463268, "x7": 0.0, "x8": 0.0}, "datetime": {"datetime": "2022-06-27 10:35:27", "elapsed": 22.454305, "delta": 0.36974}}
{"target": 1.8049976825714111, "params": {"x1": 0.0012315536480792168, "x2": 0.013636555140485595, "x3": 0.004358175645794093, "x4": 0.00737069913642212, "x5": 0.009744570228920316, "x6": 0.0034177614697663296, "x7": 0.003793890778846816, "x8": 0.002709569896607306}, "datetime": {"datetime": "2022-06-27 10:35:27", "elapsed": 22.626699, "delta": 0.172394}}
{"target": 3.234351396560669, "params": {"x1": 0.0, "x2": 0.0, "x3": 0.0, "x4": 0.007984751207984994, "x5": 0.009814118706683219, "x6": 0.016, "x7": 0.0, "x8": 0.0}, "datetime": {"datetime": "2022-06-27 10:35:28", "elapsed": 23.103205, "delta": 0.476506}}
{"target": 3.120126485824585, "params": {"x1": 0.0, "x2": 0.016, "x3": 0.016, "x4": 0.016, "x5": 0.0, "x6": 0.0, "x7": 0.0, "x8": 0.0}, "datetime": {"datetime": "2022-06-27 10:35:28", "elapsed": 23.560339, "delta": 0.457134}}
{"target": 1.5487565994262695, "params": {"x1": 0.0007925130442863627, "x2": 0.01352650463222547, "x3": 0.011348583094141941, "x4": 0.006642649004632796, "x5": 0.0031886875585291747, "x6": 0.014100971806068808, "x7": 0.00935327818525301, "x8": 0.0009375026410173356}, "datetime": {"datetime": "2022-06-27 10:35:28", "elapsed": 23.763431, "delta": 0.203092}}
{"target": 1.348172664642334, "params": {"x1": 0.0024013173552517326, "x2": 0.008889685184035349, "x3": 0.014190855660831746, "x4": 0.0018254572779756372, "x5": 0.010527024527891787, "x6": 0.010085109079424222, "x7": 0.008480145868254319, "x8": 0.014783542347869421}, "datetime": {"datetime": "2022-06-27 10:35:28", "elapsed": 23.920792, "delta": 0.157361}}
{"target": 3.1937618255615234, "params": {"x1": 0.0, "x2": 0.010580641702629047, "x3": 0.016, "x4": 0.009246550780699666, "x5": 0.00806414020024806, "x6": 0.004370750103508828, "x7": 0.0, "x8": 0.0}, "datetime": {"datetime": "2022-06-27 10:35:29", "elapsed": 24.263674, "delta": 0.342882}}
{"target": 3.293086528778076, "params": {"x1": 0.0, "x2": 0.0, "x3": 0.016, "x4": 0.0, "x5": 0.011831042130972037, "x6": 0.016, "x7": 0.0, "x8": 0.0}, "datetime": {"datetime": "2022-06-27 10:35:29", "elapsed": 24.673024, "delta": 0.40935}}
{"target": 3.3208937644958496, "params": {"x1": 0.0, "x2": 0.0, "x3": 0.016, "x4": 0.0, "x5": 0.008061343208577215, "x6": 0.016, "x7": 0.0, "x8": 0.016}, "datetime": {"datetime": "2022-06-27 10:35:30", "elapsed": 25.249757, "delta": 0.576733}}
{"target": 1.212479829788208, "params": {"x1": 0.010726500264537938, "x2": 0.014096611791972467, "x3": 0.00040360152081583145, "x4": 0.009957200828815346, "x5": 0.003322707754736973, "x6": 0.014425781159887269, "x7": 0.01249111655752628, "x8": 0.003393507344589052}, "datetime": {"datetime": "2022-06-27 10:35:30", "elapsed": 25.436295, "delta": 0.186538}}
{"target": 1.0254969596862793, "params": {"x1": 0.007536654017509015, "x2": 0.012079771590758142, "x3": 0.007854313771950464, "x4": 0.005627137293511989, "x5": 0.0004198843864504358, "x6": 0.008926124043847423, "x7": 0.006270469135230964, "x8": 0.011099879090603207}, "datetime": {"datetime": "2022-06-27 10:35:30", "elapsed": 25.583669, "delta": 0.147374}}
{"target": 0.8862291574478149, "params": {"x1": 0.012947490956463971, "x2": 0.0098620354666839, "x3": 0.006207081396098195, "x4": 0.015549655851819721, "x5": 0.010654961227686307, "x6": 0.004678719248988577, "x7": 0.014404716046000106, "x8": 0.0007727543071708478}, "datetime": {"datetime": "2022-06-27 10:35:30", "elapsed": 25.737148, "delta": 0.153479}}
{"target": 2.3554396629333496, "params": {"x1": 2.638934470040155e-05, "x2": 0.0015978212193350867, "x3": 0.0018259401607353212, "x4": 0.0038019703602788194, "x5": 0.014015126428375374, "x6": 0.008798923161879284, "x7": 0.007834920883290637, "x8": 0.014958089210414463}, "datetime": {"datetime": "2022-06-27 10:35:30", "elapsed": 25.920147, "delta": 0.182999}}
{"target": 0.9865934252738953, "params": {"x1": 0.004535154327229933, "x2": 0.010846894776931057, "x3": 0.012210327455391773, "x4": 0.004651968547355223, "x5": 0.0020260694917161553, "x6": 0.00017957993304690056, "x7": 0.014198114228772585, "x8": 0.007420004018827068}, "datetime": {"datetime": "2022-06-27 10:35:31", "elapsed": 26.07747, "delta": 0.157323}}
{"target": 1.0807336568832397, "params": {"x1": 0.005974676817196981, "x2": 0.005568145179587336, "x3": 0.0035110873105452835, "x4": 0.003436951894218014, "x5": 0.006544648490962907, "x6": 0.009666776341135342, "x7": 0.010806859575147865, "x8": 0.012116020262952923}, "datetime": {"datetime": "2022-06-27 10:35:31", "elapsed": 26.25869, "delta": 0.18122}}
{"target": 1.5834060907363892, "params": {"x1": 0.010949530127986811, "x2": 0.012575105827982427, "x3": 0.006818592637378568, "x4": 0.0010705281139795418, "x5": 0.015790051148592582, "x6": 0.011902055209406398, "x7": 0.0009984041570881904, "x8": 0.0065395544052973004}, "datetime": {"datetime": "2022-06-27 10:35:31", "elapsed": 26.421594, "delta": 0.162904}}
{"target": 2.073448657989502, "params": {"x1": 0.012214291831228167, "x2": 0.006309092535399259, "x3": 0.014410707751492393, "x4": 0.011304397077184423, "x5": 0.0030669168084800588, "x6": 0.0022632859259943067, "x7": 0.00010328865076987626, "x8": 0.0017729028794366073}, "datetime": {"datetime": "2022-06-27 10:35:31", "elapsed": 26.591458, "delta": 0.169864}}
{"target": 1.647020936012268, "params": {"x1": 0.0006453688335758799, "x2": 0.0115932029488063, "x3": 0.011050982345052645, "x4": 0.0049168554581387825, "x5": 0.011761417257872235, "x6": 0.0022272964677464914, "x7": 0.006118285711563532, "x8": 0.006136037209047357}, "datetime": {"datetime": "2022-06-27 10:35:31", "elapsed": 26.83051, "delta": 0.239052}}
{"target": 3.1369433403015137, "params": {"x1": 0.0, "x2": 0.016, "x3": 0.016, "x4": 0.016, "x5": 0.0, "x6": 0.00957918464933531, "x7": 0.0, "x8": 0.0073725464728160005}, "datetime": {"datetime": "2022-06-27 10:35:32", "elapsed": 27.201797, "delta": 0.371287}}
{"target": 1.1752161979675293, "params": {"x1": 0.0037503714491013388, "x2": 0.011390192248922343, "x3": 0.0010665996401270804, "x4": 0.003513408656734857, "x5": 0.0010699407167380599, "x6": 0.006581066629771763, "x7": 0.012628561427468269, "x8": 0.007778970309313326}, "datetime": {"datetime": "2022-06-27 10:35:32", "elapsed": 27.372511, "delta": 0.170714}}
{"target": 1.1867848634719849, "params": {"x1": 0.015879124274912924, "x2": 0.012429043481895075, "x3": 0.011817644087324495, "x4": 0.0013714433163076478, "x5": 0.012706764558646184, "x6": 0.012098703783022238, "x7": 0.004708410101377968, "x8": 0.00757433453533962}, "datetime": {"datetime": "2022-06-27 10:35:32", "elapsed": 27.580013, "delta": 0.207502}}
{"target": 3.134613037109375, "params": {"x1": 0.0, "x2": 0.016, "x3": 0.016, "x4": 0.01130377283715586, "x5": 0.016, "x6": 0.016, "x7": 0.0, "x8": 0.0}, "datetime": {"datetime": "2022-06-27 10:35:33", "elapsed": 28.168078, "delta": 0.588065}}
{"target": 1.0435442924499512, "params": {"x1": 0.007801209725969102, "x2": 0.0038654417363393405, "x3": 0.008913736154335685, "x4": 0.01064090227344139, "x5": 0.0027278729596054915, "x6": 0.0034480815345368436, "x7": 0.008802716839269826, "x8": 0.0009401986535599729}, "datetime": {"datetime": "2022-06-27 10:35:33", "elapsed": 28.359671, "delta": 0.191593}}
{"target": 3.261707305908203, "params": {"x1": 0.0, "x2": 0.0, "x3": 0.0, "x4": 0.0, "x5": 0.0, "x6": 0.00668708687451593, "x7": 0.0, "x8": 0.016}, "datetime": {"datetime": "2022-06-27 10:35:33", "elapsed": 28.82358, "delta": 0.463909}}
{"target": 3.3349497318267822, "params": {"x1": 0.0, "x2": 0.0, "x3": 0.016, "x4": 0.0, "x5": 0.0053213898082879706, "x6": 0.0074992733160912555, "x7": 0.0, "x8": 0.016}, "datetime": {"datetime": "2022-06-27 10:35:34", "elapsed": 29.227948, "delta": 0.404368}}
{"target": 3.303894519805908, "params": {"x1": 0.0, "x2": 0.0, "x3": 0.016, "x4": 0.0, "x5": 0.016, "x6": 0.006270192158052335, "x7": 0.0, "x8": 0.016}, "datetime": {"datetime": "2022-06-27 10:35:34", "elapsed": 29.622223, "delta": 0.394275}}
{"target": 3.290997266769409, "params": {"x1": 0.0, "x2": 0.0, "x3": 0.0, "x4": 0.0, "x5": 0.0, "x6": 0.007633427059151301, "x7": 0.0, "x8": 0.004362296651053898}, "datetime": {"datetime": "2022-06-27 10:35:35", "elapsed": 30.049987, "delta": 0.427764}}
{"target": 1.0950895547866821, "params": {"x1": 0.009807806019087146, "x2": 0.0024599705202044343, "x3": 0.011550144932291987, "x4": 0.009114110988981837, "x5": 0.00717355560850651, "x6": 0.007372875653549018, "x7": 0.00898936360733728, "x8": 0.00039485303076368974}, "datetime": {"datetime": "2022-06-27 10:35:35", "elapsed": 30.313216, "delta": 0.263229}}
{"target": 1.391599178314209, "params": {"x1": 0.009430224401906946, "x2": 0.014840491302641354, "x3": 0.010019006266329428, "x4": 0.009521792147571654, "x5": 0.013457495427467079, "x6": 0.005987412030778236, "x7": 0.0021068067489491593, "x8": 0.013322729474426271}, "datetime": {"datetime": "2022-06-27 10:35:35", "elapsed": 30.501578, "delta": 0.188362}}
{"target": 1.1028594970703125, "params": {"x1": 0.0073097403480064625, "x2": 0.0006951279136234021, "x3": 0.008778346584724712, "x4": 0.010258181792195118, "x5": 0.006764473880256983, "x6": 0.012341003146408479, "x7": 0.01082802890183843, "x8": 0.003987562238388091}, "datetime": {"datetime": "2022-06-27 10:35:35", "elapsed": 30.760619, "delta": 0.259041}}
{"target": 3.2300865650177, "params": {"x1": 0.0, "x2": 0.0, "x3": 0.016, "x4": 0.016, "x5": 0.016, "x6": 0.016, "x7": 0.0, "x8": 0.0}, "datetime": {"datetime": "2022-06-27 10:35:36", "elapsed": 31.482762, "delta": 0.722143}}
{"target": 1.0989896059036255, "params": {"x1": 0.002355568854009791, "x2": 0.013079854529660876, "x3": 0.015324962220449745, "x4": 0.0031515596319265206, "x5": 0.010247846681773393, "x6": 0.0009536294893535953, "x7": 0.015495826377213556, "x8": 0.001586521278257802}, "datetime": {"datetime": "2022-06-27 10:35:36", "elapsed": 31.637767, "delta": 0.155005}}
{"target": 3.180274248123169, "params": {"x1": 0.0, "x2": 0.007538990484772226, "x3": 0.016, "x4": 0.016, "x5": 0.008051491978600157, "x6": 0.016, "x7": 0.0, "x8": 0.0}, "datetime": {"datetime": "2022-06-27 10:35:37", "elapsed": 32.10964, "delta": 0.471873}}
{"target": 1.537908911705017, "params": {"x1": 0.005144298685998571, "x2": 0.008460106419626032, "x3": 0.0004405789982328532, "x4": 0.008178110379827895, "x5": 0.011470228609589178, "x6": 0.012607218380651118, "x7": 0.011258671943586433, "x8": 0.007824331908646573}, "datetime": {"datetime": "2022-06-27 10:35:37", "elapsed": 32.336443, "delta": 0.226803}}
{"target": 3.175391674041748, "params": {"x1": 0.0, "x2": 0.016, "x3": 0.016, "x4": 0.0, "x5": 0.0, "x6": 0.0, "x7": 0.0, "x8": 0.0}, "datetime": {"datetime": "2022-06-27 10:35:37", "elapsed": 32.736218, "delta": 0.399775}}
{"target": 1.0717235803604126, "params": {"x1": 0.004581266948153959, "x2": 0.011140329965045985, "x3": 0.009046950156388518, "x4": 0.009220907537733884, "x5": 0.002949935657047046, "x6": 0.009767705669143867, "x7": 0.009997983481476637, "x8": 0.007352732624602043}, "datetime": {"datetime": "2022-06-27 10:35:37", "elapsed": 32.8858, "delta": 0.149582}}
{"target": 3.1799542903900146, "params": {"x1": 0.0, "x2": 0.00845251221822777, "x3": 0.016, "x4": 0.016, "x5": 0.0, "x6": 0.016, "x7": 0.0, "x8": 0.007902355784541794}, "datetime": {"datetime": "2022-06-27 10:35:38", "elapsed": 33.342244, "delta": 0.456444}}
{"target": 2.142195463180542, "params": {"x1": 3.111921969493636e-05, "x2": 0.008079740182035508, "x3": 0.002084857159576792, "x4": 0.010264723809657525, "x5": 0.00808786257918171, "x6": 0.004377483279735186, "x7": 0.0088971958086876, "x8": 0.005668586658529821}, "datetime": {"datetime": "2022-06-27 10:35:38", "elapsed": 33.544013, "delta": 0.201769}}
{"target": 3.328824996948242, "params": {"x1": 0.0, "x2": 0.0, "x3": 0.016, "x4": 0.0, "x5": 0.006202352393252271, "x6": 0.008482947448009804, "x7": 0.0, "x8": 0.0}, "datetime": {"datetime": "2022-06-27 10:35:38", "elapsed": 33.81482, "delta": 0.270807}}
{"target": 3.2656285762786865, "params": {"x1": 0.0, "x2": 0.0, "x3": 0.016, "x4": 0.016, "x5": 0.00796440624884162, "x6": 0.016, "x7": 0.0, "x8": 0.016}, "datetime": {"datetime": "2022-06-27 10:35:39", "elapsed": 34.142673, "delta": 0.327853}}
{"target": 3.2152020931243896, "params": {"x1": 0.0, "x2": 0.0, "x3": 0.0, "x4": 0.012006041878438135, "x5": 0.013925672464590028, "x6": 0.0, "x7": 0.0, "x8": 0.0}, "datetime": {"datetime": "2022-06-27 10:35:39", "elapsed": 34.533411, "delta": 0.390738}}
{"target": 1.0075212717056274, "params": {"x1": 0.0092786725408487, "x2": 0.003457692951935986, "x3": 0.010556650882221002, "x4": 0.006365631411401635, "x5": 0.0007358236762902841, "x6": 0.014024505216710349, "x7": 0.01336252970593408, "x8": 0.013133395827165254}, "datetime": {"datetime": "2022-06-27 10:35:39", "elapsed": 34.697529, "delta": 0.164118}}
{"target": 1.568689227104187, "params": {"x1": 0.0015772004869620204, "x2": 0.00042947293050876213, "x3": 0.0025519001936732356, "x4": 0.009223841493997667, "x5": 0.012780872688700805, "x6": 0.01413708771964603, "x7": 0.013765833783942496, "x8": 0.013953291212853934}, "datetime": {"datetime": "2022-06-27 10:35:39", "elapsed": 34.855265, "delta": 0.157736}}
{"target": 1.1343246698379517, "params": {"x1": 0.011975617944570225, "x2": 0.013504652501228887, "x3": 0.014680802886695278, "x4": 0.004169011450957918, "x5": 0.014403026248663377, "x6": 0.001481948314609859, "x7": 0.00436287567994196, "x8": 0.001598350980707167}, "datetime": {"datetime": "2022-06-27 10:35:39", "elapsed": 35.02047, "delta": 0.165205}}
{"target": 3.126251220703125, "params": {"x1": 0.0, "x2": 0.016, "x3": 0.016, "x4": 0.016, "x5": 0.0, "x6": 0.0, "x7": 0.0, "x8": 0.016}, "datetime": {"datetime": "2022-06-27 10:35:40", "elapsed": 35.363639, "delta": 0.343169}}
{"target": 3.1356656551361084, "params": {"x1": 0.0, "x2": 0.016, "x3": 0.016, "x4": 0.007580543757005768, "x5": 0.0, "x6": 0.008841561671484803, "x7": 0.0, "x8": 0.0}, "datetime": {"datetime": "2022-06-27 10:35:40", "elapsed": 35.719551, "delta": 0.355912}}
{"target": 3.1024112701416016, "params": {"x1": 0.0, "x2": 0.016, "x3": 0.016, "x4": 0.016, "x5": 0.016, "x6": 0.0, "x7": 0.0, "x8": 0.016}, "datetime": {"datetime": "2022-06-27 10:35:41", "elapsed": 36.085571, "delta": 0.36602}}
{"target": 0.9224060773849487, "params": {"x1": 0.01305024669324091, "x2": 0.0034977394046259995, "x3": 0.004433787452783228, "x4": 0.013465164807697532, "x5": 0.01235644570767896, "x6": 0.008197217903675356, "x7": 0.014485561382824681, "x8": 0.010736317410352558}, "datetime": {"datetime": "2022-06-27 10:35:41", "elapsed": 36.243235, "delta": 0.157664}}
{"target": 1.3254915475845337, "params": {"x1": 0.007887357141209929, "x2": 0.012560540416968066, "x3": 0.012312902938710792, "x4": 0.0008642843297919924, "x5": 0.004310814578996341, "x6": 0.000803789281355467, "x7": 0.003538433025305613, "x8": 0.007965190675719729}, "datetime": {"datetime": "2022-06-27 10:35:41", "elapsed": 36.403868, "delta": 0.160633}}
{"target": 0.8598856329917908, "params": {"x1": 0.01592074040338653, "x2": 0.011004530906470628, "x3": 0.011097947713460246, "x4": 0.013224082886572884, "x5": 0.005261764544203659, "x6": 0.002425942843785263, "x7": 0.012465861238582782, "x8": 0.015201337759231087}, "datetime": {"datetime": "2022-06-27 10:35:41", "elapsed": 36.564324, "delta": 0.160456}}
{"target": 3.2423412799835205, "params": {"x1": 0.0, "x2": 0.00753357146788861, "x3": 0.016, "x4": 0.0, "x5": 0.0, "x6": 0.006905321310755498, "x7": 0.0, "x8": 0.0}, "datetime": {"datetime": "2022-06-27 10:35:41", "elapsed": 37.03075, "delta": 0.466426}}
{"target": 1.261979341506958, "params": {"x1": 0.006735773478403082, "x2": 0.0076414011460309884, "x3": 0.009758928159518124, "x4": 0.015291150914121534, "x5": 0.010863460116200147, "x6": 0.010298406770410723, "x7": 0.005182567316164439, "x8": 0.014527275786521812}, "datetime": {"datetime": "2022-06-27 10:35:42", "elapsed": 37.196512, "delta": 0.165762}}
{"target": 1.49782133102417, "params": {"x1": 0.007704418084002296, "x2": 0.00683744355720639, "x3": 0.010195445165878522, "x4": 0.011370700527021162, "x5": 0.000593724683549901, "x6": 0.007614970268450986, "x7": 0.003148294018561483, "x8": 0.013780277441881764}, "datetime": {"datetime": "2022-06-27 10:35:42", "elapsed": 37.363541, "delta": 0.167029}}
{"target": 3.27406644821167, "params": {"x1": 0.0, "x2": 0.0, "x3": 0.016, "x4": 0.016, "x5": 0.0, "x6": 0.007901951328300762, "x7": 0.0, "x8": 0.016}, "datetime": {"datetime": "2022-06-27 10:35:42", "elapsed": 37.674845, "delta": 0.311304}}
{"target": 3.11555552482605, "params": {"x1": 0.0, "x2": 0.016, "x3": 0.016, "x4": 0.016, "x5": 0.01091320523752197, "x6": 0.007763314067244014, "x7": 0.0, "x8": 0.0}, "datetime": {"datetime": "2022-06-27 10:35:43", "elapsed": 38.125996, "delta": 0.451151}}
{"target": 0.9884332418441772, "params": {"x1": 0.013639686755227195, "x2": 0.006186886627485716, "x3": 0.011809805827455052, "x4": 0.015514524539075107, "x5": 0.015094147267572081, "x6": 0.004946328905370315, "x7": 0.010241116350489366, "x8": 0.0037153446088491206}, "datetime": {"datetime": "2022-06-27 10:35:43", "elapsed": 38.297272, "delta": 0.171276}}
{"target": 3.2061235904693604, "params": {"x1": 0.0, "x2": 0.0080770251152718, "x3": 0.016, "x4": 0.0, "x5": 0.016, "x6": 0.016, "x7": 0.0, "x8": 0.0}, "datetime": {"datetime": "2022-06-27 10:35:43", "elapsed": 38.610454, "delta": 0.313182}}
{"target": 1.2042709589004517, "params": {"x1": 0.013287679406056874, "x2": 0.012656054117203384, "x3": 0.013794825049604605, "x4": 0.003458127570373437, "x5": 0.012485558937104412, "x6": 0.01063897103423987, "x7": 0.0038671715495777336, "x8": 0.0038929262009538786}, "datetime": {"datetime": "2022-06-27 10:35:43", "elapsed": 38.785798, "delta": 0.175344}}
{"target": 3.0602669715881348, "params": {"x1": 0.0, "x2": 0.016, "x3": 0.0, "x4": 0.016, "x5": 0.0, "x6": 0.0, "x7": 0.0, "x8": 0.016}, "datetime": {"datetime": "2022-06-27 10:35:44", "elapsed": 39.146032, "delta": 0.360234}}
{"target": 1.0788835287094116, "params": {"x1": 0.008745634259677318, "x2": 0.0027422049741757455, "x3": 0.005180485985906708, "x4": 0.006625280924572092, "x5": 0.005451466157695041, "x6": 0.0122380012905075, "x7": 0.015444910490626792, "x8": 0.012243709734165924}, "datetime": {"datetime": "2022-06-27 10:35:44", "elapsed": 39.316686, "delta": 0.170654}}
{"target": 3.1693265438079834, "params": {"x1": 0.0, "x2": 0.016, "x3": 0.016, "x4": 0.009396570617068339, "x5": 0.007809355455240692, "x6": 0.016, "x7": 0.0, "x8": 0.005836460066245526}, "datetime": {"datetime": "2022-06-27 10:35:44", "elapsed": 39.687167, "delta": 0.370481}}
{"target": 1.2994673252105713, "params": {"x1": 0.007890581010114115, "x2": 0.012342083003926016, "x3": 0.011170226811149443, "x4": 0.004909161432715924, "x5": 0.013931380160993113, "x6": 0.011376435196883215, "x7": 0.0024185439157020064, "x8": 0.005493330582057235}, "datetime": {"datetime": "2022-06-27 10:35:44", "elapsed": 39.860527, "delta": 0.17336}}
{"target": 3.1887142658233643, "params": {"x1": 0.0, "x2": 0.00880944635789206, "x3": 0.016, "x4": 0.016, "x5": 0.0, "x6": 0.007973346047457672, "x7": 0.0, "x8": 0.0}, "datetime": {"datetime": "2022-06-27 10:35:45", "elapsed": 40.172813, "delta": 0.312286}}
{"target": 3.232619047164917, "params": {"x1": 0.0, "x2": 0.0, "x3": 0.016, "x4": 0.016, "x5": 0.016, "x6": 0.0, "x7": 0.0, "x8": 0.0}, "datetime": {"datetime": "2022-06-27 10:35:45", "elapsed": 40.621333, "delta": 0.44852}}
{"target": 3.1000709533691406, "params": {"x1": 0.0, "x2": 0.016, "x3": 0.016, "x4": 0.016, "x5": 0.016, "x6": 0.016, "x7": 0.0, "x8": 0.016}, "datetime": {"datetime": "2022-06-27 10:35:45", "elapsed": 40.99048, "delta": 0.369147}}
{"target": 3.1781582832336426, "params": {"x1": 0.0, "x2": 0.0, "x3": 0.0, "x4": 0.016, "x5": 0.016, "x6": 0.007172827168446171, "x7": 0.0, "x8": 0.0}, "datetime": {"datetime": "2022-06-27 10:35:46", "elapsed": 41.281316, "delta": 0.290836}}
{"target": 2.3237390518188477, "params": {"x1": 0.014983479202780255, "x2": 0.007345458025854385, "x3": 0.0004991370203385017, "x4": 0.007117299099522727, "x5": 0.0005508867795322594, "x6": 0.00477763816548362, "x7": 4.1994279600327643e-05, "x8": 0.01562540828866709}, "datetime": {"datetime": "2022-06-27 10:35:46", "elapsed": 41.466662, "delta": 0.185346}}
{"target": 1.4521559476852417, "params": {"x1": 0.00316530225002726, "x2": 0.002363321534175409, "x3": 0.015412959007897818, "x4": 0.004844665609775454, "x5": 0.014153918456840995, "x6": 0.007386051900683368, "x7": 0.0077430839998815825, "x8": 0.012942905799296333}, "datetime": {"datetime": "2022-06-27 10:35:46", "elapsed": 41.654296, "delta": 0.187634}}
{"target": 3.190432071685791, "params": {"x1": 0.0, "x2": 0.0, "x3": 0.0, "x4": 0.016, "x5": 0.0, "x6": 0.0, "x7": 0.0, "x8": 0.0}, "datetime": {"datetime": "2022-06-27 10:35:46", "elapsed": 42.042377, "delta": 0.388081}}
{"target": 3.196556806564331, "params": {"x1": 0.0, "x2": 0.0, "x3": 0.0, "x4": 0.016, "x5": 0.0, "x6": 0.0, "x7": 0.0, "x8": 0.016}, "datetime": {"datetime": "2022-06-27 10:35:47", "elapsed": 42.818162, "delta": 0.775785}}
{"target": 1.5975794792175293, "params": {"x1": 0.008884203128028264, "x2": 0.01574049472939151, "x3": 0.0055334438911915015, "x4": 0.007132364511559746, "x5": 0.0005371874197967017, "x6": 0.008458038374210084, "x7": 0.001314126386204494, "x8": 0.014828860026509877}, "datetime": {"datetime": "2022-06-27 10:35:47", "elapsed": 43.033615, "delta": 0.215453}}
