{"target": 1.3757669925689697, "params": {"x1": 0.006672352075241184, "x2": 0.011525191895074529, "x3": 1.8299970775181863e-06, "x4": 0.0048373211621094364, "x5": 0.0023480942530738087, "x6": 0.001477417516300765, "x7": 0.0029801633820427343, "x8": 0.005528971632688764}, "datetime": {"datetime": "2022-06-27 10:34:49", "elapsed": 0.0, "delta": 0.0}}
{"target": 1.8586680889129639, "params": {"x1": 0.006348279587690719, "x2": 0.00862106774405371, "x3": 0.006707112230452717, "x4": 0.010963512006348153, "x5": 0.003271235995704279, "x6": 0.014049878982255126, "x7": 0.00043820149116681863, "x8": 0.010727480162854436}, "datetime": {"datetime": "2022-06-27 10:34:49", "elapsed": 0.013386, "delta": 0.013386}}
{"target": 1.2516717910766602, "params": {"x1": 0.006676876837874031, "x2": 0.008939037255132027, "x3": 0.0022461910175237405, "x4": 0.003169623825358061, "x5": 0.012811913098808587, "x6": 0.01549218521151036, "x7": 0.005014786850547886, "x8": 0.011077161850709026}, "datetime": {"datetime": "2022-06-27 10:34:49", "elapsed": 0.024925, "delta": 0.011539}}
{"target": 1.6216297149658203, "params": {"x1": 0.014022226436736613, "x2": 0.014313706616061557, "x3": 0.0013607073819164467, "x4": 0.0006248765317261178, "x5": 0.0027172867130331024, "x6": 0.01405028005487061, "x7": 0.0015735493413288016, "x8": 0.0067377220000808345}, "datetime": {"datetime": "2022-06-27 10:34:49", "elapsed": 0.035861, "delta": 0.010936}}
{"target": 1.9031555652618408, "params": {"x1": 0.01532623248240803, "x2": 0.008530644559568274, "x3": 0.011070033823207573, "x4": 0.005048250096097007, "x5": 0.01098401484290534, "x6": 0.013354010750357966, "x7": 0.0002926124375070689, "x8": 0.01200230903911948}, "datetime": {"datetime": "2022-06-27 10:34:49", "elapsed": 0.04852, "delta": 0.012659}}
{"target": 0.8642962574958801, "params": {"x1": 0.015821777422503916, "x2": 0.011970650470077431, "x3": 0.004487103873030483, "x4": 0.012628469255223816, "x5": 0.0016516161052422724, "x6": 0.007166296418814483, "x7": 0.01453752804948953, "x8": 0.004697826373978872}, "datetime": {"datetime": "2022-06-27 10:34:49", "elapsed": 0.059493, "delta": 0.010973}}
{"target": 1.4624123573303223, "params": {"x1": 0.00460440541738158, "x2": 0.002080457153892443, "x3": 0.0003098713259247532, "x4": 0.010861368527038255, "x5": 0.0033860498560009445, "x6": 0.0042487465499556195, "x7": 0.007865170548485413, "x8": 0.0008538007218732861}, "datetime": {"datetime": "2022-06-27 10:34:49", "elapsed": 0.070259, "delta": 0.010766}}
{"target": 1.050373911857605, "params": {"x1": 0.009185881687872209, "x2": 0.0023476571984929625, "x3": 0.009428888590452548, "x4": 0.0111961337603349, "x5": 0.0016373508612452135, "x6": 0.006624895805113093, "x7": 0.011110402523643922, "x8": 0.006626868312430443}, "datetime": {"datetime": "2022-06-27 10:34:49", "elapsed": 0.082397, "delta": 0.012138}}
{"target": 1.5868667364120483, "params": {"x1": 0.0007992553431373946, "x2": 0.008574342494648186, "x3": 0.010620714323516621, "x4": 0.008238225792932936, "x5": 0.015113516095853013, "x6": 0.009384880648031887, "x7": 0.014454430644606137, "x8": 0.0021995952663398004}, "datetime": {"datetime": "2022-06-27 10:34:49", "elapsed": 0.093543, "delta": 0.011146}}
{"target": 1.069492220878601, "params": {"x1": 0.002228421556012137, "x2": 0.012918260619352381, "x3": 0.006362829391768537, "x4": 0.0026456671538709247, "x5": 0.014840137286336543, "x6": 0.005564253755928105, "x7": 0.012012993650178489, "x8": 0.011615967765607223}, "datetime": {"datetime": "2022-06-27 10:34:49", "elapsed": 0.105695, "delta": 0.012152}}
{"target": 1.0621784925460815, "params": {"x1": 0.014132897459292958, "x2": 0.009978755312889743, "x3": 0.012015078944437395, "x4": 0.00558237347164548, "x5": 0.004318846268240417, "x6": 0.01433417949113707, "x7": 0.006849459037940719, "x8": 0.01543744075437417}, "datetime": {"datetime": "2022-06-27 10:34:49", "elapsed": 0.118192, "delta": 0.012497}}
{"target": 1.1272525787353516, "params": {"x1": 0.01061506396509517, "x2": 0.00994713152334595, "x3": 0.001835935567254003, "x4": 0.01519182813931314, "x5": 0.007198594135679049, "x6": 0.009254233830194109, "x7": 0.006530188844180499, "x8": 0.0037924316838884435}, "datetime": {"datetime": "2022-06-27 10:34:49", "elapsed": 0.132575, "delta": 0.014383}}
{"target": 0.8486489653587341, "params": {"x1": 0.014454072328996061, "x2": 0.009178871786756575, "x3": 4.592523249854352e-05, "x4": 0.009874318617931583, "x5": 0.005226318428353538, "x6": 0.00843292963612175, "x7": 0.014175073588972392, "x8": 0.005716316160039997}, "datetime": {"datetime": "2022-06-27 10:34:49", "elapsed": 0.14922, "delta": 0.016645}}
{"target": 1.4336442947387695, "params": {"x1": 0.014536562414716788, "x2": 0.009973761852668845, "x3": 0.00025313988554490053, "x4": 0.01487099573990018, "x5": 0.011054350680270783, "x6": 0.015957165607223687, "x7": 0.002757448133525257, "x8": 0.002194171994062044}, "datetime": {"datetime": "2022-06-27 10:34:49", "elapsed": 0.170592, "delta": 0.021372}}
{"target": 1.0087206363677979, "params": {"x1": 0.014921527408594617, "x2": 0.011149090583838403, "x3": 0.0010560027635529998, "x4": 0.012087408841639462, "x5": 0.012062019015379942, "x6": 0.014768392568743734, "x7": 0.011384396138055548, "x8": 0.001988335391554635}, "datetime": {"datetime": "2022-06-27 10:34:49", "elapsed": 0.185866, "delta": 0.015274}}
{"target": 2.3874030113220215, "params": {"x1": 0.00031808214143672943, "x2": 0.00041937579004350847, "x3": 0.0004529038083327137, "x4": 0.003939377081648735, "x5": 0.01376044717892621, "x6": 0.008621297029466445, "x7": 0.008845151658972254, "x8": 0.013472494277753691}, "datetime": {"datetime": "2022-06-27 10:34:49", "elapsed": 0.199274, "delta": 0.013408}}
{"target": 1.3335425853729248, "params": {"x1": 0.0019867730419185783, "x2": 0.004466938864178232, "x3": 0.009372148343332606, "x4": 0.015513531973114792, "x5": 0.00897648350809136, "x6": 0.00029835662996708837, "x7": 0.01281012276288986, "x8": 0.003727588381456327}, "datetime": {"datetime": "2022-06-27 10:34:49", "elapsed": 0.21308, "delta": 0.013806}}
{"target": 1.7788437604904175, "params": {"x1": 0.012913683129900466, "x2": 0.006205770305026748, "x3": 0.013816669672950858, "x4": 0.011953946283794955, "x5": 0.008899843743846702, "x6": 0.0021832836105709604, "x7": 0.0009586830321953865, "x8": 0.0019414952918517976}, "datetime": {"datetime": "2022-06-27 10:34:49", "elapsed": 0.226673, "delta": 0.013593}}
{"target": 2.3248326778411865, "params": {"x1": 0.0007128300567161876, "x2": 0.0017199060656974865, "x3": 0.003611349417725675, "x4": 0.011407823686122826, "x5": 0.00895547171286628, "x6": 0.00020089568254585366, "x7": 0.0011515884750317885, "x8": 0.015476421280004352}, "datetime": {"datetime": "2022-06-27 10:34:49", "elapsed": 0.245033, "delta": 0.01836}}
{"target": 0.902927815914154, "params": {"x1": 0.009089607390719075, "x2": 0.003252691754575848, "x3": 0.004037211913125175, "x4": 0.011901213665201487, "x5": 0.003126871697749101, "x6": 0.009301742836372124, "x7": 0.015520319825412998, "x8": 0.013549260823840564}, "datetime": {"datetime": "2022-06-27 10:34:49", "elapsed": 0.259179, "delta": 0.014146}}
{"target": 1.7280560731887817, "params": {"x1": 0.0038375641463613787, "x2": 0.00790031542829968, "x3": 0.009919291494102075, "x4": 0.01326369439280286, "x5": 0.0025086623143373483, "x6": 0.0002972192348385523, "x7": 0.0011203542995075573, "x8": 0.007781521774992509}, "datetime": {"datetime": "2022-06-27 10:34:49", "elapsed": 0.273967, "delta": 0.014788}}
{"target": 0.938832700252533, "params": {"x1": 0.009701271386453285, "x2": 0.009101622993383702, "x3": 0.005077798549154572, "x4": 0.015817858470599182, "x5": 0.009275923507932752, "x6": 0.006082258761976806, "x7": 0.008815171505886349, "x8": 0.011925350894504033}, "datetime": {"datetime": "2022-06-27 10:34:49", "elapsed": 0.292898, "delta": 0.018931}}
{"target": 1.0201376676559448, "params": {"x1": 0.010707726295250953, "x2": 0.00423871292260495, "x3": 0.001061357350855065, "x4": 0.005921347166625701, "x5": 0.010075480112345032, "x6": 0.0033627841586374337, "x7": 0.012044088859821021, "x8": 0.0010645837016658392}, "datetime": {"datetime": "2022-06-27 10:34:49", "elapsed": 0.308978, "delta": 0.01608}}
{"target": 1.3745739459991455, "params": {"x1": 0.004165041577256655, "x2": 0.012876073019893528, "x3": 0.003094948521973244, "x4": 0.010231374094079043, "x5": 0.00839472494597974, "x6": 0.014796927526389612, "x7": 0.004212748327793775, "x8": 0.0010553774509443805}, "datetime": {"datetime": "2022-06-27 10:34:49", "elapsed": 0.325988, "delta": 0.01701}}
{"target": 0.9416347742080688, "params": {"x1": 0.011761055412618711, "x2": 0.012354848472691948, "x3": 0.014525053640056384, "x4": 0.014911553107149396, "x5": 0.00022322516760955226, "x6": 0.0037497933779427283, "x7": 0.009868453712026522, "x8": 0.015184261131001863}, "datetime": {"datetime": "2022-06-27 10:34:49", "elapsed": 0.342155, "delta": 0.016167}}
{"target": 0.9906265735626221, "params": {"x1": 0.015202817907953275, "x2": 0.008906451011122503, "x3": 0.014649701596260393, "x4": 0.0102650593431414, "x5": 0.00624012342625994, "x6": 0.007775850673550556, "x7": 0.009668967726719572, "x8": 0.008792766744137}, "datetime": {"datetime": "2022-06-27 10:34:49", "elapsed": 0.362967, "delta": 0.020812}}
{"target": 1.486387848854065, "params": {"x1": 0.014818902827303259, "x2": 0.014699734970137698, "x3": 0.006318009806776878, "x4": 0.01541220045505139, "x5": 0.0027832906668874297, "x6": 0.0020212723110341973, "x7": 0.0021612665287477012, "x8": 0.008090594650830348}, "datetime": {"datetime": "2022-06-27 10:34:49", "elapsed": 0.382339, "delta": 0.019372}}
{"target": 2.482495069503784, "params": {"x1": 0.0003443968843871677, "x2": 0.015167523379482897, "x3": 0.01323384753873172, "x4": 0.00024030369187395806, "x5": 0.002819140089200884, "x6": 0.005313017189869392, "x7": 0.0020959495169746703, "x8": 0.012951851074025314}, "datetime": {"datetime": "2022-06-27 10:34:49", "elapsed": 0.397121, "delta": 0.014782}}
{"target": 1.193434238433838, "params": {"x1": 0.005515786442932696, "x2": 0.015041719717333875, "x3": 0.009312226879153281, "x4": 0.014061311750589505, "x5": 0.01351575112627555, "x6": 0.014486277099338389, "x7": 0.007358084253068911, "x8": 0.008741549056325973}, "datetime": {"datetime": "2022-06-27 10:34:49", "elapsed": 0.412533, "delta": 0.015412}}
{"target": 1.13602876663208, "params": {"x1": 0.01277765745843263, "x2": 0.004571501627746361, "x3": 0.007844056361918844, "x4": 0.009585764922334055, "x5": 0.0002485324088133716, "x6": 0.009495702531146195, "x7": 0.006938821583831333, "x8": 0.012917768462157463}, "datetime": {"datetime": "2022-06-27 10:34:49", "elapsed": 0.435852, "delta": 0.023319}}
{"target": 2.061129570007324, "params": {"x1": 0.005043916849525968, "x2": 0.014286219336402423, "x3": 0.009245715444552568, "x4": 0.002944163226039441, "x5": 0.01260686774120807, "x6": 0.009792498832718943, "x7": 0.0008625483531800474, "x8": 0.006723098880018116}, "datetime": {"datetime": "2022-06-27 10:34:49", "elapsed": 0.457953, "delta": 0.022101}}
{"target": 0.8822362422943115, "params": {"x1": 0.010865101385046873, "x2": 0.014697628447640413, "x3": 6.43239826171893e-06, "x4": 0.015628146384496954, "x5": 0.006025285035932392, "x6": 0.01558053661373316, "x7": 0.009675457615584849, "x8": 0.013261532927691088}, "datetime": {"datetime": "2022-06-27 10:34:49", "elapsed": 0.471423, "delta": 0.01347}}
{"target": 0.8302057981491089, "params": {"x1": 0.009195384075329638, "x2": 0.010049219172917607, "x3": 0.004569220507131103, "x4": 0.009389333450497327, "x5": 0.012000348219242559, "x6": 0.013733021382864677, "x7": 0.012081315015482883, "x8": 0.011168915975156847}, "datetime": {"datetime": "2022-06-27 10:34:49", "elapsed": 0.49147, "delta": 0.020047}}
{"target": 1.095741629600525, "params": {"x1": 0.013831670880873597, "x2": 0.005162895949387943, "x3": 0.010732620652601397, "x4": 0.007213982982613587, "x5": 0.006113644032504276, "x6": 0.0065729815987549695, "x7": 0.00642367333551265, "x8": 0.00507814313533243}, "datetime": {"datetime": "2022-06-27 10:34:49", "elapsed": 0.505488, "delta": 0.014018}}
{"target": 1.2083061933517456, "params": {"x1": 0.009950709886724824, "x2": 0.00688395633314023, "x3": 0.015580833246836037, "x4": 0.010844814262948978, "x5": 0.003177118214833774, "x6": 0.006827216149568525, "x7": 0.005493539836390769, "x8": 0.012762220863337064}, "datetime": {"datetime": "2022-06-27 10:34:49", "elapsed": 0.516952, "delta": 0.011464}}
{"target": 1.0044314861297607, "params": {"x1": 0.01407997261701491, "x2": 0.014461471293221952, "x3": 0.010603516998004195, "x4": 0.0043233321924761245, "x5": 0.004037867224073436, "x6": 0.013678367083158439, "x7": 0.008443434340939946, "x8": 0.01283457734407357}, "datetime": {"datetime": "2022-06-27 10:34:49", "elapsed": 0.529208, "delta": 0.012256}}
{"target": 1.143677830696106, "params": {"x1": 0.0091598162750657, "x2": 0.011730280404600179, "x3": 0.008304186039424894, "x4": 0.012334142568030207, "x5": 0.009101727851275448, "x6": 0.007451358057471694, "x7": 0.005483022527252509, "x8": 0.001091349574667266}, "datetime": {"datetime": "2022-06-27 10:34:49", "elapsed": 0.540847, "delta": 0.011639}}
{"target": 1.1226955652236938, "params": {"x1": 0.006046786869249598, "x2": 0.0012740172431720377, "x3": 0.01572507381968712, "x4": 0.0029058056212922204, "x5": 0.012989739163528637, "x6": 0.01399938631929437, "x7": 0.011014612038175093, "x8": 0.00911191060392601}, "datetime": {"datetime": "2022-06-27 10:34:49", "elapsed": 0.551707, "delta": 0.01086}}
{"target": 1.096522331237793, "params": {"x1": 0.0025755429890497402, "x2": 0.007470080364212901, "x3": 0.00552275281848344, "x4": 0.0036006393250253535, "x5": 0.009480189900252749, "x6": 0.004996317403230671, "x7": 0.014660888855493612, "x8": 0.014554168399224913}, "datetime": {"datetime": "2022-06-27 10:34:49", "elapsed": 0.562564, "delta": 0.010857}}
{"target": 1.5183473825454712, "params": {"x1": 0.004113892700515139, "x2": 0.0017742608119044672, "x3": 0.0030874037123058058, "x4": 0.007993346730862176, "x5": 0.01165737068759354, "x6": 0.0033311110145406637, "x7": 0.003968536934035692, "x8": 0.013626749998981872}, "datetime": {"datetime": "2022-06-27 10:34:49", "elapsed": 0.574326, "delta": 0.011762}}
{"target": 1.5257647037506104, "params": {"x1": 0.0066535794922804375, "x2": 0.009866961074483779, "x3": 0.003738658227828001, "x4": 0.001631476150812759, "x5": 0.008253712271496478, "x6": 0.007634255792796518, "x7": 0.002442746305490612, "x8": 0.009948899707846648}, "datetime": {"datetime": "2022-06-27 10:34:49", "elapsed": 0.585135, "delta": 0.010809}}
{"target": 0.8785151243209839, "params": {"x1": 0.00870416190102301, "x2": 0.010466197551531909, "x3": 0.002312728641994557, "x4": 0.012024445074163902, "x5": 0.003552786236798763, "x6": 0.008309629189856529, "x7": 0.012564736451545903, "x8": 0.00035728684786889885}, "datetime": {"datetime": "2022-06-27 10:34:49", "elapsed": 0.596598, "delta": 0.011463}}
{"target": 1.1405218839645386, "params": {"x1": 0.005189799355618984, "x2": 0.013966758022401778, "x3": 0.013515353721633113, "x4": 0.008615049481512699, "x5": 0.013865732386664208, "x6": 0.015196895861658025, "x7": 0.013222511962069462, "x8": 0.01366584710138462}, "datetime": {"datetime": "2022-06-27 10:34:49", "elapsed": 0.618438, "delta": 0.02184}}
{"target": 1.3945553302764893, "params": {"x1": 0.0015798944291255737, "x2": 0.010420869317455858, "x3": 0.011256271810442448, "x4": 0.009763853002346074, "x5": 0.01279384418777645, "x6": 0.000553139517946148, "x7": 0.012323819752879678, "x8": 0.011707657611832432}, "datetime": {"datetime": "2022-06-27 10:34:49", "elapsed": 0.628514, "delta": 0.010076}}
{"target": 1.0872243642807007, "params": {"x1": 0.004155174292773649, "x2": 0.004113108781154347, "x3": 0.010116853078882045, "x4": 0.005524759385457305, "x5": 0.012745418848116601, "x6": 0.007138339712055316, "x7": 0.012523990636546752, "x8": 0.01584754853798145}, "datetime": {"datetime": "2022-06-27 10:34:49", "elapsed": 0.639372, "delta": 0.010858}}
{"target": 1.2257601022720337, "params": {"x1": 0.004803973432542401, "x2": 0.00228809325212959, "x3": 0.014420934981588382, "x4": 0.008664950062197972, "x5": 0.015595845933681317, "x6": 0.010185670400030355, "x7": 0.015902608393767663, "x8": 0.008737132866287226}, "datetime": {"datetime": "2022-06-27 10:34:49", "elapsed": 0.66548, "delta": 0.026108}}
{"target": 1.950558066368103, "params": {"x1": 0.008422814942488342, "x2": 0.0021668464491547182, "x3": 0.005691282735742098, "x4": 0.0004194970767419726, "x5": 0.0025663228723143854, "x6": 0.011930195083319937, "x7": 0.0004863950388606213, "x8": 0.00586468955589991}, "datetime": {"datetime": "2022-06-27 10:34:49", "elapsed": 0.676352, "delta": 0.010872}}
{"target": 0.8092392683029175, "params": {"x1": 0.013797540045408707, "x2": 0.01108284348011767, "x3": 0.011055074273058697, "x4": 0.0030181888152849743, "x5": 0.007070468491974774, "x6": 0.00930523851750866, "x7": 0.015836027322619285, "x8": 0.0032624996037299496}, "datetime": {"datetime": "2022-06-27 10:34:49", "elapsed": 0.686148, "delta": 0.009796}}
{"target": 1.569340467453003, "params": {"x1": 0.003963726428197678, "x2": 0.004194769340366591, "x3": 0.012002758612767886, "x4": 0.007311605238971085, "x5": 0.0009108710145775199, "x6": 0.008136259849763834, "x7": 0.0033913626342988155, "x8": 0.012777667916163363}, "datetime": {"datetime": "2022-06-27 10:34:49", "elapsed": 0.696551, "delta": 0.010403}}
{"target": 1.4142624139785767, "params": {"x1": 0.004757302104116356, "x2": 0.0004416961912720581, "x3": 0.009494919191433937, "x4": 0.013501446862899022, "x5": 0.006096257984995427, "x6": 0.011997732971618295, "x7": 0.008178263652754052, "x8": 0.008655228879395018}, "datetime": {"datetime": "2022-06-27 10:34:49", "elapsed": 0.706884, "delta": 0.010333}}
{"target": 1.368309736251831, "params": {"x1": 0.015350949136988038, "x2": 0.01286337426397835, "x3": 0.0005171690659771837, "x4": 0.011350196019700722, "x5": 0.007440023705016097, "x6": 0.015160783062321598, "x7": 0.003542923749175813, "x8": 0.004273152314949852}, "datetime": {"datetime": "2022-06-27 10:34:49", "elapsed": 0.717673, "delta": 0.010789}}
{"target": 1.4481735229492188, "params": {"x1": 0.001303583438036192, "x2": 0.006857901258620585, "x3": 0.0017443002243050928, "x4": 0.010140588169790686, "x5": 0.012847411797979807, "x6": 0.011148807937922856, "x7": 0.012259382097212328, "x8": 0.005479265917496317}, "datetime": {"datetime": "2022-06-27 10:34:50", "elapsed": 0.728741, "delta": 0.011068}}
{"target": 1.972085952758789, "params": {"x1": 0.013533623728442842, "x2": 0.006860300399991081, "x3": 0.013184157926597101, "x4": 0.0100239385379887, "x5": 0.0022947687787239187, "x6": 0.0012541903976791672, "x7": 0.0002933222866081167, "x8": 0.0010675999622297035}, "datetime": {"datetime": "2022-06-27 10:34:50", "elapsed": 0.739006, "delta": 0.010265}}
{"target": 1.60225510597229, "params": {"x1": 0.007337341019334909, "x2": 0.0018134707642814476, "x3": 0.00044453358157871926, "x4": 0.012077783702247479, "x5": 0.0063176076873702304, "x6": 0.011951015929720402, "x7": 0.007238477227943225, "x8": 0.007201387952012178}, "datetime": {"datetime": "2022-06-27 10:34:50", "elapsed": 0.748795, "delta": 0.009789}}
{"target": 0.9153547883033752, "params": {"x1": 0.007649160107485295, "x2": 0.007584062824995104, "x3": 0.012850613473826714, "x4": 0.006438280317723774, "x5": 0.014474978565497969, "x6": 0.0005929767672645739, "x7": 0.012381989483526699, "x8": 0.002010262098203821}, "datetime": {"datetime": "2022-06-27 10:34:50", "elapsed": 0.759529, "delta": 0.010734}}
{"target": 0.9708327054977417, "params": {"x1": 0.009896217070593369, "x2": 0.00016582818136371102, "x3": 0.008618036521221551, "x4": 4.82873059135418e-05, "x5": 0.015219100567843272, "x6": 0.01448643253924445, "x7": 0.01273547107107631, "x8": 0.0146443891186366}, "datetime": {"datetime": "2022-06-27 10:34:50", "elapsed": 0.7695, "delta": 0.009971}}
{"target": 1.315218210220337, "params": {"x1": 0.002328931698534353, "x2": 0.0025236811179285327, "x3": 0.003002106766438944, "x4": 0.009959934436798738, "x5": 0.01449295193613283, "x6": 0.01583928285374518, "x7": 0.011377959340253055, "x8": 0.011708806546276724}, "datetime": {"datetime": "2022-06-27 10:34:50", "elapsed": 0.779699, "delta": 0.010199}}
{"target": 1.565027117729187, "params": {"x1": 0.014548691272708072, "x2": 0.006413979717937934, "x3": 0.003997610883600588, "x4": 0.0027748827325939657, "x5": 0.001911312805339664, "x6": 0.01300176940852526, "x7": 0.0023486779746758907, "x8": 0.004228759723630411}, "datetime": {"datetime": "2022-06-27 10:34:50", "elapsed": 0.790062, "delta": 0.010363}}
{"target": 0.935249924659729, "params": {"x1": 0.013105426858136494, "x2": 0.0049693960287073595, "x3": 0.015718679188687086, "x4": 0.004266219234426163, "x5": 0.008538453519539383, "x6": 0.005031472178973594, "x7": 0.0145723652987814, "x8": 0.005864906301619751}, "datetime": {"datetime": "2022-06-27 10:34:50", "elapsed": 0.799879, "delta": 0.009817}}
{"target": 1.9893076419830322, "params": {"x1": 0.006937477236370633, "x2": 0.008196683076453782, "x3": 0.015022183637915413, "x4": 0.0004951841003384115, "x5": 0.011470058618107027, "x6": 0.014256303268677422, "x7": 0.0004365955762795011, "x8": 0.008352819956040172}, "datetime": {"datetime": "2022-06-27 10:34:50", "elapsed": 0.810153, "delta": 0.010274}}
{"target": 1.375449299812317, "params": {"x1": 0.005215836988320404, "x2": 0.013751829133849373, "x3": 0.008936264814760286, "x4": 0.011043645890603965, "x5": 0.007245655999224599, "x6": 0.010052944600341715, "x7": 0.004641549626998813, "x8": 0.0001495772474642525}, "datetime": {"datetime": "2022-06-27 10:34:50", "elapsed": 0.820043, "delta": 0.00989}}
