{"target": 3.0936191082000732, "params": {"x1": 0.0, "x2": 0.016, "x3": 0.0, "x4": 0.016, "x5": 0.007483844568355464, "x6": 0.0054325823587263525, "x7": 0.0, "x8": 0.009054046241780444}, "datetime": {"datetime": "2022-06-27 10:38:57", "elapsed": 232.703538, "delta": 1.099855}}
{"target": 1.73170006275177, "params": {"x1": 0.005907349567208636, "x2": 0.0018449845424033811, "x3": 0.003552232353528947, "x4": 0.0017541273679591268, "x5": 0.010304446453135814, "x6": 0.013470010647409663, "x7": 0.0021198719293126994, "x8": 0.004839878106093698}, "datetime": {"datetime": "2022-06-27 10:38:58", "elapsed": 233.195002, "delta": 0.491464}}
{"target": 3.2811367511749268, "params": {"x1": 0.0, "x2": 0.0, "x3": 0.0, "x4": 0.0, "x5": 0.0, "x6": 0.003906731822921416, "x7": 0.0, "x8": 0.008998687880972836}, "datetime": {"datetime": "2022-06-27 10:38:59", "elapsed": 234.079042, "delta": 0.88404}}
{"target": 3.1692464351654053, "params": {"x1": 0.0, "x2": 0.016, "x3": 0.016, "x4": 0.0, "x5": 0.016, "x6": 0.010918327818555883, "x7": 0.0, "x8": 0.016}, "datetime": {"datetime": "2022-06-27 10:39:00", "elapsed": 235.311721, "delta": 1.232679}}
{"target": 3.291069507598877, "params": {"x1": 0.0, "x2": 0.0, "x3": 0.016, "x4": 0.01089233647759886, "x5": 0.011777355827311056, "x6": 0.004524024654386176, "x7": 0.0, "x8": 0.0}, "datetime": {"datetime": "2022-06-27 10:39:01", "elapsed": 236.379987, "delta": 1.068266}}
{"target": 1.1270647048950195, "params": {"x1": 0.006805753558330025, "x2": 0.012692555130850549, "x3": 0.003119526006310526, "x4": 0.0071567140287901254, "x5": 0.009501418220702034, "x6": 0.00683616421474713, "x7": 0.008003541538096964, "x8": 0.01219315477138692}, "datetime": {"datetime": "2022-06-27 10:39:01", "elapsed": 236.837839, "delta": 0.457852}}
{"target": 3.142676591873169, "params": {"x1": 0.0, "x2": 0.007385047712702556, "x3": 0.0, "x4": 0.0, "x5": 0.016, "x6": 0.0, "x7": 0.0, "x8": 0.0}, "datetime": {"datetime": "2022-06-27 10:39:02", "elapsed": 237.885299, "delta": 1.04746}}
{"target": 3.268684148788452, "params": {"x1": 0.0, "x2": 0.0, "x3": 0.005720785003765317, "x4": 0.0, "x5": 0.0, "x6": 0.0, "x7": 0.0, "x8": 0.005139877025746604}, "datetime": {"datetime": "2022-06-27 10:39:04", "elapsed": 239.148814, "delta": 1.263515}}
{"target": 3.3527991771698, "params": {"x1": 0.0, "x2": 0.0, "x3": 0.016, "x4": 0.0, "x5": 0.004555844276089508, "x6": 0.010378607896947606, "x7": 0.0, "x8": 0.010981029411424785}, "datetime": {"datetime": "2022-06-27 10:39:05", "elapsed": 240.068854, "delta": 0.92004}}
{"target": 3.2854490280151367, "params": {"x1": 0.0, "x2": 0.0, "x3": 0.009126107035084438, "x4": 0.014094463238746935, "x5": 0.0, "x6": 0.0055893198949534045, "x7": 0.0, "x8": 0.009029143621614109}, "datetime": {"datetime": "2022-06-27 10:39:05", "elapsed": 240.862512, "delta": 0.793658}}
{"target": 2.305528163909912, "params": {"x1": 0.0014393514540676584, "x2": 0.0005971112310346847, "x3": 0.0009876999335326423, "x4": 0.0009594543171102074, "x5": 0.014261187644665302, "x6": 0.007749037144396933, "x7": 0.0010261420613748697, "x8": 0.01586934513114469}, "datetime": {"datetime": "2022-06-27 10:39:06", "elapsed": 241.400824, "delta": 0.538312}}
{"target": 1.4856606721878052, "params": {"x1": 0.013435075304100041, "x2": 0.013319935275623907, "x3": 0.012886937742371426, "x4": 0.010875316862703856, "x5": 0.011512977362587088, "x6": 0.0021604722951782235, "x7": 0.0017295118592852603, "x8": 0.005533842183938731}, "datetime": {"datetime": "2022-06-27 10:39:06", "elapsed": 241.938237, "delta": 0.537413}}
{"target": 3.3233819007873535, "params": {"x1": 0.0, "x2": 0.0, "x3": 0.016, "x4": 0.0, "x5": 0.016, "x6": 0.009712391848901759, "x7": 0.0, "x8": 0.010377025847707387}, "datetime": {"datetime": "2022-06-27 10:39:07", "elapsed": 242.99123, "delta": 1.052993}}
{"target": 3.165327787399292, "params": {"x1": 0.0, "x2": 0.011728243179532, "x3": 0.016, "x4": 0.003347491153189244, "x5": 0.005369428633993074, "x6": 0.016, "x7": 0.0, "x8": 0.0}, "datetime": {"datetime": "2022-06-27 10:39:09", "elapsed": 244.512741, "delta": 1.521511}}
{"target": 2.132993221282959, "params": {"x1": 0.0, "x2": 0.0, "x3": 0.0, "x4": 0.0, "x5": 0.016, "x6": 0.0, "x7": 0.016, "x8": 0.016}, "datetime": {"datetime": "2022-06-27 10:39:10", "elapsed": 245.796599, "delta": 1.283858}}
{"target": 1.0152133703231812, "params": {"x1": 0.00595029725845574, "x2": 0.005426320851803299, "x3": 0.007632948591389582, "x4": 0.005005181792761722, "x5": 0.008894433966076582, "x6": 0.00636496242141783, "x7": 0.012637491176837084, "x8": 0.013295859592508504}, "datetime": {"datetime": "2022-06-27 10:39:11", "elapsed": 246.389029, "delta": 0.59243}}
{"target": 3.1471941471099854, "params": {"x1": 0.0, "x2": 0.016, "x3": 0.016, "x4": 0.016, "x5": 0.009128964743364904, "x6": 0.016, "x7": 0.0, "x8": 0.009425538466514088}, "datetime": {"datetime": "2022-06-27 10:39:12", "elapsed": 247.940601, "delta": 1.551572}}
{"target": 2.727857828140259, "params": {"x1": 0.0018769434076782562, "x2": 0.0026129185690562124, "x3": 0.0007529923353193872, "x4": 0.01590993552051439, "x5": 0.000784529166828257, "x6": 0.005488744064963209, "x7": 0.007396929548909789, "x8": 0.014467353557441014}, "datetime": {"datetime": "2022-06-27 10:39:13", "elapsed": 248.448495, "delta": 0.507894}}
{"target": 3.2987747192382812, "params": {"x1": 0.0, "x2": 0.0, "x3": 0.016, "x4": 0.012762523313083194, "x5": 0.012359603795485218, "x6": 0.00338986952597163, "x7": 0.0, "x8": 0.016}, "datetime": {"datetime": "2022-06-27 10:39:14", "elapsed": 249.405898, "delta": 0.957403}}
{"target": 3.166637420654297, "params": {"x1": 0.0, "x2": 0.0, "x3": 0.0, "x4": 0.016, "x5": 0.016, "x6": 0.0, "x7": 0.0, "x8": 0.0}, "datetime": {"datetime": "2022-06-27 10:39:15", "elapsed": 250.68546, "delta": 1.279562}}
{"target": 0.9852221012115479, "params": {"x1": 0.01321008096126953, "x2": 0.006327763947344009, "x3": 0.002319253244832417, "x4": 0.0003683724488557676, "x5": 0.013357566813322475, "x6": 0.0025649346705550594, "x7": 0.011494439622326937, "x8": 0.012182970365959707}, "datetime": {"datetime": "2022-06-27 10:39:16", "elapsed": 251.260864, "delta": 0.575404}}
{"target": 2.2572011947631836, "params": {"x1": 0.0011570556838518408, "x2": 0.010989907666724991, "x3": 0.015641502383640135, "x4": 0.0001624192170467449, "x5": 0.010703520774841789, "x6": 0.013925931202242997, "x7": 0.0007887137403054894, "x8": 0.009198511832126551}, "datetime": {"datetime": "2022-06-27 10:39:16", "elapsed": 251.906412, "delta": 0.645548}}
{"target": 3.2477986812591553, "params": {"x1": 0.0, "x2": 0.0, "x3": 0.016, "x4": 0.016, "x5": 0.016, "x6": 0.006922735960334349, "x7": 0.0, "x8": 0.007195450295600875}, "datetime": {"datetime": "2022-06-27 10:39:18", "elapsed": 253.320145, "delta": 1.413733}}
{"target": 1.1403064727783203, "params": {"x1": 0.010214305926495826, "x2": 0.01134877560484521, "x3": 0.008587644569576131, "x4": 0.008782950840267758, "x5": 0.006223595148074363, "x6": 0.007771286122839031, "x7": 0.004500363013478274, "x8": 0.004291507614771824}, "datetime": {"datetime": "2022-06-27 10:39:18", "elapsed": 254.010211, "delta": 0.690066}}
{"target": 2.1544792652130127, "params": {"x1": 0.0, "x2": 0.0, "x3": 0.0, "x4": 0.0, "x5": 0.0, "x6": 0.016, "x7": 0.016, "x8": 0.016}, "datetime": {"datetime": "2022-06-27 10:39:19", "elapsed": 255.010929, "delta": 1.000718}}
{"target": 3.2998077869415283, "params": {"x1": 0.0, "x2": 0.003541019498333749, "x3": 0.016, "x4": 0.0, "x5": 0.009853898765002828, "x6": 0.016, "x7": 0.0, "x8": 0.007824779734204722}, "datetime": {"datetime": "2022-06-27 10:39:21", "elapsed": 256.610877, "delta": 1.599948}}
{"target": 3.205601930618286, "params": {"x1": 0.0, "x2": 0.007996449488254238, "x3": 0.005356809223979641, "x4": 0.0, "x5": 0.0, "x6": 0.016, "x7": 0.0, "x8": 0.00998876624986518}, "datetime": {"datetime": "2022-06-27 10:39:22", "elapsed": 257.752984, "delta": 1.142107}}
{"target": 3.298872232437134, "params": {"x1": 0.0, "x2": 0.004471563140234631, "x3": 0.016, "x4": 0.0, "x5": 0.016, "x6": 0.016, "x7": 0.0, "x8": 0.00458678014692344}, "datetime": {"datetime": "2022-06-27 10:39:24", "elapsed": 259.050924, "delta": 1.29794}}
{"target": 3.336413860321045, "params": {"x1": 0.0, "x2": 0.0, "x3": 0.0065306344784445605, "x4": 0.0, "x5": 0.016, "x6": 0.016, "x7": 0.0, "x8": 0.008010500413129638}, "datetime": {"datetime": "2022-06-27 10:39:25", "elapsed": 260.730575, "delta": 1.679651}}
{"target": 1.088685393333435, "params": {"x1": 0.013180221283682101, "x2": 0.014307536596803018, "x3": 0.012463812022294898, "x4": 0.00545555955776414, "x5": 0.0026407500247713996, "x6": 0.01168288936008838, "x7": 0.0077328742372819335, "x8": 0.007512117166742245}, "datetime": {"datetime": "2022-06-27 10:39:26", "elapsed": 261.304589, "delta": 0.574014}}
{"target": 2.142885208129883, "params": {"x1": 0.0, "x2": 0.0, "x3": 0.0, "x4": 0.016, "x5": 0.0, "x6": 0.0, "x7": 0.014234291703357048, "x8": 0.016}, "datetime": {"datetime": "2022-06-27 10:39:27", "elapsed": 262.806797, "delta": 1.502208}}
{"target": 3.2690067291259766, "params": {"x1": 0.0, "x2": 0.0, "x3": 0.007565593636035822, "x4": 0.0, "x5": 0.009321529690744155, "x6": 0.0, "x7": 0.0, "x8": 0.0}, "datetime": {"datetime": "2022-06-27 10:39:29", "elapsed": 264.161014, "delta": 1.354217}}
{"target": 3.214404821395874, "params": {"x1": 0.0, "x2": 0.0, "x3": 0.0, "x4": 0.016, "x5": 0.0, "x6": 0.0, "x7": 0.0, "x8": 0.009167336023317646}, "datetime": {"datetime": "2022-06-27 10:39:30", "elapsed": 265.447776, "delta": 1.286762}}
{"target": 3.207576274871826, "params": {"x1": 0.0, "x2": 0.0, "x3": 0.0, "x4": 0.016, "x5": 0.008448185865250929, "x6": 0.01062753711541986, "x7": 0.0, "x8": 0.0}, "datetime": {"datetime": "2022-06-27 10:39:32", "elapsed": 267.2923, "delta": 1.844524}}
{"target": 1.0512422323226929, "params": {"x1": 0.012433812251073593, "x2": 0.004436973643981265, "x3": 0.0023099462222105718, "x4": 0.012336498408751234, "x5": 0.006557883577172378, "x6": 0.012854108872794154, "x7": 0.013015133103021857, "x8": 0.014742501778548132}, "datetime": {"datetime": "2022-06-27 10:39:32", "elapsed": 268.034783, "delta": 0.742483}}
{"target": 1.479053020477295, "params": {"x1": 0.015487438106847341, "x2": 0.005357402270818996, "x3": 0.008490169072158596, "x4": 0.00914957265178741, "x5": 0.011747412993286762, "x6": 0.01304002163306016, "x7": 0.0030305292182619755, "x8": 0.0071810745824035255}, "datetime": {"datetime": "2022-06-27 10:39:33", "elapsed": 268.772102, "delta": 0.737319}}
{"target": 3.2441418170928955, "params": {"x1": 0.0, "x2": 0.0, "x3": 0.016, "x4": 0.016, "x5": 0.016, "x6": 0.008044110079116588, "x7": 0.0, "x8": 0.0}, "datetime": {"datetime": "2022-06-27 10:39:35", "elapsed": 270.244217, "delta": 1.472115}}
{"target": 3.303065299987793, "params": {"x1": 0.0, "x2": 0.0, "x3": 0.016, "x4": 0.0, "x5": 0.016, "x6": 0.004534760766401981, "x7": 0.0, "x8": 0.00566935547455411}, "datetime": {"datetime": "2022-06-27 10:39:36", "elapsed": 271.489517, "delta": 1.2453}}
{"target": 3.3356595039367676, "params": {"x1": 0.0, "x2": 0.0, "x3": 0.016, "x4": 0.0, "x5": 0.0, "x6": 0.0, "x7": 0.0, "x8": 0.011698551234734355}, "datetime": {"datetime": "2022-06-27 10:39:38", "elapsed": 273.316262, "delta": 1.826745}}
{"target": 3.19395112991333, "params": {"x1": 0.0, "x2": 0.006976353833497284, "x3": 0.016, "x4": 0.016, "x5": 0.0, "x6": 0.002270763652566501, "x7": 0.0, "x8": 0.00549192811714489}, "datetime": {"datetime": "2022-06-27 10:39:39", "elapsed": 274.544408, "delta": 1.228146}}
{"target": 3.1904489994049072, "params": {"x1": 0.0, "x2": 0.009002014036774232, "x3": 0.0, "x4": 0.0, "x5": 0.0, "x6": 0.0, "x7": 0.0, "x8": 0.009650946831542875}, "datetime": {"datetime": "2022-06-27 10:39:41", "elapsed": 276.776859, "delta": 2.232451}}
{"target": 3.129478693008423, "params": {"x1": 0.0, "x2": 0.010046180928975561, "x3": 0.0, "x4": 0.0, "x5": 0.0, "x6": 0.016, "x7": 0.0, "x8": 0.007405322943291352}, "datetime": {"datetime": "2022-06-27 10:39:42", "elapsed": 277.837448, "delta": 1.060589}}
{"target": 3.1407392024993896, "params": {"x1": 0.0, "x2": 0.016, "x3": 0.016, "x4": 0.008282021488117672, "x5": 0.016, "x6": 0.016, "x7": 0.0, "x8": 0.016}, "datetime": {"datetime": "2022-06-27 10:39:44", "elapsed": 279.062569, "delta": 1.225121}}
{"target": 2.1512789726257324, "params": {"x1": 0.0, "x2": 0.0, "x3": 0.0, "x4": 0.016, "x5": 0.0, "x6": 0.016, "x7": 0.010601125978936457, "x8": 0.016}, "datetime": {"datetime": "2022-06-27 10:39:45", "elapsed": 280.865947, "delta": 1.803378}}
{"target": 2.5257937908172607, "params": {"x1": 0.001658550990307317, "x2": 0.008972033821587426, "x3": 0.006633241049098558, "x4": 0.0002836053855632823, "x5": 0.00015526406079069944, "x6": 0.013874827277292853, "x7": 1.1395272701975047e-06, "x8": 0.009703286091847759}, "datetime": {"datetime": "2022-06-27 10:39:46", "elapsed": 281.49439, "delta": 0.628443}}
