{"target": 3.245699167251587, "params": {"x1": 0.0, "x2": 0.0, "x3": 0.0, "x4": 0.0, "x5": 0.0, "x6": 0.0, "x7": 0.0, "x8": 0.0}, "datetime": {"datetime": "2022-06-27 10:35:48", "elapsed": 43.390757, "delta": 0.357142}}
{"target": 0.8769221901893616, "params": {"x1": 0.013425892295199051, "x2": 0.009259483655572524, "x3": 0.0038930184817248963, "x4": 0.00864419628763157, "x5": 0.011052161216218602, "x6": 0.010629200248220382, "x7": 0.013509217622202394, "x8": 0.006370830834283391}, "datetime": {"datetime": "2022-06-27 10:35:48", "elapsed": 43.571124, "delta": 0.180367}}
{"target": 1.984895944595337, "params": {"x1": 0.016, "x2": 0.0, "x3": 0.0, "x4": 0.0, "x5": 0.0, "x6": 0.0, "x7": 0.0, "x8": 0.016}, "datetime": {"datetime": "2022-06-27 10:35:48", "elapsed": 43.872515, "delta": 0.301391}}
{"target": 1.2101951837539673, "params": {"x1": 0.014367942376625567, "x2": 0.014062122410444616, "x3": 0.00705792106382458, "x4": 0.011456362740943126, "x5": 0.0002900984532548261, "x6": 0.0018288242920493918, "x7": 0.004814796229222722, "x8": 0.0022013402074760667}, "datetime": {"datetime": "2022-06-27 10:35:49", "elapsed": 44.064125, "delta": 0.19161}}
{"target": 3.273559808731079, "params": {"x1": 0.0, "x2": 0.0, "x3": 0.016, "x4": 0.016, "x5": 0.009938147661007916, "x6": 0.007372081833182053, "x7": 0.0, "x8": 0.0}, "datetime": {"datetime": "2022-06-27 10:35:49", "elapsed": 44.44306, "delta": 0.378935}}
{"target": 3.2242894172668457, "params": {"x1": 0.0, "x2": 0.0, "x3": 0.0, "x4": 0.016, "x5": 0.0, "x6": 0.006820236087478448, "x7": 0.0, "x8": 0.008422519145178843}, "datetime": {"datetime": "2022-06-27 10:35:49", "elapsed": 44.872472, "delta": 0.429412}}
{"target": 1.243526577949524, "params": {"x1": 0.008535776876749746, "x2": 0.00934425335395691, "x3": 0.015712547536419562, "x4": 0.01178570303333401, "x5": 0.00777374412010761, "x6": 0.0020771637983882057, "x7": 0.004894094024209093, "x8": 0.014036614441826512}, "datetime": {"datetime": "2022-06-27 10:35:50", "elapsed": 45.060722, "delta": 0.18825}}
{"target": 1.9208308458328247, "params": {"x1": 0.016, "x2": 0.0, "x3": 0.0, "x4": 0.016, "x5": 0.0, "x6": 0.016, "x7": 0.0, "x8": 0.0}, "datetime": {"datetime": "2022-06-27 10:35:50", "elapsed": 45.389515, "delta": 0.328793}}
{"target": 3.2467684745788574, "params": {"x1": 0.0, "x2": 0.0, "x3": 0.0, "x4": 0.009407399030410449, "x5": 0.007887058611797301, "x6": 0.005291159320453384, "x7": 0.0, "x8": 0.0}, "datetime": {"datetime": "2022-06-27 10:35:50", "elapsed": 45.750413, "delta": 0.360898}}
{"target": 3.2481582164764404, "params": {"x1": 0.0, "x2": 0.0, "x3": 0.016, "x4": 0.007879068252194515, "x5": 0.016, "x6": 0.00917896443331427, "x7": 0.0, "x8": 0.0}, "datetime": {"datetime": "2022-06-27 10:35:51", "elapsed": 46.113706, "delta": 0.363293}}
{"target": 1.968622088432312, "params": {"x1": 0.00047353780707423535, "x2": 0.0069930316562428155, "x3": 0.0015964180011869917, "x4": 0.01206557389557602, "x5": 0.007498783993090715, "x6": 0.0029319916526210966, "x7": 0.00864485857838614, "x8": 0.005786219670560064}, "datetime": {"datetime": "2022-06-27 10:35:51", "elapsed": 46.317568, "delta": 0.203862}}
{"target": 2.3011691570281982, "params": {"x1": 0.00010261995636792242, "x2": 0.010117750236749065, "x3": 0.01470789836008379, "x4": 0.0004232573895474712, "x5": 0.00824817309055513, "x6": 0.012068817423819312, "x7": 0.007334762970366056, "x8": 0.01347276966584817}, "datetime": {"datetime": "2022-06-27 10:35:51", "elapsed": 46.52034, "delta": 0.202772}}
{"target": 3.3028674125671387, "params": {"x1": 0.0, "x2": 0.0, "x3": 0.016, "x4": 0.009457065589262813, "x5": 0.008819749185670623, "x6": 0.0, "x7": 0.0, "x8": 0.0}, "datetime": {"datetime": "2022-06-27 10:35:51", "elapsed": 46.917391, "delta": 0.397051}}
{"target": 3.2005746364593506, "params": {"x1": 0.0, "x2": 0.0, "x3": 0.0, "x4": 0.006977007436432381, "x5": 0.0, "x6": 0.0, "x7": 0.0, "x8": 0.016}, "datetime": {"datetime": "2022-06-27 10:35:52", "elapsed": 47.369506, "delta": 0.452115}}
{"target": 3.2102291584014893, "params": {"x1": 0.0, "x2": 0.0, "x3": 0.0, "x4": 0.008318476172565491, "x5": 0.016, "x6": 0.016, "x7": 0.0, "x8": 0.007485605974724411}, "datetime": {"datetime": "2022-06-27 10:35:52", "elapsed": 47.8701, "delta": 0.500594}}
{"target": 3.3200645446777344, "params": {"x1": 0.0, "x2": 0.0, "x3": 0.016, "x4": 0.0, "x5": 0.004051044632526832, "x6": 0.016, "x7": 0.0, "x8": 0.007412995012392694}, "datetime": {"datetime": "2022-06-27 10:35:53", "elapsed": 48.481182, "delta": 0.611082}}
{"target": 3.3003342151641846, "params": {"x1": 0.0, "x2": 0.0, "x3": 0.016, "x4": 0.009348905248111883, "x5": 0.009463403939593319, "x6": 0.016, "x7": 0.0, "x8": 0.0}, "datetime": {"datetime": "2022-06-27 10:35:53", "elapsed": 48.954383, "delta": 0.473201}}
{"target": 1.5291115045547485, "params": {"x1": 0.004551829434623617, "x2": 0.008002007742625647, "x3": 0.007390770923773788, "x4": 0.011843117472697286, "x5": 0.015255566258479432, "x6": 0.015836996907784107, "x7": 0.0024161784129871932, "x8": 0.00870744159484777}, "datetime": {"datetime": "2022-06-27 10:35:54", "elapsed": 49.150459, "delta": 0.196076}}
{"target": 3.3293330669403076, "params": {"x1": 0.0, "x2": 0.0, "x3": 0.016, "x4": 0.0, "x5": 0.0, "x6": 0.008221049102655876, "x7": 0.0, "x8": 0.016}, "datetime": {"datetime": "2022-06-27 10:35:54", "elapsed": 49.524767, "delta": 0.374308}}
{"target": 3.171034812927246, "params": {"x1": 0.0, "x2": 0.006633577916175386, "x3": 0.016, "x4": 0.016, "x5": 0.016, "x6": 0.008862346936496889, "x7": 0.0, "x8": 0.016}, "datetime": {"datetime": "2022-06-27 10:35:54", "elapsed": 49.981936, "delta": 0.457169}}
{"target": 3.2538981437683105, "params": {"x1": 0.0, "x2": 0.008021157690436266, "x3": 0.016, "x4": 0.0, "x5": 0.0, "x6": 0.016, "x7": 0.0, "x8": 0.010785923680498162}, "datetime": {"datetime": "2022-06-27 10:35:55", "elapsed": 50.412935, "delta": 0.430999}}
{"target": 3.2080800533294678, "params": {"x1": 0.0, "x2": 0.0, "x3": 0.0, "x4": 0.016, "x5": 0.0, "x6": 0.007941683046618915, "x7": 0.0, "x8": 0.016}, "datetime": {"datetime": "2022-06-27 10:35:55", "elapsed": 50.875968, "delta": 0.463033}}
{"target": 2.2626233100891113, "params": {"x1": 0.00018460081101528302, "x2": 0.001908427166882907, "x3": 0.00412570683205869, "x4": 0.0019395156027805936, "x5": 0.012877388777645887, "x6": 0.007330960338563258, "x7": 0.0071112166213846955, "x8": 0.015752415826441237}, "datetime": {"datetime": "2022-06-27 10:35:56", "elapsed": 51.093618, "delta": 0.21765}}
{"target": 3.2199831008911133, "params": {"x1": 0.0, "x2": 0.00784793872620435, "x3": 0.016, "x4": 0.0, "x5": 0.010710495677144155, "x6": 0.016, "x7": 0.0, "x8": 0.016}, "datetime": {"datetime": "2022-06-27 10:35:56", "elapsed": 51.539056, "delta": 0.445438}}
{"target": 3.1700663566589355, "params": {"x1": 0.0, "x2": 0.009639035165496707, "x3": 0.0, "x4": 0.0, "x5": 0.0, "x6": 0.016, "x7": 0.0, "x8": 0.016}, "datetime": {"datetime": "2022-06-27 10:35:56", "elapsed": 52.027343, "delta": 0.488287}}
{"target": 1.5670032501220703, "params": {"x1": 0.001211649373976707, "x2": 0.006637157510202858, "x3": 0.005013446162847494, "x4": 0.009966261549257253, "x5": 0.00673887245879825, "x6": 0.0032180539938383695, "x7": 0.009694274548237323, "x8": 0.0056228378497016574}, "datetime": {"datetime": "2022-06-27 10:35:57", "elapsed": 52.245232, "delta": 0.217889}}
{"target": 1.219624638557434, "params": {"x1": 0.015269497301113223, "x2": 0.0011413746833278183, "x3": 0.008590336684197697, "x4": 0.011655125087682345, "x5": 0.003028295702554667, "x6": 0.013959512740409314, "x7": 0.009738632992164913, "x8": 0.010155822654234228}, "datetime": {"datetime": "2022-06-27 10:35:57", "elapsed": 52.560933, "delta": 0.315701}}
{"target": 3.1858341693878174, "params": {"x1": 0.0, "x2": 0.0, "x3": 0.0, "x4": 0.007301416998479018, "x5": 0.016, "x6": 0.004681024681325243, "x7": 0.0, "x8": 0.005827389881759379}, "datetime": {"datetime": "2022-06-27 10:35:57", "elapsed": 53.042421, "delta": 0.481488}}
{"target": 1.404887318611145, "params": {"x1": 0.0012919523871713458, "x2": 0.013305297161934007, "x3": 0.013555460347994666, "x4": 0.010220253356792552, "x5": 0.00629843831895149, "x6": 0.00169107247334175, "x7": 0.01525708114126141, "x8": 0.00549738493689074}, "datetime": {"datetime": "2022-06-27 10:35:58", "elapsed": 53.246072, "delta": 0.203651}}
{"target": 3.2366368770599365, "params": {"x1": 0.0, "x2": 0.0, "x3": 0.016, "x4": 0.005058357370482484, "x5": 0.016, "x6": 0.0, "x7": 0.0, "x8": 0.0}, "datetime": {"datetime": "2022-06-27 10:35:58", "elapsed": 53.683918, "delta": 0.437846}}
{"target": 3.2355408668518066, "params": {"x1": 0.0, "x2": 0.006990254993430248, "x3": 0.016, "x4": 0.0, "x5": 0.006493316412307354, "x6": 0.016, "x7": 0.0, "x8": 0.0}, "datetime": {"datetime": "2022-06-27 10:35:59", "elapsed": 54.257886, "delta": 0.573968}}
{"target": 3.3232076168060303, "params": {"x1": 0.0, "x2": 0.0, "x3": 0.016, "x4": 0.0, "x5": 0.0, "x6": 0.007863828522402411, "x7": 0.0, "x8": 0.0}, "datetime": {"datetime": "2022-06-27 10:35:59", "elapsed": 54.727467, "delta": 0.469581}}
{"target": 3.1972124576568604, "params": {"x1": 0.0, "x2": 0.0, "x3": 0.0, "x4": 0.007498943861349868, "x5": 0.0, "x6": 0.016, "x7": 0.0, "x8": 0.0058843164973775815}, "datetime": {"datetime": "2022-06-27 10:36:00", "elapsed": 55.143023, "delta": 0.415556}}
{"target": 2.551670789718628, "params": {"x1": 0.0017748971714978642, "x2": 0.0010276805275329225, "x3": 0.0015971147874711971, "x4": 0.015432047381246648, "x5": 0.00801983952717986, "x6": 0.015119642953655659, "x7": 0.0014234936653855943, "x8": 0.006113976151812177}, "datetime": {"datetime": "2022-06-27 10:36:00", "elapsed": 55.367812, "delta": 0.224789}}
{"target": 3.3532462120056152, "params": {"x1": 0.0, "x2": 0.0, "x3": 0.016, "x4": 0.016, "x5": 0.0, "x6": 0.016, "x7": 0.0, "x8": 0.008003228608977484}, "datetime": {"datetime": "2022-06-27 10:36:00", "elapsed": 55.767922, "delta": 0.40011}}
{"target": 1.6790904998779297, "params": {"x1": 0.010387426840497923, "x2": 0.008145292589456888, "x3": 9.206740657491786e-05, "x4": 0.0106836664026866, "x5": 0.009435063611973023, "x6": 0.013222397396184526, "x7": 0.0004979825154284292, "x8": 0.01301946094907613}, "datetime": {"datetime": "2022-06-27 10:36:00", "elapsed": 55.976821, "delta": 0.208899}}
{"target": 3.2851788997650146, "params": {"x1": 0.0, "x2": 0.0, "x3": 0.0, "x4": 0.0, "x5": 0.0060296124102090865, "x6": 0.005474775503303219, "x7": 0.0, "x8": 0.009261541431761802}, "datetime": {"datetime": "2022-06-27 10:36:01", "elapsed": 56.393847, "delta": 0.417026}}
{"target": 3.1288557052612305, "params": {"x1": 0.0, "x2": 0.00943273226788213, "x3": 0.0, "x4": 0.016, "x5": 0.0, "x6": 0.008057633026341604, "x7": 0.0, "x8": 0.016}, "datetime": {"datetime": "2022-06-27 10:36:01", "elapsed": 56.831604, "delta": 0.437757}}
{"target": 3.0917320251464844, "params": {"x1": 0.0, "x2": 0.016, "x3": 0.0, "x4": 0.0, "x5": 0.016, "x6": 0.0, "x7": 0.0, "x8": 0.016}, "datetime": {"datetime": "2022-06-27 10:36:02", "elapsed": 57.547834, "delta": 0.71623}}
{"target": 3.179654359817505, "params": {"x1": 0.0, "x2": 0.016, "x3": 0.0, "x4": 0.0, "x5": 0.016, "x6": 0.011791385939445167, "x7": 0.0, "x8": 0.016}, "datetime": {"datetime": "2022-06-27 10:36:03", "elapsed": 58.064876, "delta": 0.517042}}
{"target": 1.5036603212356567, "params": {"x1": 0.004296753526644548, "x2": 0.002419449464743021, "x3": 0.015537783080547802, "x4": 0.011227853215527498, "x5": 0.0042814767155344114, "x6": 0.009482817092641904, "x7": 0.006805414048558625, "x8": 0.0026123549607948234}, "datetime": {"datetime": "2022-06-27 10:36:03", "elapsed": 58.342926, "delta": 0.27805}}
{"target": 3.356727123260498, "params": {"x1": 0.0, "x2": 0.0, "x3": 0.0, "x4": 0.0, "x5": 0.0, "x6": 0.016, "x7": 0.0, "x8": 0.008368300675154533}, "datetime": {"datetime": "2022-06-27 10:36:03", "elapsed": 58.790212, "delta": 0.447286}}
{"target": 3.1812098026275635, "params": {"x1": 0.0, "x2": 0.00915507142988827, "x3": 0.016, "x4": 0.006270186220490463, "x5": 0.0, "x6": 0.0, "x7": 0.0, "x8": 0.0}, "datetime": {"datetime": "2022-06-27 10:36:04", "elapsed": 59.147538, "delta": 0.357326}}
{"target": 3.264798641204834, "params": {"x1": 0.0, "x2": 0.0, "x3": 0.016, "x4": 0.016, "x5": 0.010451420671459306, "x6": 0.016, "x7": 0.0, "x8": 0.007575338170103921}, "datetime": {"datetime": "2022-06-27 10:36:04", "elapsed": 59.581605, "delta": 0.434067}}
{"target": 3.294011116027832, "params": {"x1": 0.0, "x2": 0.0, "x3": 0.016, "x4": 0.0, "x5": 0.016, "x6": 0.0, "x7": 0.0, "x8": 0.016}, "datetime": {"datetime": "2022-06-27 10:36:04", "elapsed": 60.003326, "delta": 0.421721}}
{"target": 3.1155319213867188, "params": {"x1": 0.0, "x2": 0.016, "x3": 0.0, "x4": 0.0, "x5": 0.0, "x6": 0.0, "x7": 0.0, "x8": 0.016}, "datetime": {"datetime": "2022-06-27 10:36:05", "elapsed": 60.503659, "delta": 0.500333}}
{"target": 3.172600269317627, "params": {"x1": 0.0, "x2": 0.007140168912664039, "x3": 0.0, "x4": 0.0, "x5": 0.0, "x6": 0.0, "x7": 0.0, "x8": 0.016}, "datetime": {"datetime": "2022-06-27 10:36:06", "elapsed": 61.07809, "delta": 0.574431}}
{"target": 2.2929508686065674, "params": {"x1": 0.0028815157628328284, "x2": 0.0003549925107847383, "x3": 0.0005060165666768945, "x4": 0.008911929264484968, "x5": 0.008158068523050585, "x6": 0.006776834765659528, "x7": 0.0006532603659901355, "x8": 0.000569693110959026}, "datetime": {"datetime": "2022-06-27 10:36:06", "elapsed": 61.313956, "delta": 0.235866}}
{"target": 3.218989610671997, "params": {"x1": 0.0, "x2": 0.0, "x3": 0.0, "x4": 0.008123194657313424, "x5": 0.016, "x6": 0.010531446463098804, "x7": 0.0, "x8": 0.0}, "datetime": {"datetime": "2022-06-27 10:36:06", "elapsed": 61.938744, "delta": 0.624788}}
{"target": 1.2434898614883423, "params": {"x1": 0.013631984811107863, "x2": 0.004916561143538962, "x3": 0.002665476667867596, "x4": 0.00901990661096569, "x5": 0.0001264584947934484, "x6": 0.015608699811391293, "x7": 0.004257710034501241, "x8": 0.00877109862076182}, "datetime": {"datetime": "2022-06-27 10:36:07", "elapsed": 62.164504, "delta": 0.22576}}
{"target": 1.5606006383895874, "params": {"x1": 0.008565951248852153, "x2": 0.010486076986528566, "x3": 0.005747540222589898, "x4": 0.00010361958091258217, "x5": 0.0038824347910432627, "x6": 0.01336208901475213, "x7": 0.001603294172157657, "x8": 0.010454514592244757}, "datetime": {"datetime": "2022-06-27 10:36:07", "elapsed": 62.390537, "delta": 0.226033}}
{"target": 2.823314666748047, "params": {"x1": 0.0010625611476730973, "x2": 0.006828252089073596, "x3": 0.00528572014331887, "x4": 0.013046672529033486, "x5": 0.0034439106857572918, "x6": 0.011467713024312078, "x7": 0.0002928933531685853, "x8": 0.00805832362865129}, "datetime": {"datetime": "2022-06-27 10:36:07", "elapsed": 62.615215, "delta": 0.224678}}
{"target": 3.120981216430664, "params": {"x1": 0.0, "x2": 0.016, "x3": 0.007706629388256215, "x4": 0.0, "x5": 0.016, "x6": 0.007166123577596926, "x7": 0.0, "x8": 0.016}, "datetime": {"datetime": "2022-06-27 10:36:08", "elapsed": 63.190184, "delta": 0.574969}}
{"target": 3.0883677005767822, "params": {"x1": 0.0, "x2": 0.016, "x3": 0.0, "x4": 0.0, "x5": 0.016, "x6": 0.016, "x7": 0.0, "x8": 0.006147025117910422}, "datetime": {"datetime": "2022-06-27 10:36:08", "elapsed": 63.700962, "delta": 0.510778}}
{"target": 3.074213981628418, "params": {"x1": 0.0, "x2": 0.01041248802841878, "x3": 0.0, "x4": 0.016, "x5": 0.0, "x6": 0.016, "x7": 0.0, "x8": 0.0066943529409876235}, "datetime": {"datetime": "2022-06-27 10:36:09", "elapsed": 64.243731, "delta": 0.542769}}
{"target": 1.8566452264785767, "params": {"x1": 0.0005777362159484998, "x2": 0.008713990798441255, "x3": 0.003201697197878746, "x4": 0.009162362508527946, "x5": 0.010537124339481663, "x6": 0.00827739258155067, "x7": 0.007711569070266695, "x8": 0.0021240611550747543}, "datetime": {"datetime": "2022-06-27 10:36:09", "elapsed": 64.478218, "delta": 0.234487}}
{"target": 3.1130001544952393, "params": {"x1": 0.0, "x2": 0.016, "x3": 0.0, "x4": 0.0, "x5": 0.0, "x6": 0.016, "x7": 0.0, "x8": 0.016}, "datetime": {"datetime": "2022-06-27 10:36:09", "elapsed": 64.907021, "delta": 0.428803}}
{"target": 1.7557377815246582, "params": {"x1": 0.0008270111924061237, "x2": 0.012757904152881167, "x3": 0.013748769922332107, "x4": 0.0067411285167762874, "x5": 0.0037034772649378917, "x6": 0.011895234854444497, "x7": 0.008670040906744936, "x8": 0.0045756302179042}, "datetime": {"datetime": "2022-06-27 10:36:10", "elapsed": 65.157339, "delta": 0.250318}}
{"target": 3.1944491863250732, "params": {"x1": 0.0, "x2": 0.0, "x3": 0.0, "x4": 0.007891672744284643, "x5": 0.0, "x6": 0.0, "x7": 0.0, "x8": 0.0}, "datetime": {"datetime": "2022-06-27 10:36:10", "elapsed": 65.679525, "delta": 0.522186}}
{"target": 3.0338759422302246, "params": {"x1": 0.0, "x2": 0.016, "x3": 0.0, "x4": 0.016, "x5": 0.016, "x6": 0.016, "x7": 0.0, "x8": 0.016}, "datetime": {"datetime": "2022-06-27 10:36:11", "elapsed": 66.184024, "delta": 0.504499}}
{"target": 3.2975337505340576, "params": {"x1": 0.0, "x2": 0.0, "x3": 0.016, "x4": 0.016, "x5": 0.0033829674539835423, "x6": 0.01041748535123707, "x7": 0.0, "x8": 0.008912367458623805}, "datetime": {"datetime": "2022-06-27 10:36:11", "elapsed": 66.624648, "delta": 0.440624}}
{"target": 3.1813411712646484, "params": {"x1": 0.0, "x2": 0.011253107252363174, "x3": 0.016, "x4": 0.007998276950294559, "x5": 0.004741170926137152, "x6": 0.016, "x7": 0.0, "x8": 0.0}, "datetime": {"datetime": "2022-06-27 10:36:12", "elapsed": 67.113907, "delta": 0.489259}}
{"target": 3.2019553184509277, "params": {"x1": 0.0, "x2": 0.0, "x3": 0.0, "x4": 0.016, "x5": 0.0, "x6": 0.008052562862286594, "x7": 0.0, "x8": 0.0}, "datetime": {"datetime": "2022-06-27 10:36:12", "elapsed": 67.533665, "delta": 0.419758}}
{"target": 3.259504556655884, "params": {"x1": 0.0, "x2": 0.0, "x3": 0.016, "x4": 0.016, "x5": 0.007324450770121238, "x6": 0.016, "x7": 0.0, "x8": 0.0}, "datetime": {"datetime": "2022-06-27 10:36:12", "elapsed": 67.929255, "delta": 0.39559}}
{"target": 3.2404768466949463, "params": {"x1": 0.0, "x2": 0.0, "x3": 0.0, "x4": 0.009217004463518736, "x5": 0.00927383037257747, "x6": 0.016, "x7": 0.0, "x8": 0.016}, "datetime": {"datetime": "2022-06-27 10:36:13", "elapsed": 68.471723, "delta": 0.542468}}
{"target": 2.1019575595855713, "params": {"x1": 0.002525905075112238, "x2": 0.002388973520021617, "x3": 0.0007890938782120127, "x4": 0.015869108329427267, "x5": 0.00042037577510804525, "x6": 0.015954212027143075, "x7": 0.0011496889516967492, "x8": 0.009677497712721061}, "datetime": {"datetime": "2022-06-27 10:36:13", "elapsed": 68.735374, "delta": 0.263651}}
{"target": 3.2518224716186523, "params": {"x1": 0.0, "x2": 0.0, "x3": 0.0, "x4": 0.0, "x5": 0.0, "x6": 0.0, "x7": 0.0, "x8": 0.016}, "datetime": {"datetime": "2022-06-27 10:36:14", "elapsed": 69.247958, "delta": 0.512584}}
{"target": 3.186398983001709, "params": {"x1": 0.0, "x2": 0.00999617995905011, "x3": 0.016, "x4": 0.016, "x5": 0.006924779726608401, "x6": 0.016, "x7": 0.0, "x8": 0.016}, "datetime": {"datetime": "2022-06-27 10:36:14", "elapsed": 69.912193, "delta": 0.664235}}
{"target": 3.272597551345825, "params": {"x1": 0.0, "x2": 0.0, "x3": 0.008117419461507626, "x4": 0.0, "x5": 0.006556635378118758, "x6": 0.016, "x7": 0.0, "x8": 0.016}, "datetime": {"datetime": "2022-06-27 10:36:15", "elapsed": 70.488812, "delta": 0.576619}}
{"target": 3.1047112941741943, "params": {"x1": 0.00011225977395993248, "x2": 0.01519680609402971, "x3": 0.00018801491252574642, "x4": 0.013798503681270606, "x5": 0.0006517925843747819, "x6": 0.006057064757671853, "x7": 0.00023945429347180537, "x8": 0.004928287760728452}, "datetime": {"datetime": "2022-06-27 10:36:15", "elapsed": 70.978489, "delta": 0.489677}}
{"target": 2.0629842281341553, "params": {"x1": 0.0031953197424793114, "x2": 0.011271893661222077, "x3": 0.009822929225352307, "x4": 0.003581926578420481, "x5": 0.0003670496458577972, "x6": 0.000612336258958619, "x7": 0.0002294832396541562, "x8": 0.00018384308145424555}, "datetime": {"datetime": "2022-06-27 10:36:16", "elapsed": 71.226441, "delta": 0.247952}}
{"target": 3.061584711074829, "params": {"x1": 0.0, "x2": 0.016, "x3": 0.0, "x4": 0.016, "x5": 0.016, "x6": 0.016, "x7": 0.0, "x8": 0.0048333685641771765}, "datetime": {"datetime": "2022-06-27 10:36:16", "elapsed": 71.575543, "delta": 0.349102}}
{"target": 1.0375608205795288, "params": {"x1": 0.0036102063784973384, "x2": 0.014268061714517988, "x3": 0.00548229519591799, "x4": 0.01330252584243666, "x5": 0.006663125454130959, "x6": 0.015192168223695313, "x7": 0.013124004851987213, "x8": 0.012368666615384985}, "datetime": {"datetime": "2022-06-27 10:36:16", "elapsed": 71.827681, "delta": 0.252138}}
{"target": 3.212486743927002, "params": {"x1": 0.0, "x2": 0.016, "x3": 0.0, "x4": 0.01057093309590255, "x5": 0.006945173659475116, "x6": 0.012413065890305686, "x7": 0.0, "x8": 0.011274047375764791}, "datetime": {"datetime": "2022-06-27 10:36:17", "elapsed": 72.292502, "delta": 0.464821}}
{"target": 3.144242763519287, "params": {"x1": 0.0, "x2": 0.011949882668430924, "x3": 0.016, "x4": 0.016, "x5": 0.016, "x6": 0.013271689517356756, "x7": 0.0, "x8": 0.005989438005458417}, "datetime": {"datetime": "2022-06-27 10:36:17", "elapsed": 72.958134, "delta": 0.665632}}
{"target": 3.147777795791626, "params": {"x1": 0.0, "x2": 0.01266012057895941, "x3": 0.0, "x4": 0.009327193929864877, "x5": 0.0, "x6": 0.007804058002710618, "x7": 0.0, "x8": 0.0119603427395663}, "datetime": {"datetime": "2022-06-27 10:36:18", "elapsed": 73.843095, "delta": 0.884961}}
{"target": 3.254910945892334, "params": {"x1": 0.0, "x2": 0.0, "x3": 0.0, "x4": 0.0, "x5": 0.007135805787486039, "x6": 0.016, "x7": 0.0, "x8": 0.016}, "datetime": {"datetime": "2022-06-27 10:36:19", "elapsed": 74.656409, "delta": 0.813314}}
