{"target": 1.210924744606018, "params": {"x1": 0.005322255901973755, "x2": 0.012348150775132878, "x3": 0.0007915279423939747, "x4": 0.004322540142500241, "x5": 0.0063164072659639865, "x6": 0.0028535960526678964, "x7": 0.010764060844000266, "x8": 0.000529988984283282}, "datetime": {"datetime": "2022-06-27 10:36:57", "elapsed": 112.939014, "delta": 0.302601}}
{"target": 1.7907822132110596, "params": {"x1": 0.0014947973011386574, "x2": 0.007118289807089088, "x3": 0.003636110861092577, "x4": 0.01560741192730931, "x5": 0.00021243785309333062, "x6": 0.0049892822874351254, "x7": 0.004467077933142184, "x8": 0.0014046550679511789}, "datetime": {"datetime": "2022-06-27 10:36:58", "elapsed": 113.243303, "delta": 0.304289}}
{"target": 3.3124380111694336, "params": {"x1": 0.0, "x2": 0.0, "x3": 0.016, "x4": 0.0, "x5": 0.010982244011785533, "x6": 0.009242727847864953, "x7": 0.0, "x8": 0.00764076189815669}, "datetime": {"datetime": "2022-06-27 10:36:58", "elapsed": 113.847782, "delta": 0.604479}}
{"target": 3.1139333248138428, "params": {"x1": 0.0, "x2": 0.016, "x3": 0.016, "x4": 0.016, "x5": 0.016, "x6": 0.008158786962927687, "x7": 0.0, "x8": 0.016}, "datetime": {"datetime": "2022-06-27 10:37:00", "elapsed": 115.207508, "delta": 1.359726}}
{"target": 3.3966097831726074, "params": {"x1": 0.0, "x2": 0.0, "x3": 0.016, "x4": 0.011442037207956076, "x5": 0.0, "x6": 0.0, "x7": 0.0, "x8": 0.008075895328753361}, "datetime": {"datetime": "2022-06-27 10:37:00", "elapsed": 115.874951, "delta": 0.667443}}
{"target": 1.422945499420166, "params": {"x1": 0.005326082830514773, "x2": 0.0029247029015859382, "x3": 0.010717762260431798, "x4": 0.004245646995239277, "x5": 0.014202670979194441, "x6": 0.009941125664720739, "x7": 0.008146968607287813, "x8": 0.007898174032422881}, "datetime": {"datetime": "2022-06-27 10:37:01", "elapsed": 116.229496, "delta": 0.354545}}
{"target": 3.0856072902679443, "params": {"x1": 0.0, "x2": 0.016, "x3": 0.0, "x4": 0.0, "x5": 0.016, "x6": 0.0, "x7": 0.0, "x8": 0.0}, "datetime": {"datetime": "2022-06-27 10:37:01", "elapsed": 117.022882, "delta": 0.793386}}
{"target": 1.6286464929580688, "params": {"x1": 0.0018550472973088983, "x2": 0.0006968401304617409, "x3": 0.007093453309146728, "x4": 0.000880962738092828, "x5": 0.014648709856530035, "x6": 0.0011386280386836063, "x7": 0.015501970066357692, "x8": 0.007569733149717712}, "datetime": {"datetime": "2022-06-27 10:37:02", "elapsed": 117.424757, "delta": 0.401875}}
{"target": 2.146371603012085, "params": {"x1": 0.0002744280257185583, "x2": 0.010511054281894533, "x3": 0.013686422360116994, "x4": 0.008455442108693761, "x5": 0.015146706263385823, "x6": 0.001998516724674543, "x7": 0.008630501044311038, "x8": 0.01459983019219722}, "datetime": {"datetime": "2022-06-27 10:37:02", "elapsed": 117.815186, "delta": 0.390429}}
{"target": 3.1986563205718994, "params": {"x1": 0.0, "x2": 0.008788560987922594, "x3": 0.008729994669697302, "x4": 0.010264623351594285, "x5": 0.005588424974102625, "x6": 0.01420337734079257, "x7": 0.0, "x8": 0.007102812565661203}, "datetime": {"datetime": "2022-06-27 10:37:03", "elapsed": 118.570715, "delta": 0.755529}}
{"target": 3.31438946723938, "params": {"x1": 0.0, "x2": 0.0, "x3": 0.016, "x4": 0.009368346319667266, "x5": 0.00651988983246451, "x6": 0.00932217438479395, "x7": 0.0, "x8": 0.0}, "datetime": {"datetime": "2022-06-27 10:37:04", "elapsed": 119.272075, "delta": 0.70136}}
{"target": 3.284409999847412, "params": {"x1": 0.0, "x2": 0.0, "x3": 0.016, "x4": 0.005510895432721412, "x5": 0.0, "x6": 0.0, "x7": 0.0, "x8": 0.008444778686305372}, "datetime": {"datetime": "2022-06-27 10:37:04", "elapsed": 119.866379, "delta": 0.594304}}
{"target": 3.143289566040039, "params": {"x1": 0.0, "x2": 0.016, "x3": 0.016, "x4": 0.008092166390636377, "x5": 0.016, "x6": 0.0, "x7": 0.0, "x8": 0.016}, "datetime": {"datetime": "2022-06-27 10:37:05", "elapsed": 120.70466, "delta": 0.838281}}
{"target": 1.4565770626068115, "params": {"x1": 0.01583620478941237, "x2": 0.015869278076001036, "x3": 0.012201767054117029, "x4": 0.007977630659279781, "x5": 0.013856054868677999, "x6": 0.0034865231580716075, "x7": 0.002054272484768701, "x8": 0.00844962249582679}, "datetime": {"datetime": "2022-06-27 10:37:05", "elapsed": 121.020923, "delta": 0.316263}}
{"target": 3.172761917114258, "params": {"x1": 0.0, "x2": 0.0, "x3": 0.0, "x4": 0.016, "x5": 0.016, "x6": 0.0, "x7": 0.0, "x8": 0.016}, "datetime": {"datetime": "2022-06-27 10:37:06", "elapsed": 121.820598, "delta": 0.799675}}
{"target": 1.100817084312439, "params": {"x1": 0.015617504744394588, "x2": 0.0035967438740789285, "x3": 0.003521991831295354, "x4": 0.006143520848863233, "x5": 0.015723259700173835, "x6": 0.00032396777606234116, "x7": 0.007443725947885968, "x8": 0.012263891500512086}, "datetime": {"datetime": "2022-06-27 10:37:07", "elapsed": 122.14121, "delta": 0.320612}}
{"target": 3.0418641567230225, "params": {"x1": 0.0, "x2": 0.016, "x3": 0.0, "x4": 0.016, "x5": 0.016, "x6": 0.009346798110046607, "x7": 0.0, "x8": 0.0}, "datetime": {"datetime": "2022-06-27 10:37:07", "elapsed": 122.94885, "delta": 0.80764}}
{"target": 1.8859033584594727, "params": {"x1": 0.0024007917141161883, "x2": 0.0006589899501862213, "x3": 0.0010400613914429825, "x4": 0.008632953963858126, "x5": 0.007385608853081692, "x6": 0.007084856123400344, "x7": 0.00240302685435006, "x8": 0.0023119020215453113}, "datetime": {"datetime": "2022-06-27 10:37:08", "elapsed": 123.346608, "delta": 0.397758}}
{"target": 1.0910391807556152, "params": {"x1": 0.008210967764920894, "x2": 0.007686148060074954, "x3": 0.004071254700017656, "x4": 0.0006991428323534965, "x5": 0.01566549653913914, "x6": 0.005518161138336442, "x7": 0.006744508505329361, "x8": 0.010443662897386503}, "datetime": {"datetime": "2022-06-27 10:37:08", "elapsed": 123.747255, "delta": 0.400647}}
{"target": 3.3625435829162598, "params": {"x1": 0.0, "x2": 0.0, "x3": 0.016, "x4": 0.0, "x5": 0.004215838739100346, "x6": 0.0031571491473860506, "x7": 0.0, "x8": 0.0047127902451046646}, "datetime": {"datetime": "2022-06-27 10:37:09", "elapsed": 124.426849, "delta": 0.679594}}
{"target": 2.315826177597046, "params": {"x1": 0.0015964248912738838, "x2": 0.0014240819473306594, "x3": 0.010135140157586613, "x4": 0.015007493137779639, "x5": 0.007332002042457379, "x6": 0.011782559029144987, "x7": 0.0017163944311106825, "x8": 0.013608291823750432}, "datetime": {"datetime": "2022-06-27 10:37:09", "elapsed": 124.798789, "delta": 0.37194}}
{"target": 3.352741241455078, "params": {"x1": 0.0, "x2": 0.0, "x3": 0.016, "x4": 0.0, "x5": 0.0029799848676750765, "x6": 0.0029381913408584445, "x7": 0.0, "x8": 0.011726967977896017}, "datetime": {"datetime": "2022-06-27 10:37:10", "elapsed": 125.388401, "delta": 0.589612}}
{"target": 3.2458770275115967, "params": {"x1": 0.0, "x2": 0.0, "x3": 0.0, "x4": 0.0, "x5": 0.016, "x6": 0.0, "x7": 0.0, "x8": 0.00881694976944045}, "datetime": {"datetime": "2022-06-27 10:37:11", "elapsed": 126.214186, "delta": 0.825785}}
{"target": 3.093268871307373, "params": {"x1": 0.0, "x2": 0.016, "x3": 0.009245966802284244, "x4": 0.016, "x5": 0.0, "x6": 0.016, "x7": 0.0, "x8": 0.011044591596037356}, "datetime": {"datetime": "2022-06-27 10:37:12", "elapsed": 127.152204, "delta": 0.938018}}
{"target": 3.2021307945251465, "params": {"x1": 0.0, "x2": 0.0, "x3": 0.0, "x4": 0.016, "x5": 0.016, "x6": 0.008006656360560784, "x7": 0.0, "x8": 0.011083482435442847}, "datetime": {"datetime": "2022-06-27 10:37:12", "elapsed": 127.797593, "delta": 0.645389}}
{"target": 0.9453731179237366, "params": {"x1": 0.007009761308697142, "x2": 0.015818803499591503, "x3": 0.007331851822822854, "x4": 0.00635460666347476, "x5": 0.0013481249267228356, "x6": 0.006310934678890936, "x7": 0.010771490258303854, "x8": 0.014269758782412363}, "datetime": {"datetime": "2022-06-27 10:37:13", "elapsed": 128.141455, "delta": 0.343862}}
{"target": 3.1790997982025146, "params": {"x1": 0.0, "x2": 0.008546278465933923, "x3": 0.0, "x4": 0.010514264148665606, "x5": 0.007155692454711547, "x6": 0.016, "x7": 0.0, "x8": 0.010562260002039265}, "datetime": {"datetime": "2022-06-27 10:37:13", "elapsed": 128.80909, "delta": 0.667635}}
{"target": 2.313613176345825, "params": {"x1": 0.000530687905930149, "x2": 0.010501098559628434, "x3": 0.015766547337716902, "x4": 0.009280292940065354, "x5": 0.0044894438232457486, "x6": 0.014534019631428344, "x7": 0.0008069164479527054, "x8": 0.0006151704020146003}, "datetime": {"datetime": "2022-06-27 10:37:14", "elapsed": 129.184544, "delta": 0.375454}}
{"target": 1.5030466318130493, "params": {"x1": 0.004876234427138204, "x2": 0.004074478055626287, "x3": 0.013761512648002173, "x4": 0.008853921940818134, "x5": 0.010293143024202504, "x6": 0.014411219423500673, "x7": 0.0041659684450585975, "x8": 0.004636517712907714}, "datetime": {"datetime": "2022-06-27 10:37:14", "elapsed": 129.543863, "delta": 0.359319}}
{"target": 3.3204565048217773, "params": {"x1": 0.0, "x2": 0.0, "x3": 0.016, "x4": 0.00979362449472025, "x5": 0.007362445227454798, "x6": 0.003619915240753729, "x7": 0.0, "x8": 0.016}, "datetime": {"datetime": "2022-06-27 10:37:15", "elapsed": 130.230578, "delta": 0.686715}}
{"target": 2.6338343620300293, "params": {"x1": 0.0003638784738900771, "x2": 0.01343514927770758, "x3": 0.011443818957906136, "x4": 0.000495854352966008, "x5": 0.003997938426601573, "x6": 0.005856673387892104, "x7": 0.000917134091628375, "x8": 0.010990069367277306}, "datetime": {"datetime": "2022-06-27 10:37:15", "elapsed": 130.609515, "delta": 0.378937}}
{"target": 3.282834053039551, "params": {"x1": 0.0003653082823001004, "x2": 0.00037274433366627944, "x3": 0.0010323478394474678, "x4": 0.0002229066478033186, "x5": 0.006660474320306006, "x6": 0.004095187673186896, "x7": 0.00018551017363671818, "x8": 0.008261931629743183}, "datetime": {"datetime": "2022-06-27 10:37:15", "elapsed": 130.994848, "delta": 0.385333}}
{"target": 3.1216089725494385, "params": {"x1": 0.0, "x2": 0.016, "x3": 0.016, "x4": 0.005404938557200358, "x5": 0.0, "x6": 0.016, "x7": 0.0, "x8": 0.0}, "datetime": {"datetime": "2022-06-27 10:37:16", "elapsed": 131.807016, "delta": 0.812168}}
{"target": 3.367243766784668, "params": {"x1": 0.0, "x2": 0.0, "x3": 0.016, "x4": 0.016, "x5": 0.0, "x6": 0.003786936670056699, "x7": 0.0, "x8": 0.008018564845925932}, "datetime": {"datetime": "2022-06-27 10:37:17", "elapsed": 132.653082, "delta": 0.846066}}
{"target": 3.24177885055542, "params": {"x1": 0.0, "x2": 0.005972458141991143, "x3": 0.016, "x4": 0.016, "x5": 0.006246653887192558, "x6": 0.0, "x7": 0.0, "x8": 0.0}, "datetime": {"datetime": "2022-06-27 10:37:18", "elapsed": 133.528622, "delta": 0.87554}}
{"target": 3.1272363662719727, "params": {"x1": 0.0, "x2": 0.016, "x3": 0.016, "x4": 0.006369584119654184, "x5": 0.008525894260960567, "x6": 0.016, "x7": 0.0, "x8": 0.0}, "datetime": {"datetime": "2022-06-27 10:37:19", "elapsed": 134.281355, "delta": 0.752733}}
{"target": 3.1282925605773926, "params": {"x1": 0.0, "x2": 0.007989342476345983, "x3": 0.0, "x4": 0.016, "x5": 0.008443312902128039, "x6": 0.002708344401161819, "x7": 0.0, "x8": 0.0}, "datetime": {"datetime": "2022-06-27 10:37:20", "elapsed": 135.242808, "delta": 0.961453}}
{"target": 1.3188400268554688, "params": {"x1": 0.010426114871376457, "x2": 0.0019435221395750215, "x3": 0.008931022883448686, "x4": 0.013862788598889323, "x5": 0.01301047833859652, "x6": 0.0030261558532033972, "x7": 0.004384932686508251, "x8": 0.009955682149369772}, "datetime": {"datetime": "2022-06-27 10:37:20", "elapsed": 135.610776, "delta": 0.367968}}
{"target": 3.2010750770568848, "params": {"x1": 0.0, "x2": 0.010557353697823716, "x3": 0.016, "x4": 0.0, "x5": 0.00975787163843261, "x6": 0.016, "x7": 0.0, "x8": 0.007395152737768817}, "datetime": {"datetime": "2022-06-27 10:37:21", "elapsed": 136.326763, "delta": 0.715987}}
{"target": 3.3186914920806885, "params": {"x1": 0.0, "x2": 0.0, "x3": 0.016, "x4": 0.009068229602578883, "x5": 0.0, "x6": 0.016, "x7": 0.0, "x8": 0.011309825616981678}, "datetime": {"datetime": "2022-06-27 10:37:22", "elapsed": 137.058894, "delta": 0.732131}}
{"target": 0.9401409029960632, "params": {"x1": 0.014548031953361554, "x2": 0.005477376618449423, "x3": 0.008195257183083237, "x4": 0.0027427366270054796, "x5": 0.012338139359152704, "x6": 0.009728015097077857, "x7": 0.008956419950138031, "x8": 0.006223349381822633}, "datetime": {"datetime": "2022-06-27 10:37:22", "elapsed": 137.442437, "delta": 0.383543}}
{"target": 3.2341043949127197, "params": {"x1": 0.0, "x2": 0.0, "x3": 0.016, "x4": 0.005525863445668107, "x5": 0.016, "x6": 0.016, "x7": 0.0, "x8": 0.0}, "datetime": {"datetime": "2022-06-27 10:37:22", "elapsed": 138.030803, "delta": 0.588366}}
{"target": 3.266472101211548, "params": {"x1": 0.0, "x2": 0.0, "x3": 0.007807494664198295, "x4": 0.0, "x5": 0.005821505036628496, "x6": 0.016, "x7": 0.0, "x8": 0.0}, "datetime": {"datetime": "2022-06-27 10:37:23", "elapsed": 138.751849, "delta": 0.721046}}
{"target": 3.229924201965332, "params": {"x1": 0.0, "x2": 0.009770667743033904, "x3": 0.016, "x4": 0.0, "x5": 0.0, "x6": 0.016, "x7": 0.0, "x8": 0.0}, "datetime": {"datetime": "2022-06-27 10:37:24", "elapsed": 139.271279, "delta": 0.51943}}
{"target": 1.3947547674179077, "params": {"x1": 0.006115810118281553, "x2": 0.004735181109889229, "x3": 0.007607252993229015, "x4": 0.015584929934059646, "x5": 0.00903338761458987, "x6": 0.0027072963819510963, "x7": 0.0039221638833922285, "x8": 0.012220362734219309}, "datetime": {"datetime": "2022-06-27 10:37:24", "elapsed": 139.63635, "delta": 0.365071}}
{"target": 1.0212076902389526, "params": {"x1": 0.011937345632540093, "x2": 0.011936255326241593, "x3": 0.009515213798003649, "x4": 0.010069248482556704, "x5": 0.010893251211901336, "x6": 0.008722446697931359, "x7": 0.006762814041016404, "x8": 0.013736844822752548}, "datetime": {"datetime": "2022-06-27 10:37:24", "elapsed": 140.00417, "delta": 0.36782}}
{"target": 2.143827438354492, "params": {"x1": 0.0, "x2": 0.0, "x3": 0.016, "x4": 0.016, "x5": 0.016, "x6": 0.0, "x7": 0.016, "x8": 0.016}, "datetime": {"datetime": "2022-06-27 10:37:25", "elapsed": 140.935577, "delta": 0.931407}}
{"target": 3.2555832862854004, "params": {"x1": 0.0, "x2": 0.0, "x3": 0.0, "x4": 0.0, "x5": 0.0, "x6": 0.006749393702626834, "x7": 0.0, "x8": 0.0}, "datetime": {"datetime": "2022-06-27 10:37:26", "elapsed": 141.577457, "delta": 0.64188}}
{"target": 3.196054458618164, "params": {"x1": 0.0, "x2": 0.0, "x3": 0.0, "x4": 0.016, "x5": 0.007810195598779027, "x6": 0.0, "x7": 0.0, "x8": 0.0}, "datetime": {"datetime": "2022-06-27 10:37:27", "elapsed": 142.356282, "delta": 0.778825}}
{"target": 1.3597608804702759, "params": {"x1": 0.003181449046044831, "x2": 0.005837272978275754, "x3": 0.006633129372680218, "x4": 0.006680589995172267, "x5": 0.015167295098791543, "x6": 0.01234695983993396, "x7": 0.00767078180522484, "x8": 0.014518890775232498}, "datetime": {"datetime": "2022-06-27 10:37:27", "elapsed": 142.766704, "delta": 0.410422}}
{"target": 3.1094071865081787, "params": {"x1": 0.0, "x2": 0.016, "x3": 0.0, "x4": 0.0, "x5": 0.0, "x6": 0.0, "x7": 0.0, "x8": 0.0}, "datetime": {"datetime": "2022-06-27 10:37:28", "elapsed": 143.566356, "delta": 0.799652}}
{"target": 3.236048936843872, "params": {"x1": 0.0, "x2": 0.0075450962589194825, "x3": 0.016, "x4": 0.0, "x5": 0.0, "x6": 0.016, "x7": 0.0, "x8": 0.016}, "datetime": {"datetime": "2022-06-27 10:37:29", "elapsed": 144.383456, "delta": 0.8171}}
{"target": 3.2843222618103027, "params": {"x1": 0.0, "x2": 0.0, "x3": 0.016, "x4": 0.0038205464312825246, "x5": 0.005724521850590668, "x6": 0.016, "x7": 0.0, "x8": 0.0}, "datetime": {"datetime": "2022-06-27 10:37:30", "elapsed": 145.449775, "delta": 1.066319}}
{"target": 3.062518835067749, "params": {"x1": 0.0, "x2": 0.016, "x3": 0.0, "x4": 0.016, "x5": 0.007053129952797048, "x6": 0.016, "x7": 0.0, "x8": 0.006521710365916901}, "datetime": {"datetime": "2022-06-27 10:37:31", "elapsed": 146.366314, "delta": 0.916539}}
{"target": 1.0475293397903442, "params": {"x1": 0.007871837689048256, "x2": 0.010418925011522636, "x3": 0.014190635971379402, "x4": 0.009616315746223701, "x5": 0.005607345608482229, "x6": 0.012056235948892427, "x7": 0.009411278355723229, "x8": 0.014269372400858009}, "datetime": {"datetime": "2022-06-27 10:37:31", "elapsed": 146.745808, "delta": 0.379494}}
{"target": 3.2431795597076416, "params": {"x1": 0.0, "x2": 0.0, "x3": 0.00914080479902547, "x4": 0.0, "x5": 0.016, "x6": 0.016, "x7": 0.0, "x8": 0.016}, "datetime": {"datetime": "2022-06-27 10:37:32", "elapsed": 147.7785, "delta": 1.032692}}
{"target": 0.8189874887466431, "params": {"x1": 0.010135532527256033, "x2": 0.011917399911733554, "x3": 0.0018466948199645063, "x4": 0.006428994906426009, "x5": 0.010730804446339844, "x6": 0.0028939697959808478, "x7": 0.012536941802273644, "x8": 0.013660186848816995}, "datetime": {"datetime": "2022-06-27 10:37:33", "elapsed": 148.188728, "delta": 0.410228}}
{"target": 1.138543725013733, "params": {"x1": 0.004751641194647261, "x2": 0.0051396014740102205, "x3": 0.0099766804056966, "x4": 0.008353868106783416, "x5": 0.008718624758296614, "x6": 0.005537459726232539, "x7": 0.0110936468464767, "x8": 0.005740741363198847}, "datetime": {"datetime": "2022-06-27 10:37:33", "elapsed": 148.564835, "delta": 0.376107}}
{"target": 3.1842830181121826, "params": {"x1": 0.0, "x2": 0.0, "x3": 0.0, "x4": 0.016, "x5": 0.016, "x6": 0.007357955143833261, "x7": 0.0, "x8": 0.016}, "datetime": {"datetime": "2022-06-27 10:37:34", "elapsed": 149.320779, "delta": 0.755944}}
{"target": 1.1601979732513428, "params": {"x1": 0.01276338065183684, "x2": 0.014952112004450081, "x3": 0.0021233998579232197, "x4": 0.0024391233734936987, "x5": 0.0004609625801474877, "x6": 0.014622623848486088, "x7": 0.005827721068640125, "x8": 0.015674815634301707}, "datetime": {"datetime": "2022-06-27 10:37:34", "elapsed": 149.742065, "delta": 0.421286}}
{"target": 1.986933946609497, "params": {"x1": 0.016, "x2": 0.0, "x3": 0.016, "x4": 0.016, "x5": 0.0, "x6": 0.016, "x7": 0.0, "x8": 0.0}, "datetime": {"datetime": "2022-06-27 10:37:35", "elapsed": 150.309513, "delta": 0.567448}}
{"target": 3.248788356781006, "params": {"x1": 0.0, "x2": 0.0, "x3": 0.0, "x4": 0.0, "x5": 0.008563912539771248, "x6": 0.016, "x7": 0.0, "x8": 0.0}, "datetime": {"datetime": "2022-06-27 10:37:36", "elapsed": 151.317252, "delta": 1.007739}}
{"target": 3.0379106998443604, "params": {"x1": 0.0, "x2": 0.016, "x3": 0.0, "x4": 0.0067219381058097214, "x5": 0.016, "x6": 0.016, "x7": 0.0, "x8": 0.016}, "datetime": {"datetime": "2022-06-27 10:37:37", "elapsed": 152.362585, "delta": 1.045333}}
{"target": 1.97173273563385, "params": {"x1": 0.016, "x2": 0.0, "x3": 0.016, "x4": 0.016, "x5": 0.016, "x6": 0.0, "x7": 0.0, "x8": 0.016}, "datetime": {"datetime": "2022-06-27 10:37:38", "elapsed": 153.165058, "delta": 0.802473}}
{"target": 1.0507079362869263, "params": {"x1": 0.012222075817807132, "x2": 0.006876267397259843, "x3": 0.0038160952237389144, "x4": 0.0037154725930025343, "x5": 0.015330648535552036, "x6": 0.008525976778574841, "x7": 0.006532539266211444, "x8": 0.006057590174521147}, "datetime": {"datetime": "2022-06-27 10:37:38", "elapsed": 153.544579, "delta": 0.379521}}
{"target": 3.274852991104126, "params": {"x1": 0.0, "x2": 0.0, "x3": 0.00813303015628227, "x4": 0.0, "x5": 0.0, "x6": 0.003908658643313254, "x7": 0.0, "x8": 0.0}, "datetime": {"datetime": "2022-06-27 10:37:39", "elapsed": 154.287112, "delta": 0.742533}}
{"target": 1.531251311302185, "params": {"x1": 0.015125464028417617, "x2": 0.006652273277146819, "x3": 0.01482192604746727, "x4": 0.002843711455780907, "x5": 0.0028441391075587604, "x6": 0.013251962558653732, "x7": 0.0028326429155108015, "x8": 0.0024480118892341363}, "datetime": {"datetime": "2022-06-27 10:37:39", "elapsed": 154.668943, "delta": 0.381831}}
{"target": 2.73336124420166, "params": {"x1": 0.00016596256528035624, "x2": 0.00911554632575587, "x3": 0.012725001573302017, "x4": 0.005009616595589057, "x5": 0.009904298159839836, "x6": 0.0024368683610746338, "x7": 0.0007439370651426333, "x8": 0.011027106040854938}, "datetime": {"datetime": "2022-06-27 10:37:40", "elapsed": 155.134685, "delta": 0.465742}}
{"target": 3.15350079536438, "params": {"x1": 0.0, "x2": 0.016, "x3": 0.0, "x4": 0.016, "x5": 0.0, "x6": 0.0, "x7": 0.0, "x8": 0.008167579027838628}, "datetime": {"datetime": "2022-06-27 10:37:40", "elapsed": 155.84385, "delta": 0.709165}}
{"target": 2.1241965293884277, "params": {"x1": 0.0, "x2": 0.0, "x3": 0.0, "x4": 0.0, "x5": 0.016, "x6": 0.016, "x7": 0.016, "x8": 0.0}, "datetime": {"datetime": "2022-06-27 10:37:41", "elapsed": 156.517545, "delta": 0.673695}}
{"target": 3.1234185695648193, "params": {"x1": 0.00020645664348747418, "x2": 0.005951077682983095, "x3": 6.282313752265623e-05, "x4": 0.00033645997039738343, "x5": 0.0025389744964109014, "x6": 0.0014545683583221099, "x7": 6.199577054093374e-05, "x8": 0.0048442049341200465}, "datetime": {"datetime": "2022-06-27 10:37:42", "elapsed": 157.444682, "delta": 0.927137}}
{"target": 1.9828064441680908, "params": {"x1": 0.001517852078035718, "x2": 0.01197200164559432, "x3": 0.007842044763363497, "x4": 0.00802632849244896, "x5": 0.007638822745101175, "x6": 0.011061457323677996, "x7": 0.0021418069072146545, "x8": 0.0014875189206245043}, "datetime": {"datetime": "2022-06-27 10:37:42", "elapsed": 157.834601, "delta": 0.389919}}
{"target": 3.2564313411712646, "params": {"x1": 0.0, "x2": 0.007547474237812088, "x3": 0.016, "x4": 0.0, "x5": 0.0, "x6": 0.0, "x7": 0.0, "x8": 0.011246241753555061}, "datetime": {"datetime": "2022-06-27 10:37:43", "elapsed": 158.58125, "delta": 0.746649}}
{"target": 3.2661502361297607, "params": {"x1": 0.0, "x2": 0.0, "x3": 0.007523607120226573, "x4": 0.0, "x5": 0.0, "x6": 0.016, "x7": 0.0, "x8": 0.007927419257903526}, "datetime": {"datetime": "2022-06-27 10:37:44", "elapsed": 159.517464, "delta": 0.936214}}
