{"target": 3.2402284145355225, "params": {"x1": 0.0, "x2": 0.0, "x3": 0.016, "x4": 0.0074801398886917975, "x5": 0.016, "x6": 0.016, "x7": 0.0, "x8": 0.016}, "datetime": {"datetime": "2022-06-27 10:37:45", "elapsed": 160.245025, "delta": 0.727561}}
{"target": 3.2241463661193848, "params": {"x1": 0.0, "x2": 0.009377893304225856, "x3": 0.016, "x4": 0.009218356546757792, "x5": 0.0, "x6": 0.0, "x7": 0.0, "x8": 0.016}, "datetime": {"datetime": "2022-06-27 10:37:45", "elapsed": 160.849687, "delta": 0.604662}}
{"target": 0.8847793936729431, "params": {"x1": 0.011846019260230104, "x2": 0.011962244134013474, "x3": 0.014487806810325668, "x4": 1.1752390062008899e-05, "x5": 0.012437200280110566, "x6": 0.004721446673483891, "x7": 0.01372140629020324, "x8": 0.011403664603475782}, "datetime": {"datetime": "2022-06-27 10:37:46", "elapsed": 161.252404, "delta": 0.402717}}
{"target": 3.0830719470977783, "params": {"x1": 0.0, "x2": 0.016, "x3": 0.0, "x4": 0.0, "x5": 0.016, "x6": 0.016, "x7": 0.0, "x8": 0.0}, "datetime": {"datetime": "2022-06-27 10:37:47", "elapsed": 162.306889, "delta": 1.054485}}
{"target": 3.323427677154541, "params": {"x1": 0.0, "x2": 0.0, "x3": 0.016, "x4": 0.0, "x5": 0.00494957077233153, "x6": 0.0, "x7": 0.0, "x8": 0.016}, "datetime": {"datetime": "2022-06-27 10:37:48", "elapsed": 163.384728, "delta": 1.077839}}
{"target": 3.1415657997131348, "params": {"x1": 0.0, "x2": 0.016, "x3": 0.016, "x4": 0.016, "x5": 0.0, "x6": 0.016, "x7": 0.0, "x8": 0.009660562435353777}, "datetime": {"datetime": "2022-06-27 10:37:49", "elapsed": 164.41111, "delta": 1.026382}}
{"target": 3.297245979309082, "params": {"x1": 0.0, "x2": 0.0, "x3": 0.005763328618051425, "x4": 0.0, "x5": 0.0, "x6": 0.005607347658867118, "x7": 0.0, "x8": 0.008942313339465052}, "datetime": {"datetime": "2022-06-27 10:37:50", "elapsed": 165.134284, "delta": 0.723174}}
{"target": 3.14436411857605, "params": {"x1": 0.0, "x2": 0.012411396933466944, "x3": 0.0, "x4": 0.0, "x5": 0.0, "x6": 0.007946692344762904, "x7": 0.0, "x8": 0.016}, "datetime": {"datetime": "2022-06-27 10:37:50", "elapsed": 165.942688, "delta": 0.808404}}
{"target": 3.284186363220215, "params": {"x1": 0.0, "x2": 0.0, "x3": 0.007142648971885511, "x4": 0.0, "x5": 0.009620562625556847, "x6": 0.004886783596853785, "x7": 0.0, "x8": 0.007899088710998581}, "datetime": {"datetime": "2022-06-27 10:37:51", "elapsed": 166.791697, "delta": 0.849009}}
{"target": 3.356926918029785, "params": {"x1": 0.0, "x2": 0.0, "x3": 0.016, "x4": 0.0, "x5": 0.0, "x6": 0.002376101416905008, "x7": 0.0, "x8": 0.0032470862195024142}, "datetime": {"datetime": "2022-06-27 10:37:52", "elapsed": 167.530315, "delta": 0.738618}}
{"target": 2.6089742183685303, "params": {"x1": 0.0007477364417006278, "x2": 0.01543079420931157, "x3": 0.01519947357722064, "x4": 0.008569215181442828, "x5": 0.015658504631371795, "x6": 0.007710192028114918, "x7": 0.00033842014342880944, "x8": 0.013276883604887746}, "datetime": {"datetime": "2022-06-27 10:37:52", "elapsed": 168.043232, "delta": 0.512917}}
{"target": 0.8910573720932007, "params": {"x1": 0.007547230522945114, "x2": 0.014231889148187783, "x3": 0.01581866006686283, "x4": 0.008569480592819534, "x5": 0.007666461850595729, "x6": 0.002655883539256662, "x7": 0.015970775145041645, "x8": 0.01063416221083748}, "datetime": {"datetime": "2022-06-27 10:37:53", "elapsed": 168.488432, "delta": 0.4452}}
{"target": 3.239198684692383, "params": {"x1": 0.0, "x2": 0.0, "x3": 0.006211549631588271, "x4": 0.007772368871161613, "x5": 0.009543023164155789, "x6": 0.016, "x7": 0.0, "x8": 0.00957292874351393}, "datetime": {"datetime": "2022-06-27 10:37:54", "elapsed": 169.587233, "delta": 1.098801}}
{"target": 1.899343729019165, "params": {"x1": 0.016, "x2": 0.0, "x3": 0.0, "x4": 0.016, "x5": 0.016, "x6": 0.0, "x7": 0.0, "x8": 0.0}, "datetime": {"datetime": "2022-06-27 10:37:55", "elapsed": 170.401857, "delta": 0.814624}}
{"target": 3.289069175720215, "params": {"x1": 0.0, "x2": 0.005776488101675749, "x3": 0.016, "x4": 0.0, "x5": 0.016, "x6": 0.016, "x7": 0.0, "x8": 0.011989456971964966}, "datetime": {"datetime": "2022-06-27 10:37:56", "elapsed": 171.546862, "delta": 1.145005}}
{"target": 3.2147772312164307, "params": {"x1": 0.0, "x2": 0.007173263234751416, "x3": 0.016, "x4": 0.0, "x5": 0.016, "x6": 0.0, "x7": 0.0, "x8": 0.016}, "datetime": {"datetime": "2022-06-27 10:37:57", "elapsed": 172.41223, "delta": 0.865368}}
{"target": 3.0772969722747803, "params": {"x1": 0.0, "x2": 0.016, "x3": 0.0, "x4": 0.007972833442937225, "x5": 0.016, "x6": 0.0, "x7": 0.0, "x8": 0.016}, "datetime": {"datetime": "2022-06-27 10:37:58", "elapsed": 173.729079, "delta": 1.316849}}
{"target": 3.338743209838867, "params": {"x1": 0.0, "x2": 0.0, "x3": 0.016, "x4": 0.0, "x5": 0.00455518170679363, "x6": 0.016, "x7": 0.0, "x8": 0.012456439746761467}, "datetime": {"datetime": "2022-06-27 10:38:01", "elapsed": 176.065858, "delta": 2.336779}}
{"target": 3.287886381149292, "params": {"x1": 0.0, "x2": 0.0, "x3": 0.016, "x4": 0.0, "x5": 0.016, "x6": 0.0, "x7": 0.0, "x8": 0.0}, "datetime": {"datetime": "2022-06-27 10:38:02", "elapsed": 177.143112, "delta": 1.077254}}
{"target": 3.1769654750823975, "params": {"x1": 0.0, "x2": 0.016, "x3": 0.016, "x4": 0.009818083287745026, "x5": 0.0, "x6": 0.005680003846592439, "x7": 0.0, "x8": 0.016}, "datetime": {"datetime": "2022-06-27 10:38:03", "elapsed": 178.873348, "delta": 1.730236}}
{"target": 3.1148276329040527, "params": {"x1": 0.0, "x2": 0.016, "x3": 0.00752505765726641, "x4": 0.0, "x5": 0.016, "x6": 0.008496940863781508, "x7": 0.0, "x8": 0.0}, "datetime": {"datetime": "2022-06-27 10:38:04", "elapsed": 179.817684, "delta": 0.944336}}
{"target": 3.1520400047302246, "params": {"x1": 0.0, "x2": 0.008775750540312573, "x3": 0.0, "x4": 0.008945744719031146, "x5": 0.0, "x6": 0.0, "x7": 0.0, "x8": 0.0}, "datetime": {"datetime": "2022-06-27 10:38:05", "elapsed": 180.56903, "delta": 0.751346}}
{"target": 3.1783905029296875, "params": {"x1": 0.0, "x2": 0.0, "x3": 0.0, "x4": 0.005777338758104263, "x5": 0.01079009174966638, "x6": 0.0, "x7": 0.0, "x8": 0.0}, "datetime": {"datetime": "2022-06-27 10:38:06", "elapsed": 181.555549, "delta": 0.986519}}
{"target": 1.3046125173568726, "params": {"x1": 0.013468877636529951, "x2": 0.0011243571213903002, "x3": 0.011325558402347486, "x4": 0.004243626197249231, "x5": 0.01012784602490472, "x6": 0.007439635835741953, "x7": 0.008725400696684316, "x8": 0.004771626714171591}, "datetime": {"datetime": "2022-06-27 10:38:07", "elapsed": 182.063644, "delta": 0.508095}}
{"target": 3.1068761348724365, "params": {"x1": 0.0, "x2": 0.016, "x3": 0.0, "x4": 0.0, "x5": 0.0, "x6": 0.016, "x7": 0.0, "x8": 0.0}, "datetime": {"datetime": "2022-06-27 10:38:07", "elapsed": 182.753208, "delta": 0.689564}}
{"target": 2.1331875324249268, "params": {"x1": 0.00015781227262431764, "x2": 0.002112801544878, "x3": 0.007861355023115461, "x4": 0.0067068261684881105, "x5": 0.004857438081418275, "x6": 0.015899522830954714, "x7": 0.010545530052013443, "x8": 0.01517675981414237}, "datetime": {"datetime": "2022-06-27 10:38:08", "elapsed": 183.171327, "delta": 0.418119}}
{"target": 3.2303555011749268, "params": {"x1": 0.0, "x2": 0.0, "x3": 0.008410420978198536, "x4": 0.012693131132220363, "x5": 0.013276472070848155, "x6": 0.016, "x7": 0.0, "x8": 0.0}, "datetime": {"datetime": "2022-06-27 10:38:09", "elapsed": 184.390636, "delta": 1.219309}}
{"target": 3.0656638145446777, "params": {"x1": 0.0, "x2": 0.016, "x3": 0.0, "x4": 0.016, "x5": 0.0, "x6": 0.007983645102272006, "x7": 0.0, "x8": 0.0}, "datetime": {"datetime": "2022-06-27 10:38:10", "elapsed": 185.124082, "delta": 0.733446}}
{"target": 1.9521008729934692, "params": {"x1": 0.016, "x2": 0.0, "x3": 0.0, "x4": 0.0, "x5": 0.016, "x6": 0.016, "x7": 0.0, "x8": 0.0}, "datetime": {"datetime": "2022-06-27 10:38:10", "elapsed": 185.862273, "delta": 0.738191}}
{"target": 0.8220406174659729, "params": {"x1": 0.01199674599970069, "x2": 0.010717426113560554, "x3": 0.006328831588919889, "x4": 0.01365688765261639, "x5": 0.011913900874082289, "x6": 0.005524607944942302, "x7": 0.01475550433929736, "x8": 0.009317990603608516}, "datetime": {"datetime": "2022-06-27 10:38:11", "elapsed": 186.28383, "delta": 0.421557}}
{"target": 3.2049334049224854, "params": {"x1": 0.0, "x2": 0.0, "x3": 0.0, "x4": 0.008041777462589056, "x5": 0.016, "x6": 0.016, "x7": 0.0, "x8": 0.0}, "datetime": {"datetime": "2022-06-27 10:38:11", "elapsed": 187.00274, "delta": 0.71891}}
{"target": 3.286010980606079, "params": {"x1": 0.0, "x2": 0.0, "x3": 0.016, "x4": 0.016, "x5": 0.007525722670435483, "x6": 0.0, "x7": 0.0, "x8": 0.009025013456623475}, "datetime": {"datetime": "2022-06-27 10:38:12", "elapsed": 187.877311, "delta": 0.874571}}
{"target": 3.331108808517456, "params": {"x1": 0.0, "x2": 0.0, "x3": 0.016, "x4": 0.011047457571165101, "x5": 0.0, "x6": 0.005546898503849369, "x7": 0.0, "x8": 0.011470883275907498}, "datetime": {"datetime": "2022-06-27 10:38:13", "elapsed": 189.008684, "delta": 1.131373}}
{"target": 3.314897298812866, "params": {"x1": 0.0, "x2": 0.0, "x3": 0.016, "x4": 0.008365560255775145, "x5": 0.0, "x6": 0.009744061936458166, "x7": 0.0, "x8": 0.016}, "datetime": {"datetime": "2022-06-27 10:38:14", "elapsed": 189.9147, "delta": 0.906016}}
{"target": 1.9356412887573242, "params": {"x1": 0.00033564055599579314, "x2": 0.009413278229449278, "x3": 0.004134948937482522, "x4": 0.008177125090319181, "x5": 0.0023093692415308295, "x6": 0.015015001936297161, "x7": 0.014575555358932606, "x8": 0.0031560523513737737}, "datetime": {"datetime": "2022-06-27 10:38:15", "elapsed": 190.373805, "delta": 0.459105}}
{"target": 3.266979455947876, "params": {"x1": 0.0, "x2": 0.0, "x3": 0.00830915495786637, "x4": 0.0, "x5": 0.0, "x6": 0.016, "x7": 0.0, "x8": 0.016}, "datetime": {"datetime": "2022-06-27 10:38:16", "elapsed": 191.394797, "delta": 1.020992}}
{"target": 3.3055038452148438, "params": {"x1": 0.0, "x2": 0.0, "x3": 0.016, "x4": 0.0, "x5": 0.01097504082786358, "x6": 0.004988357000599462, "x7": 0.0, "x8": 0.0}, "datetime": {"datetime": "2022-06-27 10:38:17", "elapsed": 192.241134, "delta": 0.846337}}
{"target": 3.2086524963378906, "params": {"x1": 0.0, "x2": 0.00916994298160291, "x3": 0.016, "x4": 0.0, "x5": 0.016, "x6": 0.0, "x7": 0.0, "x8": 0.0}, "datetime": {"datetime": "2022-06-27 10:38:18", "elapsed": 193.820021, "delta": 1.578887}}
{"target": 0.9768180847167969, "params": {"x1": 0.008608160456074558, "x2": 0.008562694454795856, "x3": 0.012493773722795335, "x4": 0.004359223497938791, "x5": 0.0007517345320859068, "x6": 0.011332949739608947, "x7": 0.013488936784426274, "x8": 0.00268503093213733}, "datetime": {"datetime": "2022-06-27 10:38:19", "elapsed": 194.496496, "delta": 0.676475}}
{"target": 1.1538752317428589, "params": {"x1": 0.005609807685607802, "x2": 0.0005876544195046361, "x3": 0.01114468575393088, "x4": 0.013948907612069029, "x5": 0.007923401490027628, "x6": 0.007444314297610415, "x7": 0.012133794613438578, "x8": 0.0028882145504576843}, "datetime": {"datetime": "2022-06-27 10:38:20", "elapsed": 195.244792, "delta": 0.748296}}
{"target": 1.0010898113250732, "params": {"x1": 0.004320244494806522, "x2": 0.010506843318514973, "x3": 0.0026736444202713336, "x4": 0.0023498342260185974, "x5": 0.011970426882157525, "x6": 0.009020323709144684, "x7": 0.015502906564228713, "x8": 0.00461093677464504}, "datetime": {"datetime": "2022-06-27 10:38:20", "elapsed": 195.849692, "delta": 0.6049}}
{"target": 1.848708987236023, "params": {"x1": 0.016, "x2": 0.016, "x3": 0.0, "x4": 0.0, "x5": 0.0, "x6": 0.0, "x7": 0.0, "x8": 0.016}, "datetime": {"datetime": "2022-06-27 10:38:22", "elapsed": 197.055939, "delta": 1.206247}}
{"target": 3.3872454166412354, "params": {"x1": 0.0, "x2": 0.0, "x3": 0.016, "x4": 0.0, "x5": 0.016, "x6": 0.0, "x7": 0.0, "x8": 0.008191323840860774}, "datetime": {"datetime": "2022-06-27 10:38:22", "elapsed": 197.792198, "delta": 0.736259}}
{"target": 2.148192882537842, "params": {"x1": 0.0, "x2": 0.0, "x3": 0.0, "x4": 0.0, "x5": 0.0, "x6": 0.016, "x7": 0.016, "x8": 0.0}, "datetime": {"datetime": "2022-06-27 10:38:24", "elapsed": 199.054036, "delta": 1.261838}}
{"target": 3.1639323234558105, "params": {"x1": 6.299517841272894e-05, "x2": 0.006577635316841024, "x3": 0.0012132019644438632, "x4": 0.0013347814693172176, "x5": 0.0004012578796106254, "x6": 0.014230783959868916, "x7": 4.086192218418106e-06, "x8": 0.00366182602104508}, "datetime": {"datetime": "2022-06-27 10:38:24", "elapsed": 199.867306, "delta": 0.81327}}
{"target": 2.092926263809204, "params": {"x1": 0.0, "x2": 0.0, "x3": 0.0, "x4": 0.016, "x5": 0.0, "x6": 0.016, "x7": 0.016, "x8": 0.0}, "datetime": {"datetime": "2022-06-27 10:38:26", "elapsed": 201.268972, "delta": 1.401666}}
{"target": 3.25832462310791, "params": {"x1": 0.0, "x2": 0.0, "x3": 0.0, "x4": 0.011542395521106719, "x5": 0.004392129400836495, "x6": 0.016, "x7": 0.0, "x8": 0.010701122417270737}, "datetime": {"datetime": "2022-06-27 10:38:27", "elapsed": 202.287275, "delta": 1.018303}}
{"target": 3.273298740386963, "params": {"x1": 0.0, "x2": 0.0, "x3": 0.0, "x4": 0.0, "x5": 0.010746241702117229, "x6": 0.004556085540434881, "x7": 0.0, "x8": 0.004300264215665035}, "datetime": {"datetime": "2022-06-27 10:38:28", "elapsed": 203.176005, "delta": 0.88873}}
{"target": 1.9296278953552246, "params": {"x1": 0.016, "x2": 0.0, "x3": 0.0, "x4": 0.016, "x5": 0.0, "x6": 0.0, "x7": 0.0, "x8": 0.016}, "datetime": {"datetime": "2022-06-27 10:38:28", "elapsed": 203.918874, "delta": 0.742869}}
{"target": 1.9800306558609009, "params": {"x1": 0.012204038474056378, "x2": 0.012570243297069756, "x3": 0.002815293106144642, "x4": 0.003967422288121316, "x5": 0.010687084713300068, "x6": 0.012319811420572972, "x7": 8.153722702344268e-06, "x8": 0.003421411384178873}, "datetime": {"datetime": "2022-06-27 10:38:29", "elapsed": 204.377724, "delta": 0.45885}}
{"target": 3.197812795639038, "params": {"x1": 0.0, "x2": 0.009460647171423366, "x3": 0.016, "x4": 0.008995245950818584, "x5": 0.016, "x6": 0.016, "x7": 0.0, "x8": 0.016}, "datetime": {"datetime": "2022-06-27 10:38:30", "elapsed": 205.304475, "delta": 0.926751}}
{"target": 3.1262247562408447, "params": {"x1": 0.0, "x2": 0.016, "x3": 0.0, "x4": 0.0, "x5": 0.0, "x6": 0.008345577693607008, "x7": 0.0, "x8": 0.006486647406023608}, "datetime": {"datetime": "2022-06-27 10:38:31", "elapsed": 206.326806, "delta": 1.022331}}
{"target": 0.9175858497619629, "params": {"x1": 0.007356632814110295, "x2": 0.014530267835185861, "x3": 0.009109655783114366, "x4": 0.013946518176577135, "x5": 0.01146984406276337, "x6": 0.0012802058991728238, "x7": 0.008806658919389131, "x8": 0.009632033570051676}, "datetime": {"datetime": "2022-06-27 10:38:31", "elapsed": 206.776201, "delta": 0.449395}}
{"target": 3.1177849769592285, "params": {"x1": 0.0, "x2": 0.016, "x3": 0.0, "x4": 0.0, "x5": 0.006955011894046052, "x6": 0.016, "x7": 0.0, "x8": 0.007716553490785311}, "datetime": {"datetime": "2022-06-27 10:38:32", "elapsed": 207.507508, "delta": 0.731307}}
{"target": 1.6062240600585938, "params": {"x1": 0.006498738913156371, "x2": 0.004200135818828603, "x3": 5.746872250930046e-05, "x4": 0.012819792889380725, "x5": 0.007242624621333599, "x6": 0.011661482414965956, "x7": 0.002558586441223673, "x8": 0.008619146593102535}, "datetime": {"datetime": "2022-06-27 10:38:32", "elapsed": 207.971617, "delta": 0.464109}}
{"target": 3.1508569717407227, "params": {"x1": 0.0, "x2": 0.007659485291578586, "x3": 0.016, "x4": 0.016, "x5": 0.016, "x6": 0.016, "x7": 0.0, "x8": 0.0}, "datetime": {"datetime": "2022-06-27 10:38:33", "elapsed": 208.987106, "delta": 1.015489}}
{"target": 3.2003424167633057, "params": {"x1": 0.0, "x2": 0.007345296441843043, "x3": 0.016, "x4": 0.011402082831567063, "x5": 0.016, "x6": 0.0, "x7": 0.0, "x8": 0.016}, "datetime": {"datetime": "2022-06-27 10:38:34", "elapsed": 209.983087, "delta": 0.995981}}
{"target": 3.091428756713867, "params": {"x1": 0.0, "x2": 0.008286201011038793, "x3": 0.0, "x4": 0.007131193937375539, "x5": 0.016, "x6": 0.0, "x7": 0.0, "x8": 0.0}, "datetime": {"datetime": "2022-06-27 10:38:36", "elapsed": 211.208169, "delta": 1.225082}}
{"target": 1.3808146715164185, "params": {"x1": 0.014097016971033362, "x2": 0.012338991476713105, "x3": 0.01316967998714963, "x4": 0.014594523283809282, "x5": 0.011854492048124334, "x6": 0.007480284242928301, "x7": 0.0021106517975366277, "x8": 0.015690984318262886}, "datetime": {"datetime": "2022-06-27 10:38:36", "elapsed": 211.665997, "delta": 0.457828}}
{"target": 3.222970485687256, "params": {"x1": 0.0, "x2": 0.016, "x3": 0.0, "x4": 0.0, "x5": 0.0, "x6": 0.0, "x7": 0.0, "x8": 0.008347017824632432}, "datetime": {"datetime": "2022-06-27 10:38:37", "elapsed": 212.737255, "delta": 1.071258}}
{"target": 3.2651209831237793, "params": {"x1": 0.0, "x2": 0.0, "x3": 0.0, "x4": 0.008864017001257612, "x5": 0.0, "x6": 0.00564287748628772, "x7": 0.0, "x8": 0.011774176411336745}, "datetime": {"datetime": "2022-06-27 10:38:38", "elapsed": 213.826761, "delta": 1.089506}}
{"target": 3.155174732208252, "params": {"x1": 0.0, "x2": 0.016, "x3": 0.016, "x4": 0.0, "x5": 0.016, "x6": 0.016, "x7": 0.0, "x8": 0.016}, "datetime": {"datetime": "2022-06-27 10:38:39", "elapsed": 214.681888, "delta": 0.855127}}
{"target": 3.3180460929870605, "params": {"x1": 0.0, "x2": 0.0, "x3": 0.016, "x4": 0.011455433565785182, "x5": 0.008516177718097385, "x6": 0.005442776144164283, "x7": 0.0, "x8": 0.0072138201791714495}, "datetime": {"datetime": "2022-06-27 10:38:40", "elapsed": 215.62324, "delta": 0.941352}}
{"target": 3.2853524684906006, "params": {"x1": 0.0, "x2": 0.0, "x3": 0.016, "x4": 0.0, "x5": 0.016, "x6": 0.016, "x7": 0.0, "x8": 0.0}, "datetime": {"datetime": "2022-06-27 10:38:41", "elapsed": 216.450467, "delta": 0.827227}}
{"target": 3.2287447452545166, "params": {"x1": 0.0, "x2": 0.0, "x3": 0.006390648121246958, "x4": 0.009344561601655277, "x5": 0.016, "x6": 0.016, "x7": 0.0, "x8": 0.016}, "datetime": {"datetime": "2022-06-27 10:38:42", "elapsed": 217.424099, "delta": 0.973632}}
{"target": 3.2090561389923096, "params": {"x1": 0.0, "x2": 0.016, "x3": 0.0, "x4": 0.0, "x5": 0.016, "x6": 0.006605735143932138, "x7": 0.0, "x8": 0.008271561619527036}, "datetime": {"datetime": "2022-06-27 10:38:43", "elapsed": 218.384727, "delta": 0.960628}}
{"target": 3.2670929431915283, "params": {"x1": 0.0, "x2": 0.0, "x3": 0.008845532408929262, "x4": 0.014461558008800826, "x5": 0.00675261633482734, "x6": 0.004487988137918735, "x7": 0.0, "x8": 0.0}, "datetime": {"datetime": "2022-06-27 10:38:44", "elapsed": 219.416869, "delta": 1.032142}}
{"target": 3.3481087684631348, "params": {"x1": 0.0, "x2": 0.0, "x3": 0.016, "x4": 0.013334571465001027, "x5": 0.003822059986440864, "x6": 0.003152133173831727, "x7": 0.0, "x8": 0.00348670219849011}, "datetime": {"datetime": "2022-06-27 10:38:45", "elapsed": 220.496186, "delta": 1.079317}}
{"target": 3.096296548843384, "params": {"x1": 0.0, "x2": 0.016, "x3": 0.016, "x4": 0.016, "x5": 0.016, "x6": 0.0, "x7": 0.0, "x8": 0.0}, "datetime": {"datetime": "2022-06-27 10:38:46", "elapsed": 221.31445, "delta": 0.818264}}
{"target": 0.9585079550743103, "params": {"x1": 0.015000235186756998, "x2": 0.004731482107919788, "x3": 0.01103720271501948, "x4": 0.014549877487290428, "x5": 0.011906170125138943, "x6": 0.013588550419098684, "x7": 0.010285926092256611, "x8": 0.012219681517682763}, "datetime": {"datetime": "2022-06-27 10:38:46", "elapsed": 221.80185, "delta": 0.4874}}
{"target": 3.1543562412261963, "params": {"x1": 0.0, "x2": 0.016, "x3": 0.016, "x4": 0.0, "x5": 0.016, "x6": 0.016, "x7": 0.0, "x8": 0.005332226110945343}, "datetime": {"datetime": "2022-06-27 10:38:47", "elapsed": 222.578623, "delta": 0.776773}}
{"target": 1.278566598892212, "params": {"x1": 0.0074487597646297485, "x2": 0.005282936689680358, "x3": 0.0007281636085651204, "x4": 0.013766892800137731, "x5": 0.012662172259549265, "x6": 4.223932073468717e-05, "x7": 0.007346600335063778, "x8": 0.015768883103550197}, "datetime": {"datetime": "2022-06-27 10:38:48", "elapsed": 223.596119, "delta": 1.017496}}
{"target": 3.2608540058135986, "params": {"x1": 0.0, "x2": 0.0, "x3": 0.008642820220782022, "x4": 0.0, "x5": 0.0, "x6": 0.016, "x7": 0.0, "x8": 0.0}, "datetime": {"datetime": "2022-06-27 10:38:49", "elapsed": 224.780306, "delta": 1.184187}}
{"target": 3.280393600463867, "params": {"x1": 0.0, "x2": 0.0, "x3": 0.016, "x4": 0.016, "x5": 0.0, "x6": 0.0, "x7": 0.0, "x8": 0.009900272514050908}, "datetime": {"datetime": "2022-06-27 10:38:51", "elapsed": 226.109963, "delta": 1.329657}}
{"target": 3.1998307704925537, "params": {"x1": 0.0, "x2": 0.0, "x3": 0.0, "x4": 0.00414538703351679, "x5": 0.01263760436382134, "x6": 0.016, "x7": 0.0, "x8": 0.012566376422429894}, "datetime": {"datetime": "2022-06-27 10:38:52", "elapsed": 227.195625, "delta": 1.085662}}
{"target": 2.3949968814849854, "params": {"x1": 0.0008356178194352068, "x2": 0.015549031998633743, "x3": 0.0008302516972977614, "x4": 0.012535073943078689, "x5": 0.0006705322244151084, "x6": 0.004531994518489862, "x7": 0.0014021034396885278, "x8": 0.005059539494841188}, "datetime": {"datetime": "2022-06-27 10:38:52", "elapsed": 227.710802, "delta": 0.515177}}
{"target": 3.151604652404785, "params": {"x1": 0.0, "x2": 0.016, "x3": 0.016, "x4": 0.0, "x5": 0.016, "x6": 0.0, "x7": 0.0, "x8": 0.0}, "datetime": {"datetime": "2022-06-27 10:38:53", "elapsed": 228.950404, "delta": 1.239602}}
{"target": 3.3310022354125977, "params": {"x1": 0.0, "x2": 0.0, "x3": 0.0027757004244033908, "x4": 0.0, "x5": 0.0, "x6": 0.0022179145999993316, "x7": 0.0, "x8": 0.012152924558943857}, "datetime": {"datetime": "2022-06-27 10:38:55", "elapsed": 230.58101, "delta": 1.630606}}
{"target": 3.1541988849639893, "params": {"x1": 0.0, "x2": 0.009012445893948902, "x3": 0.0, "x4": 0.0, "x5": 0.016, "x6": 0.008910796628084335, "x7": 0.0, "x8": 0.0}, "datetime": {"datetime": "2022-06-27 10:38:56", "elapsed": 231.603683, "delta": 1.022673}}
